[1.587s] Invoking command in '/home/kcpham/133ws/build/hw3code': PYTHONPATH=/home/kcpham/133ws/install/hw3code/lib/python3.10/site-packages:${PYTHONPATH} /usr/bin/python3 setup.py develop --prefix /home/kcpham/133ws/install/hw3code --editable --build-directory /home/kcpham/133ws/build/hw3code/build --no-deps install_data --install-dir /home/kcpham/133ws/install/hw3code
[1.913s] running develop
[1.914s] /usr/lib/python3/dist-packages/setuptools/command/easy_install.py:158: EasyInstallDeprecationWarning: easy_install command is deprecated. Use build and pip and other standards-based tools.
[1.914s]   warnings.warn(
[1.917s] /usr/lib/python3/dist-packages/setuptools/command/install.py:34: SetuptoolsDeprecationWarning: setup.py install is deprecated. Use build and pip and other standards-based tools.
[1.917s]   warnings.warn(
[1.993s] /usr/lib/python3/dist-packages/pkg_resources/__init__.py:116: PkgResourcesDeprecationWarning: 1.1build1 is an invalid version and will not be supported in a future release
[1.993s]   warnings.warn(
[1.993s] /usr/lib/python3/dist-packages/pkg_resources/__init__.py:116: PkgResourcesDeprecationWarning: 0.1.43ubuntu1 is an invalid version and will not be supported in a future release
[1.993s]   warnings.warn(
[2.117s] running egg_info
[2.118s] writing hw3code.egg-info/PKG-INFO
[2.119s] writing dependency_links to hw3code.egg-info/dependency_links.txt
[2.122s] writing entry points to hw3code.egg-info/entry_points.txt
[2.123s] writing requirements to hw3code.egg-info/requires.txt
[2.124s] writing top-level names to hw3code.egg-info/top_level.txt
[2.129s] reading manifest file 'hw3code.egg-info/SOURCES.txt'
[2.131s] writing manifest file 'hw3code.egg-info/SOURCES.txt'
[2.133s] running build_ext
[2.133s] Creating /home/kcpham/133ws/install/hw3code/lib/python3.10/site-packages/hw3code.egg-link (link to .)
[2.135s] Installing hw3p3 script to /home/kcpham/133ws/install/hw3code/lib/hw3code
[2.135s] Installing hw3p4 script to /home/kcpham/133ws/install/hw3code/lib/hw3code
[2.135s] Installing hw3p5 script to /home/kcpham/133ws/install/hw3code/lib/hw3code
[2.135s] 
[2.136s] Installed /home/kcpham/133ws/build/hw3code
[2.139s] running install_data
[2.195s] Invoked command in '/home/kcpham/133ws/build/hw3code' returned '0': PYTHONPATH=/home/kcpham/133ws/install/hw3code/lib/python3.10/site-packages:${PYTHONPATH} /usr/bin/python3 setup.py develop --prefix /home/kcpham/133ws/install/hw3code --editable --build-directory /home/kcpham/133ws/build/hw3code/build --no-deps install_data --install-dir /home/kcpham/133ws/install/hw3code
