[1.300s] Invoking command in '/home/kcpham/133ws/build/hw5code': PYTHONPATH=/home/kcpham/133ws/install/hw5code/lib/python3.10/site-packages:${PYTHONPATH} /usr/bin/python3 setup.py develop --prefix /home/kcpham/133ws/install/hw5code --editable --build-directory /home/kcpham/133ws/build/hw5code/build --no-deps install_data --install-dir /home/kcpham/133ws/install/hw5code
[1.530s] running develop
[1.533s] /usr/lib/python3/dist-packages/setuptools/command/easy_install.py:158: EasyInstallDeprecationWarning: easy_install command is deprecated. Use build and pip and other standards-based tools.
[1.533s]   warnings.warn(
[1.535s] /usr/lib/python3/dist-packages/setuptools/command/install.py:34: SetuptoolsDeprecationWarning: setup.py install is deprecated. Use build and pip and other standards-based tools.
[1.535s]   warnings.warn(
[1.589s] /usr/lib/python3/dist-packages/pkg_resources/__init__.py:116: PkgResourcesDeprecationWarning: 1.1build1 is an invalid version and will not be supported in a future release
[1.589s]   warnings.warn(
[1.599s] /usr/lib/python3/dist-packages/pkg_resources/__init__.py:116: PkgResourcesDeprecationWarning: 0.1.43ubuntu1 is an invalid version and will not be supported in a future release
[1.599s]   warnings.warn(
[1.737s] running egg_info
[1.738s] writing hw5code.egg-info/PKG-INFO
[1.739s] writing dependency_links to hw5code.egg-info/dependency_links.txt
[1.740s] writing entry points to hw5code.egg-info/entry_points.txt
[1.740s] writing requirements to hw5code.egg-info/requires.txt
[1.740s] writing top-level names to hw5code.egg-info/top_level.txt
[1.748s] reading manifest file 'hw5code.egg-info/SOURCES.txt'
[1.780s] writing manifest file 'hw5code.egg-info/SOURCES.txt'
[1.780s] running build_ext
[1.780s] Creating /home/kcpham/133ws/install/hw5code/lib/python3.10/site-packages/hw5code.egg-link (link to .)
[1.781s] Installing KinematicChain script to /home/kcpham/133ws/install/hw5code/lib/hw5code
[1.782s] Installing hw4p3sol script to /home/kcpham/133ws/install/hw5code/lib/hw5code
[1.782s] Installing hw4p4sol script to /home/kcpham/133ws/install/hw5code/lib/hw5code
[1.782s] Installing hw5p1 script to /home/kcpham/133ws/install/hw5code/lib/hw5code
[1.782s] Installing hw5p2 script to /home/kcpham/133ws/install/hw5code/lib/hw5code
[1.783s] Installing hw5p2a script to /home/kcpham/133ws/install/hw5code/lib/hw5code
[1.783s] Installing hw5p2b script to /home/kcpham/133ws/install/hw5code/lib/hw5code
[1.783s] Installing hw5p3 script to /home/kcpham/133ws/install/hw5code/lib/hw5code
[1.786s] Installing hw5p4 script to /home/kcpham/133ws/install/hw5code/lib/hw5code
[1.786s] 
[1.786s] Installed /home/kcpham/133ws/build/hw5code
[1.786s] running install_data
[1.847s] Invoked command in '/home/kcpham/133ws/build/hw5code' returned '0': PYTHONPATH=/home/kcpham/133ws/install/hw5code/lib/python3.10/site-packages:${PYTHONPATH} /usr/bin/python3 setup.py develop --prefix /home/kcpham/133ws/install/hw5code --editable --build-directory /home/kcpham/133ws/build/hw5code/build --no-deps install_data --install-dir /home/kcpham/133ws/install/hw5code
