[0.435s] DEBUG:colcon:Command line arguments: ['/usr/bin/colcon', 'build', '--symlink-install']
[0.435s] DEBUG:colcon:Parsed command line arguments: Namespace(log_base=None, log_level=None, verb_name='build', build_base='build', install_base='install', merge_install=False, symlink_install=True, test_result_base=None, continue_on_error=False, executor='parallel', parallel_workers=4, event_handlers=None, ignore_user_meta=False, metas=['./colcon.meta'], base_paths=['.'], packages_ignore=None, packages_ignore_regex=None, paths=None, packages_up_to=None, packages_up_to_regex=None, packages_above=None, packages_above_and_dependencies=None, packages_above_depth=None, packages_select_by_dep=None, packages_skip_by_dep=None, packages_skip_up_to=None, packages_select_build_failed=False, packages_skip_build_finished=False, packages_select_test_failures=False, packages_skip_test_passed=False, packages_select=None, packages_skip=None, packages_select_regex=None, packages_skip_regex=None, packages_start=None, packages_end=None, allow_overriding=[], cmake_args=None, cmake_target=None, cmake_target_skip_unavailable=False, cmake_clean_cache=False, cmake_clean_first=False, cmake_force_configure=False, ament_cmake_args=None, catkin_cmake_args=None, catkin_skip_building_tests=False, verb_parser=<colcon_defaults.argument_parser.defaults.DefaultArgumentsDecorator object at 0x7fd8e15779a0>, verb_extension=<colcon_core.verb.build.BuildVerb object at 0x7fd8e1ebf7f0>, main=<bound method BuildVerb.main of <colcon_core.verb.build.BuildVerb object at 0x7fd8e1ebf7f0>>)
[0.491s] Level 1:colcon.colcon_core.package_discovery:discover_packages(colcon_meta) check parameters
[0.492s] Level 1:colcon.colcon_core.package_discovery:discover_packages(recursive) check parameters
[0.492s] Level 1:colcon.colcon_core.package_discovery:discover_packages(ignore) check parameters
[0.492s] Level 1:colcon.colcon_core.package_discovery:discover_packages(path) check parameters
[0.492s] Level 1:colcon.colcon_core.package_discovery:discover_packages(colcon_meta) discover
[0.492s] Level 1:colcon.colcon_core.package_discovery:discover_packages(recursive) discover
[0.492s] INFO:colcon.colcon_core.package_discovery:Crawling recursively for packages in '/home/kcpham/133ws'
[0.492s] Level 1:colcon.colcon_core.package_identification:_identify(.) by extensions ['ignore', 'ignore_ament_install']
[0.492s] Level 1:colcon.colcon_core.package_identification:_identify(.) by extension 'ignore'
[0.492s] Level 1:colcon.colcon_core.package_identification:_identify(.) by extension 'ignore_ament_install'
[0.492s] Level 1:colcon.colcon_core.package_identification:_identify(.) by extensions ['colcon_pkg']
[0.492s] Level 1:colcon.colcon_core.package_identification:_identify(.) by extension 'colcon_pkg'
[0.492s] Level 1:colcon.colcon_core.package_identification:_identify(.) by extensions ['colcon_meta']
[0.492s] Level 1:colcon.colcon_core.package_identification:_identify(.) by extension 'colcon_meta'
[0.492s] Level 1:colcon.colcon_core.package_identification:_identify(.) by extensions ['ros']
[0.492s] Level 1:colcon.colcon_core.package_identification:_identify(.) by extension 'ros'
[0.509s] Level 1:colcon.colcon_core.package_identification:_identify(.) by extensions ['cmake', 'python']
[0.509s] Level 1:colcon.colcon_core.package_identification:_identify(.) by extension 'cmake'
[0.509s] Level 1:colcon.colcon_core.package_identification:_identify(.) by extension 'python'
[0.509s] Level 1:colcon.colcon_core.package_identification:_identify(.) by extensions ['python_setup_py']
[0.509s] Level 1:colcon.colcon_core.package_identification:_identify(.) by extension 'python_setup_py'
[0.509s] Level 1:colcon.colcon_core.package_identification:_identify(build) by extensions ['ignore', 'ignore_ament_install']
[0.509s] Level 1:colcon.colcon_core.package_identification:_identify(build) by extension 'ignore'
[0.509s] Level 1:colcon.colcon_core.package_identification:_identify(build) ignored
[0.509s] Level 1:colcon.colcon_core.package_identification:_identify(install) by extensions ['ignore', 'ignore_ament_install']
[0.509s] Level 1:colcon.colcon_core.package_identification:_identify(install) by extension 'ignore'
[0.509s] Level 1:colcon.colcon_core.package_identification:_identify(install) ignored
[0.509s] Level 1:colcon.colcon_core.package_identification:_identify(log) by extensions ['ignore', 'ignore_ament_install']
[0.509s] Level 1:colcon.colcon_core.package_identification:_identify(log) by extension 'ignore'
[0.509s] Level 1:colcon.colcon_core.package_identification:_identify(log) ignored
[0.509s] Level 1:colcon.colcon_core.package_identification:_identify(src) by extensions ['ignore', 'ignore_ament_install']
[0.509s] Level 1:colcon.colcon_core.package_identification:_identify(src) by extension 'ignore'
[0.509s] Level 1:colcon.colcon_core.package_identification:_identify(src) by extension 'ignore_ament_install'
[0.509s] Level 1:colcon.colcon_core.package_identification:_identify(src) by extensions ['colcon_pkg']
[0.509s] Level 1:colcon.colcon_core.package_identification:_identify(src) by extension 'colcon_pkg'
[0.510s] Level 1:colcon.colcon_core.package_identification:_identify(src) by extensions ['colcon_meta']
[0.510s] Level 1:colcon.colcon_core.package_identification:_identify(src) by extension 'colcon_meta'
[0.510s] Level 1:colcon.colcon_core.package_identification:_identify(src) by extensions ['ros']
[0.510s] Level 1:colcon.colcon_core.package_identification:_identify(src) by extension 'ros'
[0.510s] Level 1:colcon.colcon_core.package_identification:_identify(src) by extensions ['cmake', 'python']
[0.510s] Level 1:colcon.colcon_core.package_identification:_identify(src) by extension 'cmake'
[0.510s] Level 1:colcon.colcon_core.package_identification:_identify(src) by extension 'python'
[0.510s] Level 1:colcon.colcon_core.package_identification:_identify(src) by extensions ['python_setup_py']
[0.510s] Level 1:colcon.colcon_core.package_identification:_identify(src) by extension 'python_setup_py'
[0.510s] Level 1:colcon.colcon_core.package_identification:_identify(src/atlas_description) by extensions ['ignore', 'ignore_ament_install']
[0.510s] Level 1:colcon.colcon_core.package_identification:_identify(src/atlas_description) by extension 'ignore'
[0.510s] Level 1:colcon.colcon_core.package_identification:_identify(src/atlas_description) by extension 'ignore_ament_install'
[0.510s] Level 1:colcon.colcon_core.package_identification:_identify(src/atlas_description) by extensions ['colcon_pkg']
[0.510s] Level 1:colcon.colcon_core.package_identification:_identify(src/atlas_description) by extension 'colcon_pkg'
[0.510s] Level 1:colcon.colcon_core.package_identification:_identify(src/atlas_description) by extensions ['colcon_meta']
[0.510s] Level 1:colcon.colcon_core.package_identification:_identify(src/atlas_description) by extension 'colcon_meta'
[0.510s] Level 1:colcon.colcon_core.package_identification:_identify(src/atlas_description) by extensions ['ros']
[0.510s] Level 1:colcon.colcon_core.package_identification:_identify(src/atlas_description) by extension 'ros'
[0.514s] DEBUG:colcon.colcon_core.package_identification:Package 'src/atlas_description' with type 'ros.ament_cmake' and name 'atlas_description'
[0.515s] Level 1:colcon.colcon_core.package_identification:_identify(src/hw3code) by extensions ['ignore', 'ignore_ament_install']
[0.515s] Level 1:colcon.colcon_core.package_identification:_identify(src/hw3code) by extension 'ignore'
[0.515s] Level 1:colcon.colcon_core.package_identification:_identify(src/hw3code) by extension 'ignore_ament_install'
[0.515s] Level 1:colcon.colcon_core.package_identification:_identify(src/hw3code) by extensions ['colcon_pkg']
[0.515s] Level 1:colcon.colcon_core.package_identification:_identify(src/hw3code) by extension 'colcon_pkg'
[0.515s] Level 1:colcon.colcon_core.package_identification:_identify(src/hw3code) by extensions ['colcon_meta']
[0.515s] Level 1:colcon.colcon_core.package_identification:_identify(src/hw3code) by extension 'colcon_meta'
[0.515s] Level 1:colcon.colcon_core.package_identification:_identify(src/hw3code) by extensions ['ros']
[0.515s] Level 1:colcon.colcon_core.package_identification:_identify(src/hw3code) by extension 'ros'
[0.516s] DEBUG:colcon.colcon_core.package_identification:Package 'src/hw3code' with type 'ros.ament_python' and name 'hw3code'
[0.516s] Level 1:colcon.colcon_core.package_identification:_identify(src/hw4code) by extensions ['ignore', 'ignore_ament_install']
[0.516s] Level 1:colcon.colcon_core.package_identification:_identify(src/hw4code) by extension 'ignore'
[0.516s] Level 1:colcon.colcon_core.package_identification:_identify(src/hw4code) by extension 'ignore_ament_install'
[0.516s] Level 1:colcon.colcon_core.package_identification:_identify(src/hw4code) by extensions ['colcon_pkg']
[0.516s] Level 1:colcon.colcon_core.package_identification:_identify(src/hw4code) by extension 'colcon_pkg'
[0.516s] Level 1:colcon.colcon_core.package_identification:_identify(src/hw4code) by extensions ['colcon_meta']
[0.516s] Level 1:colcon.colcon_core.package_identification:_identify(src/hw4code) by extension 'colcon_meta'
[0.516s] Level 1:colcon.colcon_core.package_identification:_identify(src/hw4code) by extensions ['ros']
[0.516s] Level 1:colcon.colcon_core.package_identification:_identify(src/hw4code) by extension 'ros'
[0.517s] DEBUG:colcon.colcon_core.package_identification:Package 'src/hw4code' with type 'ros.ament_python' and name 'hw4code'
[0.517s] Level 1:colcon.colcon_core.package_discovery:discover_packages(recursive) using defaults
[0.517s] Level 1:colcon.colcon_core.package_discovery:discover_packages(ignore) discover
[0.517s] Level 1:colcon.colcon_core.package_discovery:discover_packages(ignore) using defaults
[0.517s] Level 1:colcon.colcon_core.package_discovery:discover_packages(path) discover
[0.517s] Level 1:colcon.colcon_core.package_discovery:discover_packages(path) using defaults
[0.561s] Level 1:colcon.colcon_core.package_discovery:discover_packages(prefix_path) check parameters
[0.562s] Level 1:colcon.colcon_core.package_discovery:discover_packages(prefix_path) discover
[0.566s] DEBUG:colcon.colcon_installed_package_information.package_discovery:Found 2 installed packages in /home/kcpham/133ws/install
[0.567s] DEBUG:colcon.colcon_installed_package_information.package_discovery:Found 378 installed packages in /opt/ros/humble
[0.570s] Level 1:colcon.colcon_core.package_discovery:discover_packages(prefix_path) using defaults
[0.631s] Level 5:colcon.colcon_core.verb:set package 'atlas_description' build argument 'cmake_args' from command line to 'None'
[0.631s] Level 5:colcon.colcon_core.verb:set package 'atlas_description' build argument 'cmake_target' from command line to 'None'
[0.631s] Level 5:colcon.colcon_core.verb:set package 'atlas_description' build argument 'cmake_target_skip_unavailable' from command line to 'False'
[0.631s] Level 5:colcon.colcon_core.verb:set package 'atlas_description' build argument 'cmake_clean_cache' from command line to 'False'
[0.631s] Level 5:colcon.colcon_core.verb:set package 'atlas_description' build argument 'cmake_clean_first' from command line to 'False'
[0.631s] Level 5:colcon.colcon_core.verb:set package 'atlas_description' build argument 'cmake_force_configure' from command line to 'False'
[0.631s] Level 5:colcon.colcon_core.verb:set package 'atlas_description' build argument 'ament_cmake_args' from command line to 'None'
[0.631s] Level 5:colcon.colcon_core.verb:set package 'atlas_description' build argument 'catkin_cmake_args' from command line to 'None'
[0.631s] Level 5:colcon.colcon_core.verb:set package 'atlas_description' build argument 'catkin_skip_building_tests' from command line to 'False'
[0.631s] DEBUG:colcon.colcon_core.verb:Building package 'atlas_description' with the following arguments: {'ament_cmake_args': None, 'build_base': '/home/kcpham/133ws/build/atlas_description', 'catkin_cmake_args': None, 'catkin_skip_building_tests': False, 'cmake_args': None, 'cmake_clean_cache': False, 'cmake_clean_first': False, 'cmake_force_configure': False, 'cmake_target': None, 'cmake_target_skip_unavailable': False, 'install_base': '/home/kcpham/133ws/install/atlas_description', 'merge_install': False, 'path': '/home/kcpham/133ws/src/atlas_description', 'symlink_install': True, 'test_result_base': None}
[0.633s] Level 5:colcon.colcon_core.verb:set package 'hw3code' build argument 'cmake_args' from command line to 'None'
[0.633s] Level 5:colcon.colcon_core.verb:set package 'hw3code' build argument 'cmake_target' from command line to 'None'
[0.633s] Level 5:colcon.colcon_core.verb:set package 'hw3code' build argument 'cmake_target_skip_unavailable' from command line to 'False'
[0.633s] Level 5:colcon.colcon_core.verb:set package 'hw3code' build argument 'cmake_clean_cache' from command line to 'False'
[0.633s] Level 5:colcon.colcon_core.verb:set package 'hw3code' build argument 'cmake_clean_first' from command line to 'False'
[0.633s] Level 5:colcon.colcon_core.verb:set package 'hw3code' build argument 'cmake_force_configure' from command line to 'False'
[0.633s] Level 5:colcon.colcon_core.verb:set package 'hw3code' build argument 'ament_cmake_args' from command line to 'None'
[0.633s] Level 5:colcon.colcon_core.verb:set package 'hw3code' build argument 'catkin_cmake_args' from command line to 'None'
[0.633s] Level 5:colcon.colcon_core.verb:set package 'hw3code' build argument 'catkin_skip_building_tests' from command line to 'False'
[0.633s] DEBUG:colcon.colcon_core.verb:Building package 'hw3code' with the following arguments: {'ament_cmake_args': None, 'build_base': '/home/kcpham/133ws/build/hw3code', 'catkin_cmake_args': None, 'catkin_skip_building_tests': False, 'cmake_args': None, 'cmake_clean_cache': False, 'cmake_clean_first': False, 'cmake_force_configure': False, 'cmake_target': None, 'cmake_target_skip_unavailable': False, 'install_base': '/home/kcpham/133ws/install/hw3code', 'merge_install': False, 'path': '/home/kcpham/133ws/src/hw3code', 'symlink_install': True, 'test_result_base': None}
[0.634s] Level 5:colcon.colcon_core.verb:set package 'hw4code' build argument 'cmake_args' from command line to 'None'
[0.634s] Level 5:colcon.colcon_core.verb:set package 'hw4code' build argument 'cmake_target' from command line to 'None'
[0.634s] Level 5:colcon.colcon_core.verb:set package 'hw4code' build argument 'cmake_target_skip_unavailable' from command line to 'False'
[0.634s] Level 5:colcon.colcon_core.verb:set package 'hw4code' build argument 'cmake_clean_cache' from command line to 'False'
[0.634s] Level 5:colcon.colcon_core.verb:set package 'hw4code' build argument 'cmake_clean_first' from command line to 'False'
[0.634s] Level 5:colcon.colcon_core.verb:set package 'hw4code' build argument 'cmake_force_configure' from command line to 'False'
[0.634s] Level 5:colcon.colcon_core.verb:set package 'hw4code' build argument 'ament_cmake_args' from command line to 'None'
[0.634s] Level 5:colcon.colcon_core.verb:set package 'hw4code' build argument 'catkin_cmake_args' from command line to 'None'
[0.634s] Level 5:colcon.colcon_core.verb:set package 'hw4code' build argument 'catkin_skip_building_tests' from command line to 'False'
[0.634s] DEBUG:colcon.colcon_core.verb:Building package 'hw4code' with the following arguments: {'ament_cmake_args': None, 'build_base': '/home/kcpham/133ws/build/hw4code', 'catkin_cmake_args': None, 'catkin_skip_building_tests': False, 'cmake_args': None, 'cmake_clean_cache': False, 'cmake_clean_first': False, 'cmake_force_configure': False, 'cmake_target': None, 'cmake_target_skip_unavailable': False, 'install_base': '/home/kcpham/133ws/install/hw4code', 'merge_install': False, 'path': '/home/kcpham/133ws/src/hw4code', 'symlink_install': True, 'test_result_base': None}
[0.635s] INFO:colcon.colcon_core.executor:Executing jobs using 'parallel' executor
[0.641s] DEBUG:colcon.colcon_parallel_executor.executor.parallel:run_until_complete
[0.643s] INFO:colcon.colcon_ros.task.ament_cmake.build:Building ROS package in '/home/kcpham/133ws/src/atlas_description' with build type 'ament_cmake'
[0.643s] INFO:colcon.colcon_cmake.task.cmake.build:Building CMake package in '/home/kcpham/133ws/src/atlas_description'
[0.649s] INFO:colcon.colcon_core.plugin_system:Skipping extension 'colcon_core.shell.bat': Not used on non-Windows systems
[0.650s] INFO:colcon.colcon_core.shell:Skip shell extension 'powershell' for command environment: Not usable outside of PowerShell
[0.650s] DEBUG:colcon.colcon_core.shell:Skip shell extension 'dsv' for command environment
[0.655s] INFO:colcon.colcon_ros.task.ament_python.build:Building ROS package in '/home/kcpham/133ws/src/hw3code' with build type 'ament_python'
[0.655s] Level 1:colcon.colcon_core.shell:create_environment_hook('hw3code', 'ament_prefix_path')
[0.657s] INFO:colcon.colcon_core.shell:Creating environment hook '/home/kcpham/133ws/install/hw3code/share/hw3code/hook/ament_prefix_path.ps1'
[0.658s] INFO:colcon.colcon_core.shell:Creating environment descriptor '/home/kcpham/133ws/install/hw3code/share/hw3code/hook/ament_prefix_path.dsv'
[0.659s] INFO:colcon.colcon_core.shell:Creating environment hook '/home/kcpham/133ws/install/hw3code/share/hw3code/hook/ament_prefix_path.sh'
[0.662s] INFO:colcon.colcon_core.shell:Skip shell extension 'powershell' for command environment: Not usable outside of PowerShell
[0.662s] DEBUG:colcon.colcon_core.shell:Skip shell extension 'dsv' for command environment
[0.670s] INFO:colcon.colcon_ros.task.ament_python.build:Building ROS package in '/home/kcpham/133ws/src/hw4code' with build type 'ament_python'
[0.670s] Level 1:colcon.colcon_core.shell:create_environment_hook('hw4code', 'ament_prefix_path')
[0.672s] INFO:colcon.colcon_core.shell:Creating environment hook '/home/kcpham/133ws/install/hw4code/share/hw4code/hook/ament_prefix_path.ps1'
[0.673s] INFO:colcon.colcon_core.shell:Creating environment descriptor '/home/kcpham/133ws/install/hw4code/share/hw4code/hook/ament_prefix_path.dsv'
[0.673s] INFO:colcon.colcon_core.shell:Creating environment hook '/home/kcpham/133ws/install/hw4code/share/hw4code/hook/ament_prefix_path.sh'
[0.674s] INFO:colcon.colcon_core.shell:Skip shell extension 'powershell' for command environment: Not usable outside of PowerShell
[0.674s] DEBUG:colcon.colcon_core.shell:Skip shell extension 'dsv' for command environment
[0.686s] DEBUG:colcon.colcon_core.event_handler.log_command:Invoking command in '/home/kcpham/133ws/build/atlas_description': CMAKE_PREFIX_PATH=${CMAKE_PREFIX_PATH}:/home/kcpham/133ws/install/hw3code:/opt/ros/humble /usr/bin/cmake --build /home/kcpham/133ws/build/atlas_description -- -j4 -l4
[0.968s] INFO:colcon.colcon_core.task.python.build:Building Python package in '/home/kcpham/133ws/src/hw3code'
[0.970s] INFO:colcon.colcon_core.shell:Skip shell extension 'powershell' for command environment: Not usable outside of PowerShell
[0.970s] DEBUG:colcon.colcon_core.shell:Skip shell extension 'dsv' for command environment
[0.984s] DEBUG:colcon.colcon_core.event_handler.log_command:Invoked command in '/home/kcpham/133ws/build/atlas_description' returned '0': CMAKE_PREFIX_PATH=${CMAKE_PREFIX_PATH}:/home/kcpham/133ws/install/hw3code:/opt/ros/humble /usr/bin/cmake --build /home/kcpham/133ws/build/atlas_description -- -j4 -l4
[1.201s] INFO:colcon.colcon_core.task.python.build:Building Python package in '/home/kcpham/133ws/src/hw4code'
[1.203s] INFO:colcon.colcon_core.shell:Skip shell extension 'powershell' for command environment: Not usable outside of PowerShell
[1.203s] DEBUG:colcon.colcon_core.shell:Skip shell extension 'dsv' for command environment
[1.235s] DEBUG:colcon.colcon_core.event_handler.log_command:Invoking command in '/home/kcpham/133ws/build/atlas_description': CMAKE_PREFIX_PATH=${CMAKE_PREFIX_PATH}:/home/kcpham/133ws/install/hw3code:/opt/ros/humble /usr/bin/cmake --install /home/kcpham/133ws/build/atlas_description
[1.297s] Level 1:colcon.colcon_core.environment:create_environment_scripts_only(atlas_description)
[1.302s] DEBUG:colcon.colcon_core.event_handler.log_command:Invoked command in '/home/kcpham/133ws/build/atlas_description' returned '0': CMAKE_PREFIX_PATH=${CMAKE_PREFIX_PATH}:/home/kcpham/133ws/install/hw3code:/opt/ros/humble /usr/bin/cmake --install /home/kcpham/133ws/build/atlas_description
[1.307s] Level 1:colcon.colcon_core.environment:checking '/home/kcpham/133ws/install/atlas_description' for CMake module files
[1.308s] Level 1:colcon.colcon_core.environment:checking '/home/kcpham/133ws/install/atlas_description' for CMake config files
[1.308s] Level 1:colcon.colcon_core.shell:create_environment_hook('atlas_description', 'cmake_prefix_path')
[1.309s] INFO:colcon.colcon_core.shell:Creating environment hook '/home/kcpham/133ws/install/atlas_description/share/atlas_description/hook/cmake_prefix_path.ps1'
[1.310s] INFO:colcon.colcon_core.shell:Creating environment descriptor '/home/kcpham/133ws/install/atlas_description/share/atlas_description/hook/cmake_prefix_path.dsv'
[1.311s] INFO:colcon.colcon_core.shell:Creating environment hook '/home/kcpham/133ws/install/atlas_description/share/atlas_description/hook/cmake_prefix_path.sh'
[1.313s] Level 1:colcon.colcon_core.environment:checking '/home/kcpham/133ws/install/atlas_description/bin'
[1.313s] Level 1:colcon.colcon_core.environment:checking '/home/kcpham/133ws/install/atlas_description/lib/pkgconfig/atlas_description.pc'
[1.313s] Level 1:colcon.colcon_core.environment:checking '/home/kcpham/133ws/install/atlas_description/lib/python3.10/site-packages'
[1.313s] Level 1:colcon.colcon_core.environment:checking '/home/kcpham/133ws/install/atlas_description/bin'
[1.315s] INFO:colcon.colcon_core.shell:Creating package script '/home/kcpham/133ws/install/atlas_description/share/atlas_description/package.ps1'
[1.316s] INFO:colcon.colcon_core.shell:Creating package descriptor '/home/kcpham/133ws/install/atlas_description/share/atlas_description/package.dsv'
[1.318s] INFO:colcon.colcon_core.shell:Creating package script '/home/kcpham/133ws/install/atlas_description/share/atlas_description/package.sh'
[1.318s] INFO:colcon.colcon_core.shell:Creating package script '/home/kcpham/133ws/install/atlas_description/share/atlas_description/package.bash'
[1.319s] INFO:colcon.colcon_core.shell:Creating package script '/home/kcpham/133ws/install/atlas_description/share/atlas_description/package.zsh'
[1.320s] Level 1:colcon.colcon_core.environment:create_file_with_runtime_dependencies(/home/kcpham/133ws/install/atlas_description/share/colcon-core/packages/atlas_description)
[1.358s] Level 1:colcon.colcon_core.environment:create_environment_scripts_only(atlas_description)
[1.360s] Level 1:colcon.colcon_core.environment:checking '/home/kcpham/133ws/install/atlas_description' for CMake module files
[1.361s] Level 1:colcon.colcon_core.environment:checking '/home/kcpham/133ws/install/atlas_description' for CMake config files
[1.361s] Level 1:colcon.colcon_core.shell:create_environment_hook('atlas_description', 'cmake_prefix_path')
[1.362s] INFO:colcon.colcon_core.shell:Creating environment hook '/home/kcpham/133ws/install/atlas_description/share/atlas_description/hook/cmake_prefix_path.ps1'
[1.363s] INFO:colcon.colcon_core.shell:Creating environment descriptor '/home/kcpham/133ws/install/atlas_description/share/atlas_description/hook/cmake_prefix_path.dsv'
[1.364s] INFO:colcon.colcon_core.shell:Creating environment hook '/home/kcpham/133ws/install/atlas_description/share/atlas_description/hook/cmake_prefix_path.sh'
[1.365s] Level 1:colcon.colcon_core.environment:checking '/home/kcpham/133ws/install/atlas_description/bin'
[1.365s] Level 1:colcon.colcon_core.environment:checking '/home/kcpham/133ws/install/atlas_description/lib/pkgconfig/atlas_description.pc'
[1.365s] Level 1:colcon.colcon_core.environment:checking '/home/kcpham/133ws/install/atlas_description/lib/python3.10/site-packages'
[1.365s] Level 1:colcon.colcon_core.environment:checking '/home/kcpham/133ws/install/atlas_description/bin'
[1.367s] INFO:colcon.colcon_core.shell:Creating package script '/home/kcpham/133ws/install/atlas_description/share/atlas_description/package.ps1'
[1.368s] INFO:colcon.colcon_core.shell:Creating package descriptor '/home/kcpham/133ws/install/atlas_description/share/atlas_description/package.dsv'
[1.368s] INFO:colcon.colcon_core.shell:Creating package script '/home/kcpham/133ws/install/atlas_description/share/atlas_description/package.sh'
[1.369s] INFO:colcon.colcon_core.shell:Creating package script '/home/kcpham/133ws/install/atlas_description/share/atlas_description/package.bash'
[1.370s] INFO:colcon.colcon_core.shell:Creating package script '/home/kcpham/133ws/install/atlas_description/share/atlas_description/package.zsh'
[1.370s] Level 1:colcon.colcon_core.environment:create_file_with_runtime_dependencies(/home/kcpham/133ws/install/atlas_description/share/colcon-core/packages/atlas_description)
[1.607s] DEBUG:colcon.colcon_core.event_handler.log_command:Invoking command in '/home/kcpham/133ws/build/hw4code': PYTHONPATH=/home/kcpham/133ws/install/hw4code/lib/python3.10/site-packages:${PYTHONPATH} /usr/bin/python3 setup.py develop --prefix /home/kcpham/133ws/install/hw4code --editable --build-directory /home/kcpham/133ws/build/hw4code/build --no-deps install_data --install-dir /home/kcpham/133ws/install/hw4code
[1.613s] DEBUG:colcon.colcon_core.event_handler.log_command:Invoking command in '/home/kcpham/133ws/build/hw3code': PYTHONPATH=/home/kcpham/133ws/install/hw3code/lib/python3.10/site-packages:${PYTHONPATH} /usr/bin/python3 setup.py develop --prefix /home/kcpham/133ws/install/hw3code --editable --build-directory /home/kcpham/133ws/build/hw3code/build --no-deps install_data --install-dir /home/kcpham/133ws/install/hw3code
[1.996s] Level 1:colcon.colcon_core.shell:create_environment_hook('hw4code', 'pythonpath_develop')
[1.997s] INFO:colcon.colcon_core.shell:Creating environment hook '/home/kcpham/133ws/build/hw4code/share/hw4code/hook/pythonpath_develop.ps1'
[1.998s] INFO:colcon.colcon_core.shell:Creating environment descriptor '/home/kcpham/133ws/build/hw4code/share/hw4code/hook/pythonpath_develop.dsv'
[1.998s] INFO:colcon.colcon_core.shell:Creating environment hook '/home/kcpham/133ws/build/hw4code/share/hw4code/hook/pythonpath_develop.sh'
[1.999s] Level 1:colcon.colcon_core.environment:checking '/home/kcpham/133ws/install/hw4code' for CMake module files
[2.000s] Level 1:colcon.colcon_core.environment:checking '/home/kcpham/133ws/install/hw4code' for CMake config files
[2.000s] Level 1:colcon.colcon_core.environment:checking '/home/kcpham/133ws/install/hw4code/lib'
[2.000s] Level 1:colcon.colcon_core.environment:checking '/home/kcpham/133ws/install/hw4code/bin'
[2.000s] Level 1:colcon.colcon_core.environment:checking '/home/kcpham/133ws/install/hw4code/lib/pkgconfig/hw4code.pc'
[2.000s] Level 1:colcon.colcon_core.environment:checking '/home/kcpham/133ws/install/hw4code/lib/python3.10/site-packages'
[2.001s] Level 1:colcon.colcon_core.shell:create_environment_hook('hw4code', 'pythonpath')
[2.001s] INFO:colcon.colcon_core.shell:Creating environment hook '/home/kcpham/133ws/install/hw4code/share/hw4code/hook/pythonpath.ps1'
[2.002s] INFO:colcon.colcon_core.shell:Creating environment descriptor '/home/kcpham/133ws/install/hw4code/share/hw4code/hook/pythonpath.dsv'
[2.002s] INFO:colcon.colcon_core.shell:Creating environment hook '/home/kcpham/133ws/install/hw4code/share/hw4code/hook/pythonpath.sh'
[2.003s] Level 1:colcon.colcon_core.environment:checking '/home/kcpham/133ws/install/hw4code/bin'
[2.003s] Level 1:colcon.colcon_core.environment:create_environment_scripts_only(hw4code)
[2.004s] INFO:colcon.colcon_core.shell:Creating package script '/home/kcpham/133ws/install/hw4code/share/hw4code/package.ps1'
[2.004s] INFO:colcon.colcon_core.shell:Creating package descriptor '/home/kcpham/133ws/install/hw4code/share/hw4code/package.dsv'
[2.004s] INFO:colcon.colcon_core.shell:Creating package script '/home/kcpham/133ws/install/hw4code/share/hw4code/package.sh'
[2.005s] INFO:colcon.colcon_core.shell:Creating package script '/home/kcpham/133ws/install/hw4code/share/hw4code/package.bash'
[2.005s] INFO:colcon.colcon_core.shell:Creating package script '/home/kcpham/133ws/install/hw4code/share/hw4code/package.zsh'
[2.005s] Level 1:colcon.colcon_core.environment:create_file_with_runtime_dependencies(/home/kcpham/133ws/install/hw4code/share/colcon-core/packages/hw4code)
[2.006s] DEBUG:colcon.colcon_core.event_handler.log_command:Invoked command in '/home/kcpham/133ws/build/hw4code' returned '0': PYTHONPATH=/home/kcpham/133ws/install/hw4code/lib/python3.10/site-packages:${PYTHONPATH} /usr/bin/python3 setup.py develop --prefix /home/kcpham/133ws/install/hw4code --editable --build-directory /home/kcpham/133ws/build/hw4code/build --no-deps install_data --install-dir /home/kcpham/133ws/install/hw4code
[2.015s] Level 1:colcon.colcon_core.shell:create_environment_hook('hw3code', 'pythonpath_develop')
[2.015s] DEBUG:colcon.colcon_core.event_handler.log_command:Invoked command in '/home/kcpham/133ws/build/hw3code' returned '0': PYTHONPATH=/home/kcpham/133ws/install/hw3code/lib/python3.10/site-packages:${PYTHONPATH} /usr/bin/python3 setup.py develop --prefix /home/kcpham/133ws/install/hw3code --editable --build-directory /home/kcpham/133ws/build/hw3code/build --no-deps install_data --install-dir /home/kcpham/133ws/install/hw3code
[2.017s] INFO:colcon.colcon_core.shell:Creating environment hook '/home/kcpham/133ws/build/hw3code/share/hw3code/hook/pythonpath_develop.ps1'
[2.023s] INFO:colcon.colcon_core.shell:Creating environment descriptor '/home/kcpham/133ws/build/hw3code/share/hw3code/hook/pythonpath_develop.dsv'
[2.023s] INFO:colcon.colcon_core.shell:Creating environment hook '/home/kcpham/133ws/build/hw3code/share/hw3code/hook/pythonpath_develop.sh'
[2.027s] Level 1:colcon.colcon_core.environment:checking '/home/kcpham/133ws/install/hw3code' for CMake module files
[2.027s] Level 1:colcon.colcon_core.environment:checking '/home/kcpham/133ws/install/hw3code' for CMake config files
[2.029s] Level 1:colcon.colcon_core.environment:checking '/home/kcpham/133ws/install/hw3code/lib'
[2.029s] Level 1:colcon.colcon_core.environment:checking '/home/kcpham/133ws/install/hw3code/bin'
[2.029s] Level 1:colcon.colcon_core.environment:checking '/home/kcpham/133ws/install/hw3code/lib/pkgconfig/hw3code.pc'
[2.029s] Level 1:colcon.colcon_core.environment:checking '/home/kcpham/133ws/install/hw3code/lib/python3.10/site-packages'
[2.029s] Level 1:colcon.colcon_core.shell:create_environment_hook('hw3code', 'pythonpath')
[2.030s] INFO:colcon.colcon_core.shell:Creating environment hook '/home/kcpham/133ws/install/hw3code/share/hw3code/hook/pythonpath.ps1'
[2.031s] INFO:colcon.colcon_core.shell:Creating environment descriptor '/home/kcpham/133ws/install/hw3code/share/hw3code/hook/pythonpath.dsv'
[2.032s] INFO:colcon.colcon_core.shell:Creating environment hook '/home/kcpham/133ws/install/hw3code/share/hw3code/hook/pythonpath.sh'
[2.033s] Level 1:colcon.colcon_core.environment:checking '/home/kcpham/133ws/install/hw3code/bin'
[2.033s] Level 1:colcon.colcon_core.environment:create_environment_scripts_only(hw3code)
[2.036s] INFO:colcon.colcon_core.shell:Creating package script '/home/kcpham/133ws/install/hw3code/share/hw3code/package.ps1'
[2.039s] INFO:colcon.colcon_core.shell:Creating package descriptor '/home/kcpham/133ws/install/hw3code/share/hw3code/package.dsv'
[2.041s] INFO:colcon.colcon_core.shell:Creating package script '/home/kcpham/133ws/install/hw3code/share/hw3code/package.sh'
[2.042s] INFO:colcon.colcon_core.shell:Creating package script '/home/kcpham/133ws/install/hw3code/share/hw3code/package.bash'
[2.043s] INFO:colcon.colcon_core.shell:Creating package script '/home/kcpham/133ws/install/hw3code/share/hw3code/package.zsh'
[2.043s] Level 1:colcon.colcon_core.environment:create_file_with_runtime_dependencies(/home/kcpham/133ws/install/hw3code/share/colcon-core/packages/hw3code)
[2.044s] DEBUG:colcon.colcon_parallel_executor.executor.parallel:closing loop
[2.045s] DEBUG:colcon.colcon_parallel_executor.executor.parallel:loop closed
[2.045s] DEBUG:colcon.colcon_parallel_executor.executor.parallel:run_until_complete finished with '0'
[2.045s] DEBUG:colcon.colcon_core.event_reactor:joining thread
[2.063s] INFO:colcon.colcon_core.plugin_system:Skipping extension 'colcon_notification.desktop_notification.terminal_notifier': Not used on non-Darwin systems
[2.063s] INFO:colcon.colcon_core.plugin_system:Skipping extension 'colcon_notification.desktop_notification.win32': Not used on non-Windows systems
[2.063s] INFO:colcon.colcon_notification.desktop_notification:Sending desktop notification using 'notify2'
[2.097s] DEBUG:colcon.colcon_core.event_reactor:joined thread
[2.098s] INFO:colcon.colcon_core.shell:Creating prefix script '/home/kcpham/133ws/install/local_setup.ps1'
[2.099s] INFO:colcon.colcon_core.shell:Creating prefix util module '/home/kcpham/133ws/install/_local_setup_util_ps1.py'
[2.101s] INFO:colcon.colcon_core.shell:Creating prefix chain script '/home/kcpham/133ws/install/setup.ps1'
[2.103s] INFO:colcon.colcon_core.shell:Creating prefix script '/home/kcpham/133ws/install/local_setup.sh'
[2.103s] INFO:colcon.colcon_core.shell:Creating prefix util module '/home/kcpham/133ws/install/_local_setup_util_sh.py'
[2.107s] INFO:colcon.colcon_core.shell:Creating prefix chain script '/home/kcpham/133ws/install/setup.sh'
[2.111s] INFO:colcon.colcon_core.shell:Creating prefix script '/home/kcpham/133ws/install/local_setup.bash'
[2.112s] INFO:colcon.colcon_core.shell:Creating prefix chain script '/home/kcpham/133ws/install/setup.bash'
[2.114s] INFO:colcon.colcon_core.shell:Creating prefix script '/home/kcpham/133ws/install/local_setup.zsh'
[2.115s] INFO:colcon.colcon_core.shell:Creating prefix chain script '/home/kcpham/133ws/install/setup.zsh'
