[0.939s] DEBUG:colcon:Command line arguments: ['/usr/bin/colcon', 'build', '--symlink-install']
[0.939s] DEBUG:colcon:Parsed command line arguments: Namespace(log_base=None, log_level=None, verb_name='build', build_base='build', install_base='install', merge_install=False, symlink_install=True, test_result_base=None, continue_on_error=False, executor='parallel', parallel_workers=4, event_handlers=None, ignore_user_meta=False, metas=['./colcon.meta'], base_paths=['.'], packages_ignore=None, packages_ignore_regex=None, paths=None, packages_up_to=None, packages_up_to_regex=None, packages_above=None, packages_above_and_dependencies=None, packages_above_depth=None, packages_select_by_dep=None, packages_skip_by_dep=None, packages_skip_up_to=None, packages_select_build_failed=False, packages_skip_build_finished=False, packages_select_test_failures=False, packages_skip_test_passed=False, packages_select=None, packages_skip=None, packages_select_regex=None, packages_skip_regex=None, packages_start=None, packages_end=None, allow_overriding=[], cmake_args=None, cmake_target=None, cmake_target_skip_unavailable=False, cmake_clean_cache=False, cmake_clean_first=False, cmake_force_configure=False, ament_cmake_args=None, catkin_cmake_args=None, catkin_skip_building_tests=False, verb_parser=<colcon_defaults.argument_parser.defaults.DefaultArgumentsDecorator object at 0x7fc52d7ab100>, verb_extension=<colcon_core.verb.build.BuildVerb object at 0x7fc52d94fe80>, main=<bound method BuildVerb.main of <colcon_core.verb.build.BuildVerb object at 0x7fc52d94fe80>>)
[1.020s] Level 1:colcon.colcon_core.package_discovery:discover_packages(colcon_meta) check parameters
[1.020s] Level 1:colcon.colcon_core.package_discovery:discover_packages(recursive) check parameters
[1.020s] Level 1:colcon.colcon_core.package_discovery:discover_packages(ignore) check parameters
[1.020s] Level 1:colcon.colcon_core.package_discovery:discover_packages(path) check parameters
[1.021s] Level 1:colcon.colcon_core.package_discovery:discover_packages(colcon_meta) discover
[1.021s] Level 1:colcon.colcon_core.package_discovery:discover_packages(recursive) discover
[1.021s] INFO:colcon.colcon_core.package_discovery:Crawling recursively for packages in '/home/kcpham/133ws'
[1.021s] Level 1:colcon.colcon_core.package_identification:_identify(.) by extensions ['ignore', 'ignore_ament_install']
[1.021s] Level 1:colcon.colcon_core.package_identification:_identify(.) by extension 'ignore'
[1.021s] Level 1:colcon.colcon_core.package_identification:_identify(.) by extension 'ignore_ament_install'
[1.021s] Level 1:colcon.colcon_core.package_identification:_identify(.) by extensions ['colcon_pkg']
[1.021s] Level 1:colcon.colcon_core.package_identification:_identify(.) by extension 'colcon_pkg'
[1.021s] Level 1:colcon.colcon_core.package_identification:_identify(.) by extensions ['colcon_meta']
[1.021s] Level 1:colcon.colcon_core.package_identification:_identify(.) by extension 'colcon_meta'
[1.021s] Level 1:colcon.colcon_core.package_identification:_identify(.) by extensions ['ros']
[1.021s] Level 1:colcon.colcon_core.package_identification:_identify(.) by extension 'ros'
[1.041s] Level 1:colcon.colcon_core.package_identification:_identify(.) by extensions ['cmake', 'python']
[1.042s] Level 1:colcon.colcon_core.package_identification:_identify(.) by extension 'cmake'
[1.042s] Level 1:colcon.colcon_core.package_identification:_identify(.) by extension 'python'
[1.042s] Level 1:colcon.colcon_core.package_identification:_identify(.) by extensions ['python_setup_py']
[1.042s] Level 1:colcon.colcon_core.package_identification:_identify(.) by extension 'python_setup_py'
[1.042s] Level 1:colcon.colcon_core.package_identification:_identify(build) by extensions ['ignore', 'ignore_ament_install']
[1.042s] Level 1:colcon.colcon_core.package_identification:_identify(build) by extension 'ignore'
[1.042s] Level 1:colcon.colcon_core.package_identification:_identify(build) ignored
[1.042s] Level 1:colcon.colcon_core.package_identification:_identify(install) by extensions ['ignore', 'ignore_ament_install']
[1.042s] Level 1:colcon.colcon_core.package_identification:_identify(install) by extension 'ignore'
[1.042s] Level 1:colcon.colcon_core.package_identification:_identify(install) ignored
[1.042s] Level 1:colcon.colcon_core.package_identification:_identify(log) by extensions ['ignore', 'ignore_ament_install']
[1.042s] Level 1:colcon.colcon_core.package_identification:_identify(log) by extension 'ignore'
[1.042s] Level 1:colcon.colcon_core.package_identification:_identify(log) ignored
[1.042s] Level 1:colcon.colcon_core.package_identification:_identify(src) by extensions ['ignore', 'ignore_ament_install']
[1.042s] Level 1:colcon.colcon_core.package_identification:_identify(src) by extension 'ignore'
[1.042s] Level 1:colcon.colcon_core.package_identification:_identify(src) by extension 'ignore_ament_install'
[1.042s] Level 1:colcon.colcon_core.package_identification:_identify(src) by extensions ['colcon_pkg']
[1.042s] Level 1:colcon.colcon_core.package_identification:_identify(src) by extension 'colcon_pkg'
[1.042s] Level 1:colcon.colcon_core.package_identification:_identify(src) by extensions ['colcon_meta']
[1.042s] Level 1:colcon.colcon_core.package_identification:_identify(src) by extension 'colcon_meta'
[1.042s] Level 1:colcon.colcon_core.package_identification:_identify(src) by extensions ['ros']
[1.042s] Level 1:colcon.colcon_core.package_identification:_identify(src) by extension 'ros'
[1.042s] Level 1:colcon.colcon_core.package_identification:_identify(src) by extensions ['cmake', 'python']
[1.042s] Level 1:colcon.colcon_core.package_identification:_identify(src) by extension 'cmake'
[1.042s] Level 1:colcon.colcon_core.package_identification:_identify(src) by extension 'python'
[1.043s] Level 1:colcon.colcon_core.package_identification:_identify(src) by extensions ['python_setup_py']
[1.043s] Level 1:colcon.colcon_core.package_identification:_identify(src) by extension 'python_setup_py'
[1.043s] Level 1:colcon.colcon_core.package_identification:_identify(src/atlas_description) by extensions ['ignore', 'ignore_ament_install']
[1.043s] Level 1:colcon.colcon_core.package_identification:_identify(src/atlas_description) by extension 'ignore'
[1.043s] Level 1:colcon.colcon_core.package_identification:_identify(src/atlas_description) by extension 'ignore_ament_install'
[1.043s] Level 1:colcon.colcon_core.package_identification:_identify(src/atlas_description) by extensions ['colcon_pkg']
[1.043s] Level 1:colcon.colcon_core.package_identification:_identify(src/atlas_description) by extension 'colcon_pkg'
[1.043s] Level 1:colcon.colcon_core.package_identification:_identify(src/atlas_description) by extensions ['colcon_meta']
[1.043s] Level 1:colcon.colcon_core.package_identification:_identify(src/atlas_description) by extension 'colcon_meta'
[1.043s] Level 1:colcon.colcon_core.package_identification:_identify(src/atlas_description) by extensions ['ros']
[1.043s] Level 1:colcon.colcon_core.package_identification:_identify(src/atlas_description) by extension 'ros'
[1.049s] DEBUG:colcon.colcon_core.package_identification:Package 'src/atlas_description' with type 'ros.ament_cmake' and name 'atlas_description'
[1.049s] Level 1:colcon.colcon_core.package_identification:_identify(src/hw3code) by extensions ['ignore', 'ignore_ament_install']
[1.049s] Level 1:colcon.colcon_core.package_identification:_identify(src/hw3code) by extension 'ignore'
[1.049s] Level 1:colcon.colcon_core.package_identification:_identify(src/hw3code) by extension 'ignore_ament_install'
[1.049s] Level 1:colcon.colcon_core.package_identification:_identify(src/hw3code) by extensions ['colcon_pkg']
[1.049s] Level 1:colcon.colcon_core.package_identification:_identify(src/hw3code) by extension 'colcon_pkg'
[1.050s] Level 1:colcon.colcon_core.package_identification:_identify(src/hw3code) by extensions ['colcon_meta']
[1.050s] Level 1:colcon.colcon_core.package_identification:_identify(src/hw3code) by extension 'colcon_meta'
[1.050s] Level 1:colcon.colcon_core.package_identification:_identify(src/hw3code) by extensions ['ros']
[1.050s] Level 1:colcon.colcon_core.package_identification:_identify(src/hw3code) by extension 'ros'
[1.050s] DEBUG:colcon.colcon_core.package_identification:Package 'src/hw3code' with type 'ros.ament_python' and name 'hw3code'
[1.050s] Level 1:colcon.colcon_core.package_discovery:discover_packages(recursive) using defaults
[1.050s] Level 1:colcon.colcon_core.package_discovery:discover_packages(ignore) discover
[1.050s] Level 1:colcon.colcon_core.package_discovery:discover_packages(ignore) using defaults
[1.050s] Level 1:colcon.colcon_core.package_discovery:discover_packages(path) discover
[1.050s] Level 1:colcon.colcon_core.package_discovery:discover_packages(path) using defaults
[1.104s] Level 1:colcon.colcon_core.package_discovery:discover_packages(prefix_path) check parameters
[1.104s] Level 1:colcon.colcon_core.package_discovery:discover_packages(prefix_path) discover
[1.113s] DEBUG:colcon.colcon_installed_package_information.package_discovery:Found 1 installed packages in /home/kcpham/133ws/install
[1.114s] DEBUG:colcon.colcon_installed_package_information.package_discovery:Found 378 installed packages in /opt/ros/humble
[1.115s] Level 1:colcon.colcon_core.package_discovery:discover_packages(prefix_path) using defaults
[1.171s] Level 5:colcon.colcon_core.verb:set package 'atlas_description' build argument 'cmake_args' from command line to 'None'
[1.171s] Level 5:colcon.colcon_core.verb:set package 'atlas_description' build argument 'cmake_target' from command line to 'None'
[1.171s] Level 5:colcon.colcon_core.verb:set package 'atlas_description' build argument 'cmake_target_skip_unavailable' from command line to 'False'
[1.171s] Level 5:colcon.colcon_core.verb:set package 'atlas_description' build argument 'cmake_clean_cache' from command line to 'False'
[1.171s] Level 5:colcon.colcon_core.verb:set package 'atlas_description' build argument 'cmake_clean_first' from command line to 'False'
[1.171s] Level 5:colcon.colcon_core.verb:set package 'atlas_description' build argument 'cmake_force_configure' from command line to 'False'
[1.171s] Level 5:colcon.colcon_core.verb:set package 'atlas_description' build argument 'ament_cmake_args' from command line to 'None'
[1.171s] Level 5:colcon.colcon_core.verb:set package 'atlas_description' build argument 'catkin_cmake_args' from command line to 'None'
[1.171s] Level 5:colcon.colcon_core.verb:set package 'atlas_description' build argument 'catkin_skip_building_tests' from command line to 'False'
[1.171s] DEBUG:colcon.colcon_core.verb:Building package 'atlas_description' with the following arguments: {'ament_cmake_args': None, 'build_base': '/home/kcpham/133ws/build/atlas_description', 'catkin_cmake_args': None, 'catkin_skip_building_tests': False, 'cmake_args': None, 'cmake_clean_cache': False, 'cmake_clean_first': False, 'cmake_force_configure': False, 'cmake_target': None, 'cmake_target_skip_unavailable': False, 'install_base': '/home/kcpham/133ws/install/atlas_description', 'merge_install': False, 'path': '/home/kcpham/133ws/src/atlas_description', 'symlink_install': True, 'test_result_base': None}
[1.172s] Level 5:colcon.colcon_core.verb:set package 'hw3code' build argument 'cmake_args' from command line to 'None'
[1.172s] Level 5:colcon.colcon_core.verb:set package 'hw3code' build argument 'cmake_target' from command line to 'None'
[1.172s] Level 5:colcon.colcon_core.verb:set package 'hw3code' build argument 'cmake_target_skip_unavailable' from command line to 'False'
[1.172s] Level 5:colcon.colcon_core.verb:set package 'hw3code' build argument 'cmake_clean_cache' from command line to 'False'
[1.172s] Level 5:colcon.colcon_core.verb:set package 'hw3code' build argument 'cmake_clean_first' from command line to 'False'
[1.172s] Level 5:colcon.colcon_core.verb:set package 'hw3code' build argument 'cmake_force_configure' from command line to 'False'
[1.172s] Level 5:colcon.colcon_core.verb:set package 'hw3code' build argument 'ament_cmake_args' from command line to 'None'
[1.172s] Level 5:colcon.colcon_core.verb:set package 'hw3code' build argument 'catkin_cmake_args' from command line to 'None'
[1.172s] Level 5:colcon.colcon_core.verb:set package 'hw3code' build argument 'catkin_skip_building_tests' from command line to 'False'
[1.173s] DEBUG:colcon.colcon_core.verb:Building package 'hw3code' with the following arguments: {'ament_cmake_args': None, 'build_base': '/home/kcpham/133ws/build/hw3code', 'catkin_cmake_args': None, 'catkin_skip_building_tests': False, 'cmake_args': None, 'cmake_clean_cache': False, 'cmake_clean_first': False, 'cmake_force_configure': False, 'cmake_target': None, 'cmake_target_skip_unavailable': False, 'install_base': '/home/kcpham/133ws/install/hw3code', 'merge_install': False, 'path': '/home/kcpham/133ws/src/hw3code', 'symlink_install': True, 'test_result_base': None}
[1.173s] INFO:colcon.colcon_core.executor:Executing jobs using 'parallel' executor
[1.177s] DEBUG:colcon.colcon_parallel_executor.executor.parallel:run_until_complete
[1.177s] INFO:colcon.colcon_ros.task.ament_cmake.build:Building ROS package in '/home/kcpham/133ws/src/atlas_description' with build type 'ament_cmake'
[1.177s] INFO:colcon.colcon_cmake.task.cmake.build:Building CMake package in '/home/kcpham/133ws/src/atlas_description'
[1.198s] INFO:colcon.colcon_core.plugin_system:Skipping extension 'colcon_core.shell.bat': Not used on non-Windows systems
[1.198s] INFO:colcon.colcon_core.shell:Skip shell extension 'powershell' for command environment: Not usable outside of PowerShell
[1.198s] DEBUG:colcon.colcon_core.shell:Skip shell extension 'dsv' for command environment
[1.208s] INFO:colcon.colcon_ros.task.ament_python.build:Building ROS package in '/home/kcpham/133ws/src/hw3code' with build type 'ament_python'
[1.209s] Level 1:colcon.colcon_core.shell:create_environment_hook('hw3code', 'ament_prefix_path')
[1.210s] INFO:colcon.colcon_core.shell:Creating environment hook '/home/kcpham/133ws/install/hw3code/share/hw3code/hook/ament_prefix_path.ps1'
[1.212s] INFO:colcon.colcon_core.shell:Creating environment descriptor '/home/kcpham/133ws/install/hw3code/share/hw3code/hook/ament_prefix_path.dsv'
[1.213s] INFO:colcon.colcon_core.shell:Creating environment hook '/home/kcpham/133ws/install/hw3code/share/hw3code/hook/ament_prefix_path.sh'
[1.214s] INFO:colcon.colcon_core.shell:Skip shell extension 'powershell' for command environment: Not usable outside of PowerShell
[1.214s] DEBUG:colcon.colcon_core.shell:Skip shell extension 'dsv' for command environment
[1.229s] DEBUG:colcon.colcon_core.event_handler.log_command:Invoking command in '/home/kcpham/133ws/build/atlas_description': CMAKE_PREFIX_PATH=${CMAKE_PREFIX_PATH}:/opt/ros/humble /usr/bin/cmake /home/kcpham/133ws/src/atlas_description -DAMENT_CMAKE_SYMLINK_INSTALL=1 -DCMAKE_INSTALL_PREFIX=/home/kcpham/133ws/install/atlas_description
[1.439s] INFO:colcon.colcon_core.task.python.build:Building Python package in '/home/kcpham/133ws/src/hw3code'
[1.440s] INFO:colcon.colcon_core.shell:Skip shell extension 'powershell' for command environment: Not usable outside of PowerShell
[1.440s] DEBUG:colcon.colcon_core.shell:Skip shell extension 'dsv' for command environment
[1.670s] DEBUG:colcon.colcon_core.event_handler.log_command:Invoked command in '/home/kcpham/133ws/build/atlas_description' returned '0': CMAKE_PREFIX_PATH=${CMAKE_PREFIX_PATH}:/opt/ros/humble /usr/bin/cmake /home/kcpham/133ws/src/atlas_description -DAMENT_CMAKE_SYMLINK_INSTALL=1 -DCMAKE_INSTALL_PREFIX=/home/kcpham/133ws/install/atlas_description
[1.672s] DEBUG:colcon.colcon_core.event_handler.log_command:Invoking command in '/home/kcpham/133ws/build/atlas_description': CMAKE_PREFIX_PATH=${CMAKE_PREFIX_PATH}:/opt/ros/humble /usr/bin/cmake --build /home/kcpham/133ws/build/atlas_description -- -j4 -l4
[1.709s] DEBUG:colcon.colcon_core.event_handler.log_command:Invoked command in '/home/kcpham/133ws/build/atlas_description' returned '0': CMAKE_PREFIX_PATH=${CMAKE_PREFIX_PATH}:/opt/ros/humble /usr/bin/cmake --build /home/kcpham/133ws/build/atlas_description -- -j4 -l4
[1.752s] DEBUG:colcon.colcon_core.event_handler.log_command:Invoking command in '/home/kcpham/133ws/build/atlas_description': CMAKE_PREFIX_PATH=${CMAKE_PREFIX_PATH}:/opt/ros/humble /usr/bin/cmake --install /home/kcpham/133ws/build/atlas_description
[1.898s] DEBUG:colcon.colcon_core.event_handler.log_command:Invoking command in '/home/kcpham/133ws/build/hw3code': PYTHONPATH=/home/kcpham/133ws/install/hw3code/lib/python3.10/site-packages:${PYTHONPATH} /usr/bin/python3 setup.py develop --prefix /home/kcpham/133ws/install/hw3code --editable --build-directory /home/kcpham/133ws/build/hw3code/build --no-deps install_data --install-dir /home/kcpham/133ws/install/hw3code
[2.258s] Level 1:colcon.colcon_core.shell:create_environment_hook('hw3code', 'pythonpath_develop')
[2.259s] INFO:colcon.colcon_core.shell:Creating environment hook '/home/kcpham/133ws/build/hw3code/share/hw3code/hook/pythonpath_develop.ps1'
[2.259s] DEBUG:colcon.colcon_core.event_handler.log_command:Invoked command in '/home/kcpham/133ws/build/hw3code' returned '0': PYTHONPATH=/home/kcpham/133ws/install/hw3code/lib/python3.10/site-packages:${PYTHONPATH} /usr/bin/python3 setup.py develop --prefix /home/kcpham/133ws/install/hw3code --editable --build-directory /home/kcpham/133ws/build/hw3code/build --no-deps install_data --install-dir /home/kcpham/133ws/install/hw3code
[2.260s] INFO:colcon.colcon_core.shell:Creating environment descriptor '/home/kcpham/133ws/build/hw3code/share/hw3code/hook/pythonpath_develop.dsv'
[2.260s] INFO:colcon.colcon_core.shell:Creating environment hook '/home/kcpham/133ws/build/hw3code/share/hw3code/hook/pythonpath_develop.sh'
[2.282s] Level 1:colcon.colcon_core.environment:checking '/home/kcpham/133ws/install/hw3code' for CMake module files
[2.282s] Level 1:colcon.colcon_core.environment:checking '/home/kcpham/133ws/install/hw3code' for CMake config files
[2.282s] Level 1:colcon.colcon_core.environment:checking '/home/kcpham/133ws/install/hw3code/lib'
[2.282s] Level 1:colcon.colcon_core.environment:checking '/home/kcpham/133ws/install/hw3code/bin'
[2.283s] Level 1:colcon.colcon_core.environment:checking '/home/kcpham/133ws/install/hw3code/lib/pkgconfig/hw3code.pc'
[2.283s] Level 1:colcon.colcon_core.environment:checking '/home/kcpham/133ws/install/hw3code/lib/python3.10/site-packages'
[2.283s] Level 1:colcon.colcon_core.shell:create_environment_hook('hw3code', 'pythonpath')
[2.284s] INFO:colcon.colcon_core.shell:Creating environment hook '/home/kcpham/133ws/install/hw3code/share/hw3code/hook/pythonpath.ps1'
[2.285s] INFO:colcon.colcon_core.shell:Creating environment descriptor '/home/kcpham/133ws/install/hw3code/share/hw3code/hook/pythonpath.dsv'
[2.285s] INFO:colcon.colcon_core.shell:Creating environment hook '/home/kcpham/133ws/install/hw3code/share/hw3code/hook/pythonpath.sh'
[2.285s] Level 1:colcon.colcon_core.environment:checking '/home/kcpham/133ws/install/hw3code/bin'
[2.286s] Level 1:colcon.colcon_core.environment:create_environment_scripts_only(hw3code)
[2.286s] INFO:colcon.colcon_core.shell:Creating package script '/home/kcpham/133ws/install/hw3code/share/hw3code/package.ps1'
[2.288s] INFO:colcon.colcon_core.shell:Creating package descriptor '/home/kcpham/133ws/install/hw3code/share/hw3code/package.dsv'
[2.290s] INFO:colcon.colcon_core.shell:Creating package script '/home/kcpham/133ws/install/hw3code/share/hw3code/package.sh'
[2.291s] INFO:colcon.colcon_core.shell:Creating package script '/home/kcpham/133ws/install/hw3code/share/hw3code/package.bash'
[2.293s] INFO:colcon.colcon_core.shell:Creating package script '/home/kcpham/133ws/install/hw3code/share/hw3code/package.zsh'
[2.294s] Level 1:colcon.colcon_core.environment:create_file_with_runtime_dependencies(/home/kcpham/133ws/install/hw3code/share/colcon-core/packages/hw3code)
[2.373s] Level 1:colcon.colcon_core.environment:create_environment_scripts_only(atlas_description)
[2.374s] Level 1:colcon.colcon_core.environment:checking '/home/kcpham/133ws/install/atlas_description' for CMake module files
[2.375s] DEBUG:colcon.colcon_core.event_handler.log_command:Invoked command in '/home/kcpham/133ws/build/atlas_description' returned '0': CMAKE_PREFIX_PATH=${CMAKE_PREFIX_PATH}:/opt/ros/humble /usr/bin/cmake --install /home/kcpham/133ws/build/atlas_description
[2.375s] Level 1:colcon.colcon_core.environment:checking '/home/kcpham/133ws/install/atlas_description' for CMake config files
[2.376s] Level 1:colcon.colcon_core.shell:create_environment_hook('atlas_description', 'cmake_prefix_path')
[2.376s] INFO:colcon.colcon_core.shell:Creating environment hook '/home/kcpham/133ws/install/atlas_description/share/atlas_description/hook/cmake_prefix_path.ps1'
[2.377s] INFO:colcon.colcon_core.shell:Creating environment descriptor '/home/kcpham/133ws/install/atlas_description/share/atlas_description/hook/cmake_prefix_path.dsv'
[2.377s] INFO:colcon.colcon_core.shell:Creating environment hook '/home/kcpham/133ws/install/atlas_description/share/atlas_description/hook/cmake_prefix_path.sh'
[2.378s] Level 1:colcon.colcon_core.environment:checking '/home/kcpham/133ws/install/atlas_description/bin'
[2.378s] Level 1:colcon.colcon_core.environment:checking '/home/kcpham/133ws/install/atlas_description/lib/pkgconfig/atlas_description.pc'
[2.378s] Level 1:colcon.colcon_core.environment:checking '/home/kcpham/133ws/install/atlas_description/lib/python3.10/site-packages'
[2.378s] Level 1:colcon.colcon_core.environment:checking '/home/kcpham/133ws/install/atlas_description/bin'
[2.379s] INFO:colcon.colcon_core.shell:Creating package script '/home/kcpham/133ws/install/atlas_description/share/atlas_description/package.ps1'
[2.379s] INFO:colcon.colcon_core.shell:Creating package descriptor '/home/kcpham/133ws/install/atlas_description/share/atlas_description/package.dsv'
[2.380s] INFO:colcon.colcon_core.shell:Creating package script '/home/kcpham/133ws/install/atlas_description/share/atlas_description/package.sh'
[2.380s] INFO:colcon.colcon_core.shell:Creating package script '/home/kcpham/133ws/install/atlas_description/share/atlas_description/package.bash'
[2.381s] INFO:colcon.colcon_core.shell:Creating package script '/home/kcpham/133ws/install/atlas_description/share/atlas_description/package.zsh'
[2.381s] Level 1:colcon.colcon_core.environment:create_file_with_runtime_dependencies(/home/kcpham/133ws/install/atlas_description/share/colcon-core/packages/atlas_description)
[2.413s] Level 1:colcon.colcon_core.environment:create_environment_scripts_only(atlas_description)
[2.414s] Level 1:colcon.colcon_core.environment:checking '/home/kcpham/133ws/install/atlas_description' for CMake module files
[2.414s] Level 1:colcon.colcon_core.environment:checking '/home/kcpham/133ws/install/atlas_description' for CMake config files
[2.414s] Level 1:colcon.colcon_core.shell:create_environment_hook('atlas_description', 'cmake_prefix_path')
[2.415s] INFO:colcon.colcon_core.shell:Creating environment hook '/home/kcpham/133ws/install/atlas_description/share/atlas_description/hook/cmake_prefix_path.ps1'
[2.416s] INFO:colcon.colcon_core.shell:Creating environment descriptor '/home/kcpham/133ws/install/atlas_description/share/atlas_description/hook/cmake_prefix_path.dsv'
[2.416s] INFO:colcon.colcon_core.shell:Creating environment hook '/home/kcpham/133ws/install/atlas_description/share/atlas_description/hook/cmake_prefix_path.sh'
[2.417s] Level 1:colcon.colcon_core.environment:checking '/home/kcpham/133ws/install/atlas_description/bin'
[2.417s] Level 1:colcon.colcon_core.environment:checking '/home/kcpham/133ws/install/atlas_description/lib/pkgconfig/atlas_description.pc'
[2.418s] Level 1:colcon.colcon_core.environment:checking '/home/kcpham/133ws/install/atlas_description/lib/python3.10/site-packages'
[2.418s] Level 1:colcon.colcon_core.environment:checking '/home/kcpham/133ws/install/atlas_description/bin'
[2.419s] INFO:colcon.colcon_core.shell:Creating package script '/home/kcpham/133ws/install/atlas_description/share/atlas_description/package.ps1'
[2.419s] INFO:colcon.colcon_core.shell:Creating package descriptor '/home/kcpham/133ws/install/atlas_description/share/atlas_description/package.dsv'
[2.420s] INFO:colcon.colcon_core.shell:Creating package script '/home/kcpham/133ws/install/atlas_description/share/atlas_description/package.sh'
[2.420s] INFO:colcon.colcon_core.shell:Creating package script '/home/kcpham/133ws/install/atlas_description/share/atlas_description/package.bash'
[2.421s] INFO:colcon.colcon_core.shell:Creating package script '/home/kcpham/133ws/install/atlas_description/share/atlas_description/package.zsh'
[2.421s] Level 1:colcon.colcon_core.environment:create_file_with_runtime_dependencies(/home/kcpham/133ws/install/atlas_description/share/colcon-core/packages/atlas_description)
[2.422s] DEBUG:colcon.colcon_parallel_executor.executor.parallel:closing loop
[2.422s] DEBUG:colcon.colcon_parallel_executor.executor.parallel:loop closed
[2.422s] DEBUG:colcon.colcon_parallel_executor.executor.parallel:run_until_complete finished with '0'
[2.422s] DEBUG:colcon.colcon_core.event_reactor:joining thread
[2.437s] INFO:colcon.colcon_core.plugin_system:Skipping extension 'colcon_notification.desktop_notification.terminal_notifier': Not used on non-Darwin systems
[2.437s] INFO:colcon.colcon_core.plugin_system:Skipping extension 'colcon_notification.desktop_notification.win32': Not used on non-Windows systems
[2.437s] INFO:colcon.colcon_notification.desktop_notification:Sending desktop notification using 'notify2'
[2.458s] DEBUG:colcon.colcon_core.event_reactor:joined thread
[2.459s] INFO:colcon.colcon_core.shell:Creating prefix script '/home/kcpham/133ws/install/local_setup.ps1'
[2.460s] INFO:colcon.colcon_core.shell:Creating prefix util module '/home/kcpham/133ws/install/_local_setup_util_ps1.py'
[2.462s] INFO:colcon.colcon_core.shell:Creating prefix chain script '/home/kcpham/133ws/install/setup.ps1'
[2.465s] INFO:colcon.colcon_core.shell:Creating prefix script '/home/kcpham/133ws/install/local_setup.sh'
[2.466s] INFO:colcon.colcon_core.shell:Creating prefix util module '/home/kcpham/133ws/install/_local_setup_util_sh.py'
[2.467s] INFO:colcon.colcon_core.shell:Creating prefix chain script '/home/kcpham/133ws/install/setup.sh'
[2.469s] INFO:colcon.colcon_core.shell:Creating prefix script '/home/kcpham/133ws/install/local_setup.bash'
[2.471s] INFO:colcon.colcon_core.shell:Creating prefix chain script '/home/kcpham/133ws/install/setup.bash'
[2.474s] INFO:colcon.colcon_core.shell:Creating prefix script '/home/kcpham/133ws/install/local_setup.zsh'
[2.479s] INFO:colcon.colcon_core.shell:Creating prefix chain script '/home/kcpham/133ws/install/setup.zsh'
