[0.410s] DEBUG:colcon:Command line arguments: ['/usr/bin/colcon', 'build', '--symlink-install']
[0.410s] DEBUG:colcon:Parsed command line arguments: Namespace(log_base=None, log_level=None, verb_name='build', build_base='build', install_base='install', merge_install=False, symlink_install=True, test_result_base=None, continue_on_error=False, executor='parallel', parallel_workers=4, event_handlers=None, ignore_user_meta=False, metas=['./colcon.meta'], base_paths=['.'], packages_ignore=None, packages_ignore_regex=None, paths=None, packages_up_to=None, packages_up_to_regex=None, packages_above=None, packages_above_and_dependencies=None, packages_above_depth=None, packages_select_by_dep=None, packages_skip_by_dep=None, packages_skip_up_to=None, packages_select_build_failed=False, packages_skip_build_finished=False, packages_select_test_failures=False, packages_skip_test_passed=False, packages_select=None, packages_skip=None, packages_select_regex=None, packages_skip_regex=None, packages_start=None, packages_end=None, allow_overriding=[], cmake_args=None, cmake_target=None, cmake_target_skip_unavailable=False, cmake_clean_cache=False, cmake_clean_first=False, cmake_force_configure=False, ament_cmake_args=None, catkin_cmake_args=None, catkin_skip_building_tests=False, verb_parser=<colcon_defaults.argument_parser.defaults.DefaultArgumentsDecorator object at 0x7f0a27596fe0>, verb_extension=<colcon_core.verb.build.BuildVerb object at 0x7f0a27f20a90>, main=<bound method BuildVerb.main of <colcon_core.verb.build.BuildVerb object at 0x7f0a27f20a90>>)
[0.454s] Level 1:colcon.colcon_core.package_discovery:discover_packages(colcon_meta) check parameters
[0.454s] Level 1:colcon.colcon_core.package_discovery:discover_packages(recursive) check parameters
[0.454s] Level 1:colcon.colcon_core.package_discovery:discover_packages(ignore) check parameters
[0.454s] Level 1:colcon.colcon_core.package_discovery:discover_packages(path) check parameters
[0.454s] Level 1:colcon.colcon_core.package_discovery:discover_packages(colcon_meta) discover
[0.454s] Level 1:colcon.colcon_core.package_discovery:discover_packages(recursive) discover
[0.454s] INFO:colcon.colcon_core.package_discovery:Crawling recursively for packages in '/home/kcpham/133ws'
[0.454s] Level 1:colcon.colcon_core.package_identification:_identify(.) by extensions ['ignore', 'ignore_ament_install']
[0.454s] Level 1:colcon.colcon_core.package_identification:_identify(.) by extension 'ignore'
[0.454s] Level 1:colcon.colcon_core.package_identification:_identify(.) by extension 'ignore_ament_install'
[0.455s] Level 1:colcon.colcon_core.package_identification:_identify(.) by extensions ['colcon_pkg']
[0.455s] Level 1:colcon.colcon_core.package_identification:_identify(.) by extension 'colcon_pkg'
[0.455s] Level 1:colcon.colcon_core.package_identification:_identify(.) by extensions ['colcon_meta']
[0.455s] Level 1:colcon.colcon_core.package_identification:_identify(.) by extension 'colcon_meta'
[0.455s] Level 1:colcon.colcon_core.package_identification:_identify(.) by extensions ['ros']
[0.455s] Level 1:colcon.colcon_core.package_identification:_identify(.) by extension 'ros'
[0.485s] Level 1:colcon.colcon_core.package_identification:_identify(.) by extensions ['cmake', 'python']
[0.485s] Level 1:colcon.colcon_core.package_identification:_identify(.) by extension 'cmake'
[0.485s] Level 1:colcon.colcon_core.package_identification:_identify(.) by extension 'python'
[0.485s] Level 1:colcon.colcon_core.package_identification:_identify(.) by extensions ['python_setup_py']
[0.485s] Level 1:colcon.colcon_core.package_identification:_identify(.) by extension 'python_setup_py'
[0.485s] Level 1:colcon.colcon_core.package_identification:_identify(build) by extensions ['ignore', 'ignore_ament_install']
[0.485s] Level 1:colcon.colcon_core.package_identification:_identify(build) by extension 'ignore'
[0.485s] Level 1:colcon.colcon_core.package_identification:_identify(build) ignored
[0.485s] Level 1:colcon.colcon_core.package_identification:_identify(install) by extensions ['ignore', 'ignore_ament_install']
[0.486s] Level 1:colcon.colcon_core.package_identification:_identify(install) by extension 'ignore'
[0.486s] Level 1:colcon.colcon_core.package_identification:_identify(install) ignored
[0.486s] Level 1:colcon.colcon_core.package_identification:_identify(log) by extensions ['ignore', 'ignore_ament_install']
[0.486s] Level 1:colcon.colcon_core.package_identification:_identify(log) by extension 'ignore'
[0.486s] Level 1:colcon.colcon_core.package_identification:_identify(log) ignored
[0.486s] Level 1:colcon.colcon_core.package_identification:_identify(src) by extensions ['ignore', 'ignore_ament_install']
[0.486s] Level 1:colcon.colcon_core.package_identification:_identify(src) by extension 'ignore'
[0.486s] Level 1:colcon.colcon_core.package_identification:_identify(src) by extension 'ignore_ament_install'
[0.486s] Level 1:colcon.colcon_core.package_identification:_identify(src) by extensions ['colcon_pkg']
[0.486s] Level 1:colcon.colcon_core.package_identification:_identify(src) by extension 'colcon_pkg'
[0.486s] Level 1:colcon.colcon_core.package_identification:_identify(src) by extensions ['colcon_meta']
[0.486s] Level 1:colcon.colcon_core.package_identification:_identify(src) by extension 'colcon_meta'
[0.486s] Level 1:colcon.colcon_core.package_identification:_identify(src) by extensions ['ros']
[0.486s] Level 1:colcon.colcon_core.package_identification:_identify(src) by extension 'ros'
[0.486s] Level 1:colcon.colcon_core.package_identification:_identify(src) by extensions ['cmake', 'python']
[0.486s] Level 1:colcon.colcon_core.package_identification:_identify(src) by extension 'cmake'
[0.486s] Level 1:colcon.colcon_core.package_identification:_identify(src) by extension 'python'
[0.486s] Level 1:colcon.colcon_core.package_identification:_identify(src) by extensions ['python_setup_py']
[0.486s] Level 1:colcon.colcon_core.package_identification:_identify(src) by extension 'python_setup_py'
[0.486s] Level 1:colcon.colcon_core.package_identification:_identify(src/atlas_description) by extensions ['ignore', 'ignore_ament_install']
[0.487s] Level 1:colcon.colcon_core.package_identification:_identify(src/atlas_description) by extension 'ignore'
[0.487s] Level 1:colcon.colcon_core.package_identification:_identify(src/atlas_description) by extension 'ignore_ament_install'
[0.487s] Level 1:colcon.colcon_core.package_identification:_identify(src/atlas_description) by extensions ['colcon_pkg']
[0.487s] Level 1:colcon.colcon_core.package_identification:_identify(src/atlas_description) by extension 'colcon_pkg'
[0.487s] Level 1:colcon.colcon_core.package_identification:_identify(src/atlas_description) by extensions ['colcon_meta']
[0.487s] Level 1:colcon.colcon_core.package_identification:_identify(src/atlas_description) by extension 'colcon_meta'
[0.487s] Level 1:colcon.colcon_core.package_identification:_identify(src/atlas_description) by extensions ['ros']
[0.487s] Level 1:colcon.colcon_core.package_identification:_identify(src/atlas_description) by extension 'ros'
[0.489s] DEBUG:colcon.colcon_core.package_identification:Package 'src/atlas_description' with type 'ros.ament_cmake' and name 'atlas_description'
[0.490s] Level 1:colcon.colcon_core.package_identification:_identify(src/hw3code) by extensions ['ignore', 'ignore_ament_install']
[0.490s] Level 1:colcon.colcon_core.package_identification:_identify(src/hw3code) by extension 'ignore'
[0.490s] Level 1:colcon.colcon_core.package_identification:_identify(src/hw3code) by extension 'ignore_ament_install'
[0.490s] Level 1:colcon.colcon_core.package_identification:_identify(src/hw3code) by extensions ['colcon_pkg']
[0.490s] Level 1:colcon.colcon_core.package_identification:_identify(src/hw3code) by extension 'colcon_pkg'
[0.490s] Level 1:colcon.colcon_core.package_identification:_identify(src/hw3code) by extensions ['colcon_meta']
[0.490s] Level 1:colcon.colcon_core.package_identification:_identify(src/hw3code) by extension 'colcon_meta'
[0.490s] Level 1:colcon.colcon_core.package_identification:_identify(src/hw3code) by extensions ['ros']
[0.490s] Level 1:colcon.colcon_core.package_identification:_identify(src/hw3code) by extension 'ros'
[0.491s] DEBUG:colcon.colcon_core.package_identification:Package 'src/hw3code' with type 'ros.ament_python' and name 'hw3code'
[0.491s] Level 1:colcon.colcon_core.package_identification:_identify(src/hw4code) by extensions ['ignore', 'ignore_ament_install']
[0.491s] Level 1:colcon.colcon_core.package_identification:_identify(src/hw4code) by extension 'ignore'
[0.491s] Level 1:colcon.colcon_core.package_identification:_identify(src/hw4code) by extension 'ignore_ament_install'
[0.491s] Level 1:colcon.colcon_core.package_identification:_identify(src/hw4code) by extensions ['colcon_pkg']
[0.491s] Level 1:colcon.colcon_core.package_identification:_identify(src/hw4code) by extension 'colcon_pkg'
[0.491s] Level 1:colcon.colcon_core.package_identification:_identify(src/hw4code) by extensions ['colcon_meta']
[0.491s] Level 1:colcon.colcon_core.package_identification:_identify(src/hw4code) by extension 'colcon_meta'
[0.491s] Level 1:colcon.colcon_core.package_identification:_identify(src/hw4code) by extensions ['ros']
[0.491s] Level 1:colcon.colcon_core.package_identification:_identify(src/hw4code) by extension 'ros'
[0.492s] DEBUG:colcon.colcon_core.package_identification:Package 'src/hw4code' with type 'ros.ament_python' and name 'hw4code'
[0.492s] Level 1:colcon.colcon_core.package_identification:_identify(src/hw5code) by extensions ['ignore', 'ignore_ament_install']
[0.492s] Level 1:colcon.colcon_core.package_identification:_identify(src/hw5code) by extension 'ignore'
[0.492s] Level 1:colcon.colcon_core.package_identification:_identify(src/hw5code) by extension 'ignore_ament_install'
[0.492s] Level 1:colcon.colcon_core.package_identification:_identify(src/hw5code) by extensions ['colcon_pkg']
[0.492s] Level 1:colcon.colcon_core.package_identification:_identify(src/hw5code) by extension 'colcon_pkg'
[0.492s] Level 1:colcon.colcon_core.package_identification:_identify(src/hw5code) by extensions ['colcon_meta']
[0.492s] Level 1:colcon.colcon_core.package_identification:_identify(src/hw5code) by extension 'colcon_meta'
[0.492s] Level 1:colcon.colcon_core.package_identification:_identify(src/hw5code) by extensions ['ros']
[0.492s] Level 1:colcon.colcon_core.package_identification:_identify(src/hw5code) by extension 'ros'
[0.492s] Level 1:colcon.colcon_core.package_identification:_identify(src/hw5code) by extensions ['cmake', 'python']
[0.492s] Level 1:colcon.colcon_core.package_identification:_identify(src/hw5code) by extension 'cmake'
[0.492s] Level 1:colcon.colcon_core.package_identification:_identify(src/hw5code) by extension 'python'
[0.492s] Level 1:colcon.colcon_core.package_identification:_identify(src/hw5code) by extensions ['python_setup_py']
[0.492s] Level 1:colcon.colcon_core.package_identification:_identify(src/hw5code) by extension 'python_setup_py'
[0.492s] Level 1:colcon.colcon_core.package_identification:_identify(src/hw5code/__MACOSX) by extensions ['ignore', 'ignore_ament_install']
[0.492s] Level 1:colcon.colcon_core.package_identification:_identify(src/hw5code/__MACOSX) by extension 'ignore'
[0.493s] Level 1:colcon.colcon_core.package_identification:_identify(src/hw5code/__MACOSX) by extension 'ignore_ament_install'
[0.493s] Level 1:colcon.colcon_core.package_identification:_identify(src/hw5code/__MACOSX) by extensions ['colcon_pkg']
[0.493s] Level 1:colcon.colcon_core.package_identification:_identify(src/hw5code/__MACOSX) by extension 'colcon_pkg'
[0.493s] Level 1:colcon.colcon_core.package_identification:_identify(src/hw5code/__MACOSX) by extensions ['colcon_meta']
[0.493s] Level 1:colcon.colcon_core.package_identification:_identify(src/hw5code/__MACOSX) by extension 'colcon_meta'
[0.493s] Level 1:colcon.colcon_core.package_identification:_identify(src/hw5code/__MACOSX) by extensions ['ros']
[0.493s] Level 1:colcon.colcon_core.package_identification:_identify(src/hw5code/__MACOSX) by extension 'ros'
[0.493s] Level 1:colcon.colcon_core.package_identification:_identify(src/hw5code/__MACOSX) by extensions ['cmake', 'python']
[0.493s] Level 1:colcon.colcon_core.package_identification:_identify(src/hw5code/__MACOSX) by extension 'cmake'
[0.493s] Level 1:colcon.colcon_core.package_identification:_identify(src/hw5code/__MACOSX) by extension 'python'
[0.493s] Level 1:colcon.colcon_core.package_identification:_identify(src/hw5code/__MACOSX) by extensions ['python_setup_py']
[0.493s] Level 1:colcon.colcon_core.package_identification:_identify(src/hw5code/__MACOSX) by extension 'python_setup_py'
[0.493s] Level 1:colcon.colcon_core.package_identification:_identify(src/hw5code/__MACOSX/hw5code) by extensions ['ignore', 'ignore_ament_install']
[0.493s] Level 1:colcon.colcon_core.package_identification:_identify(src/hw5code/__MACOSX/hw5code) by extension 'ignore'
[0.493s] Level 1:colcon.colcon_core.package_identification:_identify(src/hw5code/__MACOSX/hw5code) by extension 'ignore_ament_install'
[0.493s] Level 1:colcon.colcon_core.package_identification:_identify(src/hw5code/__MACOSX/hw5code) by extensions ['colcon_pkg']
[0.493s] Level 1:colcon.colcon_core.package_identification:_identify(src/hw5code/__MACOSX/hw5code) by extension 'colcon_pkg'
[0.493s] Level 1:colcon.colcon_core.package_identification:_identify(src/hw5code/__MACOSX/hw5code) by extensions ['colcon_meta']
[0.493s] Level 1:colcon.colcon_core.package_identification:_identify(src/hw5code/__MACOSX/hw5code) by extension 'colcon_meta'
[0.494s] Level 1:colcon.colcon_core.package_identification:_identify(src/hw5code/__MACOSX/hw5code) by extensions ['ros']
[0.494s] Level 1:colcon.colcon_core.package_identification:_identify(src/hw5code/__MACOSX/hw5code) by extension 'ros'
[0.494s] Level 1:colcon.colcon_core.package_identification:_identify(src/hw5code/__MACOSX/hw5code) by extensions ['cmake', 'python']
[0.494s] Level 1:colcon.colcon_core.package_identification:_identify(src/hw5code/__MACOSX/hw5code) by extension 'cmake'
[0.494s] Level 1:colcon.colcon_core.package_identification:_identify(src/hw5code/__MACOSX/hw5code) by extension 'python'
[0.494s] Level 1:colcon.colcon_core.package_identification:_identify(src/hw5code/__MACOSX/hw5code) by extensions ['python_setup_py']
[0.494s] Level 1:colcon.colcon_core.package_identification:_identify(src/hw5code/__MACOSX/hw5code) by extension 'python_setup_py'
[0.494s] Level 1:colcon.colcon_core.package_identification:_identify(src/hw5code/__MACOSX/hw5code/meshes) by extensions ['ignore', 'ignore_ament_install']
[0.494s] Level 1:colcon.colcon_core.package_identification:_identify(src/hw5code/__MACOSX/hw5code/meshes) by extension 'ignore'
[0.494s] Level 1:colcon.colcon_core.package_identification:_identify(src/hw5code/__MACOSX/hw5code/meshes) by extension 'ignore_ament_install'
[0.494s] Level 1:colcon.colcon_core.package_identification:_identify(src/hw5code/__MACOSX/hw5code/meshes) by extensions ['colcon_pkg']
[0.494s] Level 1:colcon.colcon_core.package_identification:_identify(src/hw5code/__MACOSX/hw5code/meshes) by extension 'colcon_pkg'
[0.494s] Level 1:colcon.colcon_core.package_identification:_identify(src/hw5code/__MACOSX/hw5code/meshes) by extensions ['colcon_meta']
[0.494s] Level 1:colcon.colcon_core.package_identification:_identify(src/hw5code/__MACOSX/hw5code/meshes) by extension 'colcon_meta'
[0.494s] Level 1:colcon.colcon_core.package_identification:_identify(src/hw5code/__MACOSX/hw5code/meshes) by extensions ['ros']
[0.494s] Level 1:colcon.colcon_core.package_identification:_identify(src/hw5code/__MACOSX/hw5code/meshes) by extension 'ros'
[0.494s] Level 1:colcon.colcon_core.package_identification:_identify(src/hw5code/__MACOSX/hw5code/meshes) by extensions ['cmake', 'python']
[0.494s] Level 1:colcon.colcon_core.package_identification:_identify(src/hw5code/__MACOSX/hw5code/meshes) by extension 'cmake'
[0.494s] Level 1:colcon.colcon_core.package_identification:_identify(src/hw5code/__MACOSX/hw5code/meshes) by extension 'python'
[0.494s] Level 1:colcon.colcon_core.package_identification:_identify(src/hw5code/__MACOSX/hw5code/meshes) by extensions ['python_setup_py']
[0.494s] Level 1:colcon.colcon_core.package_identification:_identify(src/hw5code/__MACOSX/hw5code/meshes) by extension 'python_setup_py'
[0.494s] Level 1:colcon.colcon_core.package_identification:_identify(src/hw5code/hw5code) by extensions ['ignore', 'ignore_ament_install']
[0.494s] Level 1:colcon.colcon_core.package_identification:_identify(src/hw5code/hw5code) by extension 'ignore'
[0.494s] Level 1:colcon.colcon_core.package_identification:_identify(src/hw5code/hw5code) by extension 'ignore_ament_install'
[0.495s] Level 1:colcon.colcon_core.package_identification:_identify(src/hw5code/hw5code) by extensions ['colcon_pkg']
[0.495s] Level 1:colcon.colcon_core.package_identification:_identify(src/hw5code/hw5code) by extension 'colcon_pkg'
[0.495s] Level 1:colcon.colcon_core.package_identification:_identify(src/hw5code/hw5code) by extensions ['colcon_meta']
[0.495s] Level 1:colcon.colcon_core.package_identification:_identify(src/hw5code/hw5code) by extension 'colcon_meta'
[0.495s] Level 1:colcon.colcon_core.package_identification:_identify(src/hw5code/hw5code) by extensions ['ros']
[0.495s] Level 1:colcon.colcon_core.package_identification:_identify(src/hw5code/hw5code) by extension 'ros'
[0.498s] DEBUG:colcon.colcon_core.package_identification:Package 'src/hw5code/hw5code' with type 'ros.ament_python' and name 'hw5code'
[0.498s] Level 1:colcon.colcon_core.package_discovery:discover_packages(recursive) using defaults
[0.498s] Level 1:colcon.colcon_core.package_discovery:discover_packages(ignore) discover
[0.498s] Level 1:colcon.colcon_core.package_discovery:discover_packages(ignore) using defaults
[0.498s] Level 1:colcon.colcon_core.package_discovery:discover_packages(path) discover
[0.498s] Level 1:colcon.colcon_core.package_discovery:discover_packages(path) using defaults
[0.527s] Level 1:colcon.colcon_core.package_discovery:discover_packages(prefix_path) check parameters
[0.527s] Level 1:colcon.colcon_core.package_discovery:discover_packages(prefix_path) discover
[0.532s] DEBUG:colcon.colcon_installed_package_information.package_discovery:Found 3 installed packages in /home/kcpham/133ws/install
[0.534s] DEBUG:colcon.colcon_installed_package_information.package_discovery:Found 378 installed packages in /opt/ros/humble
[0.535s] Level 1:colcon.colcon_core.package_discovery:discover_packages(prefix_path) using defaults
[0.639s] Level 5:colcon.colcon_core.verb:set package 'atlas_description' build argument 'cmake_args' from command line to 'None'
[0.639s] Level 5:colcon.colcon_core.verb:set package 'atlas_description' build argument 'cmake_target' from command line to 'None'
[0.639s] Level 5:colcon.colcon_core.verb:set package 'atlas_description' build argument 'cmake_target_skip_unavailable' from command line to 'False'
[0.639s] Level 5:colcon.colcon_core.verb:set package 'atlas_description' build argument 'cmake_clean_cache' from command line to 'False'
[0.639s] Level 5:colcon.colcon_core.verb:set package 'atlas_description' build argument 'cmake_clean_first' from command line to 'False'
[0.639s] Level 5:colcon.colcon_core.verb:set package 'atlas_description' build argument 'cmake_force_configure' from command line to 'False'
[0.639s] Level 5:colcon.colcon_core.verb:set package 'atlas_description' build argument 'ament_cmake_args' from command line to 'None'
[0.639s] Level 5:colcon.colcon_core.verb:set package 'atlas_description' build argument 'catkin_cmake_args' from command line to 'None'
[0.639s] Level 5:colcon.colcon_core.verb:set package 'atlas_description' build argument 'catkin_skip_building_tests' from command line to 'False'
[0.639s] DEBUG:colcon.colcon_core.verb:Building package 'atlas_description' with the following arguments: {'ament_cmake_args': None, 'build_base': '/home/kcpham/133ws/build/atlas_description', 'catkin_cmake_args': None, 'catkin_skip_building_tests': False, 'cmake_args': None, 'cmake_clean_cache': False, 'cmake_clean_first': False, 'cmake_force_configure': False, 'cmake_target': None, 'cmake_target_skip_unavailable': False, 'install_base': '/home/kcpham/133ws/install/atlas_description', 'merge_install': False, 'path': '/home/kcpham/133ws/src/atlas_description', 'symlink_install': True, 'test_result_base': None}
[0.640s] Level 5:colcon.colcon_core.verb:set package 'hw3code' build argument 'cmake_args' from command line to 'None'
[0.640s] Level 5:colcon.colcon_core.verb:set package 'hw3code' build argument 'cmake_target' from command line to 'None'
[0.640s] Level 5:colcon.colcon_core.verb:set package 'hw3code' build argument 'cmake_target_skip_unavailable' from command line to 'False'
[0.640s] Level 5:colcon.colcon_core.verb:set package 'hw3code' build argument 'cmake_clean_cache' from command line to 'False'
[0.640s] Level 5:colcon.colcon_core.verb:set package 'hw3code' build argument 'cmake_clean_first' from command line to 'False'
[0.640s] Level 5:colcon.colcon_core.verb:set package 'hw3code' build argument 'cmake_force_configure' from command line to 'False'
[0.640s] Level 5:colcon.colcon_core.verb:set package 'hw3code' build argument 'ament_cmake_args' from command line to 'None'
[0.640s] Level 5:colcon.colcon_core.verb:set package 'hw3code' build argument 'catkin_cmake_args' from command line to 'None'
[0.640s] Level 5:colcon.colcon_core.verb:set package 'hw3code' build argument 'catkin_skip_building_tests' from command line to 'False'
[0.640s] DEBUG:colcon.colcon_core.verb:Building package 'hw3code' with the following arguments: {'ament_cmake_args': None, 'build_base': '/home/kcpham/133ws/build/hw3code', 'catkin_cmake_args': None, 'catkin_skip_building_tests': False, 'cmake_args': None, 'cmake_clean_cache': False, 'cmake_clean_first': False, 'cmake_force_configure': False, 'cmake_target': None, 'cmake_target_skip_unavailable': False, 'install_base': '/home/kcpham/133ws/install/hw3code', 'merge_install': False, 'path': '/home/kcpham/133ws/src/hw3code', 'symlink_install': True, 'test_result_base': None}
[0.641s] Level 5:colcon.colcon_core.verb:set package 'hw4code' build argument 'cmake_args' from command line to 'None'
[0.641s] Level 5:colcon.colcon_core.verb:set package 'hw4code' build argument 'cmake_target' from command line to 'None'
[0.641s] Level 5:colcon.colcon_core.verb:set package 'hw4code' build argument 'cmake_target_skip_unavailable' from command line to 'False'
[0.641s] Level 5:colcon.colcon_core.verb:set package 'hw4code' build argument 'cmake_clean_cache' from command line to 'False'
[0.641s] Level 5:colcon.colcon_core.verb:set package 'hw4code' build argument 'cmake_clean_first' from command line to 'False'
[0.641s] Level 5:colcon.colcon_core.verb:set package 'hw4code' build argument 'cmake_force_configure' from command line to 'False'
[0.641s] Level 5:colcon.colcon_core.verb:set package 'hw4code' build argument 'ament_cmake_args' from command line to 'None'
[0.641s] Level 5:colcon.colcon_core.verb:set package 'hw4code' build argument 'catkin_cmake_args' from command line to 'None'
[0.641s] Level 5:colcon.colcon_core.verb:set package 'hw4code' build argument 'catkin_skip_building_tests' from command line to 'False'
[0.641s] DEBUG:colcon.colcon_core.verb:Building package 'hw4code' with the following arguments: {'ament_cmake_args': None, 'build_base': '/home/kcpham/133ws/build/hw4code', 'catkin_cmake_args': None, 'catkin_skip_building_tests': False, 'cmake_args': None, 'cmake_clean_cache': False, 'cmake_clean_first': False, 'cmake_force_configure': False, 'cmake_target': None, 'cmake_target_skip_unavailable': False, 'install_base': '/home/kcpham/133ws/install/hw4code', 'merge_install': False, 'path': '/home/kcpham/133ws/src/hw4code', 'symlink_install': True, 'test_result_base': None}
[0.642s] Level 5:colcon.colcon_core.verb:set package 'hw5code' build argument 'cmake_args' from command line to 'None'
[0.642s] Level 5:colcon.colcon_core.verb:set package 'hw5code' build argument 'cmake_target' from command line to 'None'
[0.642s] Level 5:colcon.colcon_core.verb:set package 'hw5code' build argument 'cmake_target_skip_unavailable' from command line to 'False'
[0.642s] Level 5:colcon.colcon_core.verb:set package 'hw5code' build argument 'cmake_clean_cache' from command line to 'False'
[0.642s] Level 5:colcon.colcon_core.verb:set package 'hw5code' build argument 'cmake_clean_first' from command line to 'False'
[0.642s] Level 5:colcon.colcon_core.verb:set package 'hw5code' build argument 'cmake_force_configure' from command line to 'False'
[0.642s] Level 5:colcon.colcon_core.verb:set package 'hw5code' build argument 'ament_cmake_args' from command line to 'None'
[0.642s] Level 5:colcon.colcon_core.verb:set package 'hw5code' build argument 'catkin_cmake_args' from command line to 'None'
[0.642s] Level 5:colcon.colcon_core.verb:set package 'hw5code' build argument 'catkin_skip_building_tests' from command line to 'False'
[0.642s] DEBUG:colcon.colcon_core.verb:Building package 'hw5code' with the following arguments: {'ament_cmake_args': None, 'build_base': '/home/kcpham/133ws/build/hw5code', 'catkin_cmake_args': None, 'catkin_skip_building_tests': False, 'cmake_args': None, 'cmake_clean_cache': False, 'cmake_clean_first': False, 'cmake_force_configure': False, 'cmake_target': None, 'cmake_target_skip_unavailable': False, 'install_base': '/home/kcpham/133ws/install/hw5code', 'merge_install': False, 'path': '/home/kcpham/133ws/src/hw5code/hw5code', 'symlink_install': True, 'test_result_base': None}
[0.643s] INFO:colcon.colcon_core.executor:Executing jobs using 'parallel' executor
[0.647s] DEBUG:colcon.colcon_parallel_executor.executor.parallel:run_until_complete
[0.648s] INFO:colcon.colcon_ros.task.ament_cmake.build:Building ROS package in '/home/kcpham/133ws/src/atlas_description' with build type 'ament_cmake'
[0.649s] INFO:colcon.colcon_cmake.task.cmake.build:Building CMake package in '/home/kcpham/133ws/src/atlas_description'
[0.655s] INFO:colcon.colcon_core.plugin_system:Skipping extension 'colcon_core.shell.bat': Not used on non-Windows systems
[0.656s] INFO:colcon.colcon_core.shell:Skip shell extension 'powershell' for command environment: Not usable outside of PowerShell
[0.656s] DEBUG:colcon.colcon_core.shell:Skip shell extension 'dsv' for command environment
[0.664s] INFO:colcon.colcon_ros.task.ament_python.build:Building ROS package in '/home/kcpham/133ws/src/hw3code' with build type 'ament_python'
[0.664s] Level 1:colcon.colcon_core.shell:create_environment_hook('hw3code', 'ament_prefix_path')
[0.665s] INFO:colcon.colcon_core.shell:Creating environment hook '/home/kcpham/133ws/install/hw3code/share/hw3code/hook/ament_prefix_path.ps1'
[0.667s] INFO:colcon.colcon_core.shell:Creating environment descriptor '/home/kcpham/133ws/install/hw3code/share/hw3code/hook/ament_prefix_path.dsv'
[0.668s] INFO:colcon.colcon_core.shell:Creating environment hook '/home/kcpham/133ws/install/hw3code/share/hw3code/hook/ament_prefix_path.sh'
[0.675s] INFO:colcon.colcon_core.shell:Skip shell extension 'powershell' for command environment: Not usable outside of PowerShell
[0.680s] DEBUG:colcon.colcon_core.shell:Skip shell extension 'dsv' for command environment
[0.689s] INFO:colcon.colcon_ros.task.ament_python.build:Building ROS package in '/home/kcpham/133ws/src/hw4code' with build type 'ament_python'
[0.689s] Level 1:colcon.colcon_core.shell:create_environment_hook('hw4code', 'ament_prefix_path')
[0.691s] INFO:colcon.colcon_core.shell:Creating environment hook '/home/kcpham/133ws/install/hw4code/share/hw4code/hook/ament_prefix_path.ps1'
[0.693s] INFO:colcon.colcon_core.shell:Creating environment descriptor '/home/kcpham/133ws/install/hw4code/share/hw4code/hook/ament_prefix_path.dsv'
[0.694s] INFO:colcon.colcon_core.shell:Creating environment hook '/home/kcpham/133ws/install/hw4code/share/hw4code/hook/ament_prefix_path.sh'
[0.696s] INFO:colcon.colcon_core.shell:Skip shell extension 'powershell' for command environment: Not usable outside of PowerShell
[0.697s] DEBUG:colcon.colcon_core.shell:Skip shell extension 'dsv' for command environment
[0.702s] INFO:colcon.colcon_ros.task.ament_python.build:Building ROS package in '/home/kcpham/133ws/src/hw5code/hw5code' with build type 'ament_python'
[0.702s] Level 1:colcon.colcon_core.shell:create_environment_hook('hw5code', 'ament_prefix_path')
[0.703s] INFO:colcon.colcon_core.shell:Creating environment hook '/home/kcpham/133ws/install/hw5code/share/hw5code/hook/ament_prefix_path.ps1'
[0.704s] INFO:colcon.colcon_core.shell:Creating environment descriptor '/home/kcpham/133ws/install/hw5code/share/hw5code/hook/ament_prefix_path.dsv'
[0.704s] INFO:colcon.colcon_core.shell:Creating environment hook '/home/kcpham/133ws/install/hw5code/share/hw5code/hook/ament_prefix_path.sh'
[0.705s] INFO:colcon.colcon_core.shell:Skip shell extension 'powershell' for command environment: Not usable outside of PowerShell
[0.705s] DEBUG:colcon.colcon_core.shell:Skip shell extension 'dsv' for command environment
[0.727s] DEBUG:colcon.colcon_core.event_handler.log_command:Invoking command in '/home/kcpham/133ws/build/atlas_description': CMAKE_PREFIX_PATH=${CMAKE_PREFIX_PATH}:/home/kcpham/133ws/install/hw4code:/home/kcpham/133ws/install/hw3code:/opt/ros/humble /usr/bin/cmake --build /home/kcpham/133ws/build/atlas_description -- -j4 -l4
[1.004s] INFO:colcon.colcon_core.task.python.build:Building Python package in '/home/kcpham/133ws/src/hw3code'
[1.006s] INFO:colcon.colcon_core.shell:Skip shell extension 'powershell' for command environment: Not usable outside of PowerShell
[1.006s] DEBUG:colcon.colcon_core.shell:Skip shell extension 'dsv' for command environment
[1.245s] INFO:colcon.colcon_core.task.python.build:Building Python package in '/home/kcpham/133ws/src/hw4code'
[1.247s] INFO:colcon.colcon_core.shell:Skip shell extension 'powershell' for command environment: Not usable outside of PowerShell
[1.247s] DEBUG:colcon.colcon_core.shell:Skip shell extension 'dsv' for command environment
[1.564s] INFO:colcon.colcon_core.task.python.build:Building Python package in '/home/kcpham/133ws/src/hw5code/hw5code'
[1.566s] INFO:colcon.colcon_core.shell:Skip shell extension 'powershell' for command environment: Not usable outside of PowerShell
[1.566s] DEBUG:colcon.colcon_core.shell:Skip shell extension 'dsv' for command environment
[1.578s] DEBUG:colcon.colcon_core.event_handler.log_command:Invoked command in '/home/kcpham/133ws/build/atlas_description' returned '0': CMAKE_PREFIX_PATH=${CMAKE_PREFIX_PATH}:/home/kcpham/133ws/install/hw4code:/home/kcpham/133ws/install/hw3code:/opt/ros/humble /usr/bin/cmake --build /home/kcpham/133ws/build/atlas_description -- -j4 -l4
[1.768s] DEBUG:colcon.colcon_core.event_handler.log_command:Invoking command in '/home/kcpham/133ws/build/atlas_description': CMAKE_PREFIX_PATH=${CMAKE_PREFIX_PATH}:/home/kcpham/133ws/install/hw4code:/home/kcpham/133ws/install/hw3code:/opt/ros/humble /usr/bin/cmake --install /home/kcpham/133ws/build/atlas_description
[1.870s] Level 1:colcon.colcon_core.environment:create_environment_scripts_only(atlas_description)
[1.872s] DEBUG:colcon.colcon_core.event_handler.log_command:Invoked command in '/home/kcpham/133ws/build/atlas_description' returned '0': CMAKE_PREFIX_PATH=${CMAKE_PREFIX_PATH}:/home/kcpham/133ws/install/hw4code:/home/kcpham/133ws/install/hw3code:/opt/ros/humble /usr/bin/cmake --install /home/kcpham/133ws/build/atlas_description
[1.894s] Level 1:colcon.colcon_core.environment:checking '/home/kcpham/133ws/install/atlas_description' for CMake module files
[1.895s] Level 1:colcon.colcon_core.environment:checking '/home/kcpham/133ws/install/atlas_description' for CMake config files
[1.896s] Level 1:colcon.colcon_core.shell:create_environment_hook('atlas_description', 'cmake_prefix_path')
[1.898s] INFO:colcon.colcon_core.shell:Creating environment hook '/home/kcpham/133ws/install/atlas_description/share/atlas_description/hook/cmake_prefix_path.ps1'
[1.899s] INFO:colcon.colcon_core.shell:Creating environment descriptor '/home/kcpham/133ws/install/atlas_description/share/atlas_description/hook/cmake_prefix_path.dsv'
[1.901s] INFO:colcon.colcon_core.shell:Creating environment hook '/home/kcpham/133ws/install/atlas_description/share/atlas_description/hook/cmake_prefix_path.sh'
[1.902s] Level 1:colcon.colcon_core.environment:checking '/home/kcpham/133ws/install/atlas_description/bin'
[1.903s] Level 1:colcon.colcon_core.environment:checking '/home/kcpham/133ws/install/atlas_description/lib/pkgconfig/atlas_description.pc'
[1.903s] Level 1:colcon.colcon_core.environment:checking '/home/kcpham/133ws/install/atlas_description/lib/python3.10/site-packages'
[1.903s] Level 1:colcon.colcon_core.environment:checking '/home/kcpham/133ws/install/atlas_description/bin'
[1.906s] INFO:colcon.colcon_core.shell:Creating package script '/home/kcpham/133ws/install/atlas_description/share/atlas_description/package.ps1'
[1.908s] INFO:colcon.colcon_core.shell:Creating package descriptor '/home/kcpham/133ws/install/atlas_description/share/atlas_description/package.dsv'
[1.909s] INFO:colcon.colcon_core.shell:Creating package script '/home/kcpham/133ws/install/atlas_description/share/atlas_description/package.sh'
[1.910s] INFO:colcon.colcon_core.shell:Creating package script '/home/kcpham/133ws/install/atlas_description/share/atlas_description/package.bash'
[1.912s] INFO:colcon.colcon_core.shell:Creating package script '/home/kcpham/133ws/install/atlas_description/share/atlas_description/package.zsh'
[1.914s] Level 1:colcon.colcon_core.environment:create_file_with_runtime_dependencies(/home/kcpham/133ws/install/atlas_description/share/colcon-core/packages/atlas_description)
[2.115s] DEBUG:colcon.colcon_core.event_handler.log_command:Invoking command in '/home/kcpham/133ws/build/hw5code': PYTHONPATH=/home/kcpham/133ws/install/hw5code/lib/python3.10/site-packages:${PYTHONPATH} /usr/bin/python3 setup.py develop --prefix /home/kcpham/133ws/install/hw5code --editable --build-directory /home/kcpham/133ws/build/hw5code/build --no-deps install_data --install-dir /home/kcpham/133ws/install/hw5code
[2.200s] Level 1:colcon.colcon_core.environment:create_environment_scripts_only(atlas_description)
[2.202s] Level 1:colcon.colcon_core.environment:checking '/home/kcpham/133ws/install/atlas_description' for CMake module files
[2.204s] Level 1:colcon.colcon_core.environment:checking '/home/kcpham/133ws/install/atlas_description' for CMake config files
[2.204s] Level 1:colcon.colcon_core.shell:create_environment_hook('atlas_description', 'cmake_prefix_path')
[2.205s] INFO:colcon.colcon_core.shell:Creating environment hook '/home/kcpham/133ws/install/atlas_description/share/atlas_description/hook/cmake_prefix_path.ps1'
[2.207s] INFO:colcon.colcon_core.shell:Creating environment descriptor '/home/kcpham/133ws/install/atlas_description/share/atlas_description/hook/cmake_prefix_path.dsv'
[2.207s] INFO:colcon.colcon_core.shell:Creating environment hook '/home/kcpham/133ws/install/atlas_description/share/atlas_description/hook/cmake_prefix_path.sh'
[2.215s] Level 1:colcon.colcon_core.environment:checking '/home/kcpham/133ws/install/atlas_description/bin'
[2.215s] Level 1:colcon.colcon_core.environment:checking '/home/kcpham/133ws/install/atlas_description/lib/pkgconfig/atlas_description.pc'
[2.216s] Level 1:colcon.colcon_core.environment:checking '/home/kcpham/133ws/install/atlas_description/lib/python3.10/site-packages'
[2.217s] Level 1:colcon.colcon_core.environment:checking '/home/kcpham/133ws/install/atlas_description/bin'
[2.221s] INFO:colcon.colcon_core.shell:Creating package script '/home/kcpham/133ws/install/atlas_description/share/atlas_description/package.ps1'
[2.224s] INFO:colcon.colcon_core.shell:Creating package descriptor '/home/kcpham/133ws/install/atlas_description/share/atlas_description/package.dsv'
[2.226s] INFO:colcon.colcon_core.shell:Creating package script '/home/kcpham/133ws/install/atlas_description/share/atlas_description/package.sh'
[2.228s] INFO:colcon.colcon_core.shell:Creating package script '/home/kcpham/133ws/install/atlas_description/share/atlas_description/package.bash'
[2.229s] INFO:colcon.colcon_core.shell:Creating package script '/home/kcpham/133ws/install/atlas_description/share/atlas_description/package.zsh'
[2.230s] Level 1:colcon.colcon_core.environment:create_file_with_runtime_dependencies(/home/kcpham/133ws/install/atlas_description/share/colcon-core/packages/atlas_description)
[2.263s] DEBUG:colcon.colcon_core.event_handler.log_command:Invoking command in '/home/kcpham/133ws/build/hw4code': PYTHONPATH=/home/kcpham/133ws/install/hw4code/lib/python3.10/site-packages:${PYTHONPATH} /usr/bin/python3 setup.py develop --prefix /home/kcpham/133ws/install/hw4code --editable --build-directory /home/kcpham/133ws/build/hw4code/build --no-deps install_data --install-dir /home/kcpham/133ws/install/hw4code
[2.285s] DEBUG:colcon.colcon_core.event_handler.log_command:Invoking command in '/home/kcpham/133ws/build/hw3code': PYTHONPATH=/home/kcpham/133ws/install/hw3code/lib/python3.10/site-packages:${PYTHONPATH} /usr/bin/python3 setup.py develop --prefix /home/kcpham/133ws/install/hw3code --editable --build-directory /home/kcpham/133ws/build/hw3code/build --no-deps install_data --install-dir /home/kcpham/133ws/install/hw3code
[2.928s] Level 1:colcon.colcon_core.shell:create_environment_hook('hw5code', 'pythonpath_develop')
[2.931s] INFO:colcon.colcon_core.shell:Creating environment hook '/home/kcpham/133ws/build/hw5code/share/hw5code/hook/pythonpath_develop.ps1'
[2.933s] INFO:colcon.colcon_core.shell:Creating environment descriptor '/home/kcpham/133ws/build/hw5code/share/hw5code/hook/pythonpath_develop.dsv'
[2.934s] DEBUG:colcon.colcon_core.event_handler.log_command:Invoked command in '/home/kcpham/133ws/build/hw5code' returned '0': PYTHONPATH=/home/kcpham/133ws/install/hw5code/lib/python3.10/site-packages:${PYTHONPATH} /usr/bin/python3 setup.py develop --prefix /home/kcpham/133ws/install/hw5code --editable --build-directory /home/kcpham/133ws/build/hw5code/build --no-deps install_data --install-dir /home/kcpham/133ws/install/hw5code
[2.934s] INFO:colcon.colcon_core.shell:Creating environment hook '/home/kcpham/133ws/build/hw5code/share/hw5code/hook/pythonpath_develop.sh'
[2.937s] Level 1:colcon.colcon_core.environment:checking '/home/kcpham/133ws/install/hw5code' for CMake module files
[2.937s] Level 1:colcon.colcon_core.environment:checking '/home/kcpham/133ws/install/hw5code' for CMake config files
[2.938s] Level 1:colcon.colcon_core.environment:checking '/home/kcpham/133ws/install/hw5code/lib'
[2.938s] Level 1:colcon.colcon_core.environment:checking '/home/kcpham/133ws/install/hw5code/bin'
[2.938s] Level 1:colcon.colcon_core.environment:checking '/home/kcpham/133ws/install/hw5code/lib/pkgconfig/hw5code.pc'
[2.938s] Level 1:colcon.colcon_core.environment:checking '/home/kcpham/133ws/install/hw5code/lib/python3.10/site-packages'
[2.938s] Level 1:colcon.colcon_core.shell:create_environment_hook('hw5code', 'pythonpath')
[2.940s] INFO:colcon.colcon_core.shell:Creating environment hook '/home/kcpham/133ws/install/hw5code/share/hw5code/hook/pythonpath.ps1'
[2.941s] INFO:colcon.colcon_core.shell:Creating environment descriptor '/home/kcpham/133ws/install/hw5code/share/hw5code/hook/pythonpath.dsv'
[2.942s] INFO:colcon.colcon_core.shell:Creating environment hook '/home/kcpham/133ws/install/hw5code/share/hw5code/hook/pythonpath.sh'
[2.943s] Level 1:colcon.colcon_core.environment:checking '/home/kcpham/133ws/install/hw5code/bin'
[2.943s] Level 1:colcon.colcon_core.environment:create_environment_scripts_only(hw5code)
[2.948s] INFO:colcon.colcon_core.shell:Creating package script '/home/kcpham/133ws/install/hw5code/share/hw5code/package.ps1'
[2.949s] INFO:colcon.colcon_core.shell:Creating package descriptor '/home/kcpham/133ws/install/hw5code/share/hw5code/package.dsv'
[2.950s] INFO:colcon.colcon_core.shell:Creating package script '/home/kcpham/133ws/install/hw5code/share/hw5code/package.sh'
[2.951s] INFO:colcon.colcon_core.shell:Creating package script '/home/kcpham/133ws/install/hw5code/share/hw5code/package.bash'
[2.951s] INFO:colcon.colcon_core.shell:Creating package script '/home/kcpham/133ws/install/hw5code/share/hw5code/package.zsh'
[2.951s] Level 1:colcon.colcon_core.environment:create_file_with_runtime_dependencies(/home/kcpham/133ws/install/hw5code/share/colcon-core/packages/hw5code)
[3.027s] Level 1:colcon.colcon_core.shell:create_environment_hook('hw3code', 'pythonpath_develop')
[3.029s] INFO:colcon.colcon_core.shell:Creating environment hook '/home/kcpham/133ws/build/hw3code/share/hw3code/hook/pythonpath_develop.ps1'
[3.030s] DEBUG:colcon.colcon_core.event_handler.log_command:Invoked command in '/home/kcpham/133ws/build/hw3code' returned '0': PYTHONPATH=/home/kcpham/133ws/install/hw3code/lib/python3.10/site-packages:${PYTHONPATH} /usr/bin/python3 setup.py develop --prefix /home/kcpham/133ws/install/hw3code --editable --build-directory /home/kcpham/133ws/build/hw3code/build --no-deps install_data --install-dir /home/kcpham/133ws/install/hw3code
[3.031s] INFO:colcon.colcon_core.shell:Creating environment descriptor '/home/kcpham/133ws/build/hw3code/share/hw3code/hook/pythonpath_develop.dsv'
[3.032s] INFO:colcon.colcon_core.shell:Creating environment hook '/home/kcpham/133ws/build/hw3code/share/hw3code/hook/pythonpath_develop.sh'
[3.035s] Level 1:colcon.colcon_core.environment:checking '/home/kcpham/133ws/install/hw3code' for CMake module files
[3.036s] Level 1:colcon.colcon_core.environment:checking '/home/kcpham/133ws/install/hw3code' for CMake config files
[3.041s] Level 1:colcon.colcon_core.environment:checking '/home/kcpham/133ws/install/hw3code/lib'
[3.041s] Level 1:colcon.colcon_core.environment:checking '/home/kcpham/133ws/install/hw3code/bin'
[3.041s] Level 1:colcon.colcon_core.environment:checking '/home/kcpham/133ws/install/hw3code/lib/pkgconfig/hw3code.pc'
[3.042s] Level 1:colcon.colcon_core.environment:checking '/home/kcpham/133ws/install/hw3code/lib/python3.10/site-packages'
[3.042s] Level 1:colcon.colcon_core.shell:create_environment_hook('hw3code', 'pythonpath')
[3.044s] INFO:colcon.colcon_core.shell:Creating environment hook '/home/kcpham/133ws/install/hw3code/share/hw3code/hook/pythonpath.ps1'
[3.044s] INFO:colcon.colcon_core.shell:Creating environment descriptor '/home/kcpham/133ws/install/hw3code/share/hw3code/hook/pythonpath.dsv'
[3.054s] INFO:colcon.colcon_core.shell:Creating environment hook '/home/kcpham/133ws/install/hw3code/share/hw3code/hook/pythonpath.sh'
[3.056s] Level 1:colcon.colcon_core.environment:checking '/home/kcpham/133ws/install/hw3code/bin'
[3.056s] Level 1:colcon.colcon_core.environment:create_environment_scripts_only(hw3code)
[3.061s] INFO:colcon.colcon_core.shell:Creating package script '/home/kcpham/133ws/install/hw3code/share/hw3code/package.ps1'
[3.062s] INFO:colcon.colcon_core.shell:Creating package descriptor '/home/kcpham/133ws/install/hw3code/share/hw3code/package.dsv'
[3.064s] INFO:colcon.colcon_core.shell:Creating package script '/home/kcpham/133ws/install/hw3code/share/hw3code/package.sh'
[3.065s] INFO:colcon.colcon_core.shell:Creating package script '/home/kcpham/133ws/install/hw3code/share/hw3code/package.bash'
[3.065s] INFO:colcon.colcon_core.shell:Creating package script '/home/kcpham/133ws/install/hw3code/share/hw3code/package.zsh'
[3.066s] Level 1:colcon.colcon_core.environment:create_file_with_runtime_dependencies(/home/kcpham/133ws/install/hw3code/share/colcon-core/packages/hw3code)
[3.269s] Level 1:colcon.colcon_core.shell:create_environment_hook('hw4code', 'pythonpath_develop')
[3.272s] INFO:colcon.colcon_core.shell:Creating environment hook '/home/kcpham/133ws/build/hw4code/share/hw4code/hook/pythonpath_develop.ps1'
[3.274s] DEBUG:colcon.colcon_core.event_handler.log_command:Invoked command in '/home/kcpham/133ws/build/hw4code' returned '0': PYTHONPATH=/home/kcpham/133ws/install/hw4code/lib/python3.10/site-packages:${PYTHONPATH} /usr/bin/python3 setup.py develop --prefix /home/kcpham/133ws/install/hw4code --editable --build-directory /home/kcpham/133ws/build/hw4code/build --no-deps install_data --install-dir /home/kcpham/133ws/install/hw4code
[3.276s] INFO:colcon.colcon_core.shell:Creating environment descriptor '/home/kcpham/133ws/build/hw4code/share/hw4code/hook/pythonpath_develop.dsv'
[3.277s] INFO:colcon.colcon_core.shell:Creating environment hook '/home/kcpham/133ws/build/hw4code/share/hw4code/hook/pythonpath_develop.sh'
[3.283s] Level 1:colcon.colcon_core.environment:checking '/home/kcpham/133ws/install/hw4code' for CMake module files
[3.284s] Level 1:colcon.colcon_core.environment:checking '/home/kcpham/133ws/install/hw4code' for CMake config files
[3.284s] Level 1:colcon.colcon_core.environment:checking '/home/kcpham/133ws/install/hw4code/lib'
[3.285s] Level 1:colcon.colcon_core.environment:checking '/home/kcpham/133ws/install/hw4code/bin'
[3.285s] Level 1:colcon.colcon_core.environment:checking '/home/kcpham/133ws/install/hw4code/lib/pkgconfig/hw4code.pc'
[3.285s] Level 1:colcon.colcon_core.environment:checking '/home/kcpham/133ws/install/hw4code/lib/python3.10/site-packages'
[3.285s] Level 1:colcon.colcon_core.shell:create_environment_hook('hw4code', 'pythonpath')
[3.286s] INFO:colcon.colcon_core.shell:Creating environment hook '/home/kcpham/133ws/install/hw4code/share/hw4code/hook/pythonpath.ps1'
[3.287s] INFO:colcon.colcon_core.shell:Creating environment descriptor '/home/kcpham/133ws/install/hw4code/share/hw4code/hook/pythonpath.dsv'
[3.288s] INFO:colcon.colcon_core.shell:Creating environment hook '/home/kcpham/133ws/install/hw4code/share/hw4code/hook/pythonpath.sh'
[3.292s] Level 1:colcon.colcon_core.environment:checking '/home/kcpham/133ws/install/hw4code/bin'
[3.292s] Level 1:colcon.colcon_core.environment:create_environment_scripts_only(hw4code)
[3.295s] INFO:colcon.colcon_core.shell:Creating package script '/home/kcpham/133ws/install/hw4code/share/hw4code/package.ps1'
[3.296s] INFO:colcon.colcon_core.shell:Creating package descriptor '/home/kcpham/133ws/install/hw4code/share/hw4code/package.dsv'
[3.297s] INFO:colcon.colcon_core.shell:Creating package script '/home/kcpham/133ws/install/hw4code/share/hw4code/package.sh'
[3.298s] INFO:colcon.colcon_core.shell:Creating package script '/home/kcpham/133ws/install/hw4code/share/hw4code/package.bash'
[3.298s] INFO:colcon.colcon_core.shell:Creating package script '/home/kcpham/133ws/install/hw4code/share/hw4code/package.zsh'
[3.299s] Level 1:colcon.colcon_core.environment:create_file_with_runtime_dependencies(/home/kcpham/133ws/install/hw4code/share/colcon-core/packages/hw4code)
[3.300s] DEBUG:colcon.colcon_parallel_executor.executor.parallel:closing loop
[3.300s] DEBUG:colcon.colcon_parallel_executor.executor.parallel:loop closed
[3.300s] DEBUG:colcon.colcon_parallel_executor.executor.parallel:run_until_complete finished with '0'
[3.300s] DEBUG:colcon.colcon_core.event_reactor:joining thread
[3.314s] INFO:colcon.colcon_core.plugin_system:Skipping extension 'colcon_notification.desktop_notification.terminal_notifier': Not used on non-Darwin systems
[3.314s] INFO:colcon.colcon_core.plugin_system:Skipping extension 'colcon_notification.desktop_notification.win32': Not used on non-Windows systems
[3.314s] INFO:colcon.colcon_notification.desktop_notification:Sending desktop notification using 'notify2'
[3.358s] DEBUG:colcon.colcon_core.event_reactor:joined thread
[3.360s] INFO:colcon.colcon_core.shell:Creating prefix script '/home/kcpham/133ws/install/local_setup.ps1'
[3.362s] INFO:colcon.colcon_core.shell:Creating prefix util module '/home/kcpham/133ws/install/_local_setup_util_ps1.py'
[3.364s] INFO:colcon.colcon_core.shell:Creating prefix chain script '/home/kcpham/133ws/install/setup.ps1'
[3.366s] INFO:colcon.colcon_core.shell:Creating prefix script '/home/kcpham/133ws/install/local_setup.sh'
[3.368s] INFO:colcon.colcon_core.shell:Creating prefix util module '/home/kcpham/133ws/install/_local_setup_util_sh.py'
[3.369s] INFO:colcon.colcon_core.shell:Creating prefix chain script '/home/kcpham/133ws/install/setup.sh'
[3.371s] INFO:colcon.colcon_core.shell:Creating prefix script '/home/kcpham/133ws/install/local_setup.bash'
[3.373s] INFO:colcon.colcon_core.shell:Creating prefix chain script '/home/kcpham/133ws/install/setup.bash'
[3.375s] INFO:colcon.colcon_core.shell:Creating prefix script '/home/kcpham/133ws/install/local_setup.zsh'
[3.376s] INFO:colcon.colcon_core.shell:Creating prefix chain script '/home/kcpham/133ws/install/setup.zsh'
