[1.619s] Invoking command in '/home/kcpham/133ws/build/hw3code': PYTHONPATH=/home/kcpham/133ws/install/hw3code/lib/python3.10/site-packages:${PYTHONPATH} /usr/bin/python3 setup.py develop --prefix /home/kcpham/133ws/install/hw3code --editable --build-directory /home/kcpham/133ws/build/hw3code/build --no-deps install_data --install-dir /home/kcpham/133ws/install/hw3code
[2.021s] running develop
[2.023s] /usr/lib/python3/dist-packages/setuptools/command/easy_install.py:158: EasyInstallDeprecationWarning: easy_install command is deprecated. Use build and pip and other standards-based tools.
[2.023s]   warnings.warn(
[2.025s] /usr/lib/python3/dist-packages/setuptools/command/install.py:34: SetuptoolsDeprecationWarning: setup.py install is deprecated. Use build and pip and other standards-based tools.
[2.025s]   warnings.warn(
[2.120s] /usr/lib/python3/dist-packages/pkg_resources/__init__.py:116: PkgResourcesDeprecationWarning: 1.1build1 is an invalid version and will not be supported in a future release
[2.120s]   warnings.warn(
[2.123s] /usr/lib/python3/dist-packages/pkg_resources/__init__.py:116: PkgResourcesDeprecationWarning: 0.1.43ubuntu1 is an invalid version and will not be supported in a future release
[2.123s]   warnings.warn(
[2.316s] running egg_info
[2.316s] writing hw3code.egg-info/PKG-INFO
[2.316s] writing dependency_links to hw3code.egg-info/dependency_links.txt
[2.316s] writing entry points to hw3code.egg-info/entry_points.txt
[2.316s] writing requirements to hw3code.egg-info/requires.txt
[2.317s] writing top-level names to hw3code.egg-info/top_level.txt
[2.319s] reading manifest file 'hw3code.egg-info/SOURCES.txt'
[2.319s] writing manifest file 'hw3code.egg-info/SOURCES.txt'
[2.320s] running build_ext
[2.320s] Creating /home/kcpham/133ws/install/hw3code/lib/python3.10/site-packages/hw3code.egg-link (link to .)
[2.322s] Installing hw3p3 script to /home/kcpham/133ws/install/hw3code/lib/hw3code
[2.331s] Installing hw3p4 script to /home/kcpham/133ws/install/hw3code/lib/hw3code
[2.332s] Installing hw3p5 script to /home/kcpham/133ws/install/hw3code/lib/hw3code
[2.332s] 
[2.332s] Installed /home/kcpham/133ws/build/hw3code
[2.332s] running install_data
[2.364s] Invoked command in '/home/kcpham/133ws/build/hw3code' returned '0': PYTHONPATH=/home/kcpham/133ws/install/hw3code/lib/python3.10/site-packages:${PYTHONPATH} /usr/bin/python3 setup.py develop --prefix /home/kcpham/133ws/install/hw3code --editable --build-directory /home/kcpham/133ws/build/hw3code/build --no-deps install_data --install-dir /home/kcpham/133ws/install/hw3code
