[0.702s] DEBUG:colcon:Command line arguments: ['/usr/bin/colcon', 'build', '--symlink-instal']
[0.702s] DEBUG:colcon:Parsed command line arguments: Namespace(log_base=None, log_level=None, verb_name='build', build_base='build', install_base='install', merge_install=False, symlink_install=True, test_result_base=None, continue_on_error=False, executor='parallel', parallel_workers=4, event_handlers=None, ignore_user_meta=False, metas=['./colcon.meta'], base_paths=['.'], packages_ignore=None, packages_ignore_regex=None, paths=None, packages_up_to=None, packages_up_to_regex=None, packages_above=None, packages_above_and_dependencies=None, packages_above_depth=None, packages_select_by_dep=None, packages_skip_by_dep=None, packages_skip_up_to=None, packages_select_build_failed=False, packages_skip_build_finished=False, packages_select_test_failures=False, packages_skip_test_passed=False, packages_select=None, packages_skip=None, packages_select_regex=None, packages_skip_regex=None, packages_start=None, packages_end=None, allow_overriding=[], cmake_args=None, cmake_target=None, cmake_target_skip_unavailable=False, cmake_clean_cache=False, cmake_clean_first=False, cmake_force_configure=False, ament_cmake_args=None, catkin_cmake_args=None, catkin_skip_building_tests=False, verb_parser=<colcon_defaults.argument_parser.defaults.DefaultArgumentsDecorator object at 0x7ff399807130>, verb_extension=<colcon_core.verb.build.BuildVerb object at 0x7ff3999a3ee0>, main=<bound method BuildVerb.main of <colcon_core.verb.build.BuildVerb object at 0x7ff3999a3ee0>>)
[0.776s] Level 1:colcon.colcon_core.package_discovery:discover_packages(colcon_meta) check parameters
[0.776s] Level 1:colcon.colcon_core.package_discovery:discover_packages(recursive) check parameters
[0.776s] Level 1:colcon.colcon_core.package_discovery:discover_packages(ignore) check parameters
[0.776s] Level 1:colcon.colcon_core.package_discovery:discover_packages(path) check parameters
[0.776s] Level 1:colcon.colcon_core.package_discovery:discover_packages(colcon_meta) discover
[0.776s] Level 1:colcon.colcon_core.package_discovery:discover_packages(recursive) discover
[0.776s] INFO:colcon.colcon_core.package_discovery:Crawling recursively for packages in '/home/kcpham/133ws'
[0.776s] Level 1:colcon.colcon_core.package_identification:_identify(.) by extensions ['ignore', 'ignore_ament_install']
[0.776s] Level 1:colcon.colcon_core.package_identification:_identify(.) by extension 'ignore'
[0.776s] Level 1:colcon.colcon_core.package_identification:_identify(.) by extension 'ignore_ament_install'
[0.776s] Level 1:colcon.colcon_core.package_identification:_identify(.) by extensions ['colcon_pkg']
[0.776s] Level 1:colcon.colcon_core.package_identification:_identify(.) by extension 'colcon_pkg'
[0.776s] Level 1:colcon.colcon_core.package_identification:_identify(.) by extensions ['colcon_meta']
[0.776s] Level 1:colcon.colcon_core.package_identification:_identify(.) by extension 'colcon_meta'
[0.776s] Level 1:colcon.colcon_core.package_identification:_identify(.) by extensions ['ros']
[0.777s] Level 1:colcon.colcon_core.package_identification:_identify(.) by extension 'ros'
[0.802s] Level 1:colcon.colcon_core.package_identification:_identify(.) by extensions ['cmake', 'python']
[0.803s] Level 1:colcon.colcon_core.package_identification:_identify(.) by extension 'cmake'
[0.803s] Level 1:colcon.colcon_core.package_identification:_identify(.) by extension 'python'
[0.803s] Level 1:colcon.colcon_core.package_identification:_identify(.) by extensions ['python_setup_py']
[0.803s] Level 1:colcon.colcon_core.package_identification:_identify(.) by extension 'python_setup_py'
[0.803s] Level 1:colcon.colcon_core.package_identification:_identify(build) by extensions ['ignore', 'ignore_ament_install']
[0.803s] Level 1:colcon.colcon_core.package_identification:_identify(build) by extension 'ignore'
[0.803s] Level 1:colcon.colcon_core.package_identification:_identify(build) ignored
[0.803s] Level 1:colcon.colcon_core.package_identification:_identify(install) by extensions ['ignore', 'ignore_ament_install']
[0.803s] Level 1:colcon.colcon_core.package_identification:_identify(install) by extension 'ignore'
[0.803s] Level 1:colcon.colcon_core.package_identification:_identify(install) ignored
[0.803s] Level 1:colcon.colcon_core.package_identification:_identify(log) by extensions ['ignore', 'ignore_ament_install']
[0.803s] Level 1:colcon.colcon_core.package_identification:_identify(log) by extension 'ignore'
[0.803s] Level 1:colcon.colcon_core.package_identification:_identify(log) ignored
[0.803s] Level 1:colcon.colcon_core.package_identification:_identify(src) by extensions ['ignore', 'ignore_ament_install']
[0.803s] Level 1:colcon.colcon_core.package_identification:_identify(src) by extension 'ignore'
[0.803s] Level 1:colcon.colcon_core.package_identification:_identify(src) by extension 'ignore_ament_install'
[0.804s] Level 1:colcon.colcon_core.package_identification:_identify(src) by extensions ['colcon_pkg']
[0.804s] Level 1:colcon.colcon_core.package_identification:_identify(src) by extension 'colcon_pkg'
[0.804s] Level 1:colcon.colcon_core.package_identification:_identify(src) by extensions ['colcon_meta']
[0.804s] Level 1:colcon.colcon_core.package_identification:_identify(src) by extension 'colcon_meta'
[0.804s] Level 1:colcon.colcon_core.package_identification:_identify(src) by extensions ['ros']
[0.804s] Level 1:colcon.colcon_core.package_identification:_identify(src) by extension 'ros'
[0.804s] Level 1:colcon.colcon_core.package_identification:_identify(src) by extensions ['cmake', 'python']
[0.804s] Level 1:colcon.colcon_core.package_identification:_identify(src) by extension 'cmake'
[0.804s] Level 1:colcon.colcon_core.package_identification:_identify(src) by extension 'python'
[0.804s] Level 1:colcon.colcon_core.package_identification:_identify(src) by extensions ['python_setup_py']
[0.804s] Level 1:colcon.colcon_core.package_identification:_identify(src) by extension 'python_setup_py'
[0.804s] Level 1:colcon.colcon_core.package_identification:_identify(src/atlas_description) by extensions ['ignore', 'ignore_ament_install']
[0.804s] Level 1:colcon.colcon_core.package_identification:_identify(src/atlas_description) by extension 'ignore'
[0.804s] Level 1:colcon.colcon_core.package_identification:_identify(src/atlas_description) by extension 'ignore_ament_install'
[0.804s] Level 1:colcon.colcon_core.package_identification:_identify(src/atlas_description) by extensions ['colcon_pkg']
[0.804s] Level 1:colcon.colcon_core.package_identification:_identify(src/atlas_description) by extension 'colcon_pkg'
[0.804s] Level 1:colcon.colcon_core.package_identification:_identify(src/atlas_description) by extensions ['colcon_meta']
[0.804s] Level 1:colcon.colcon_core.package_identification:_identify(src/atlas_description) by extension 'colcon_meta'
[0.804s] Level 1:colcon.colcon_core.package_identification:_identify(src/atlas_description) by extensions ['ros']
[0.804s] Level 1:colcon.colcon_core.package_identification:_identify(src/atlas_description) by extension 'ros'
[0.811s] DEBUG:colcon.colcon_core.package_identification:Package 'src/atlas_description' with type 'ros.ament_cmake' and name 'atlas_description'
[0.811s] Level 1:colcon.colcon_core.package_identification:_identify(src/hw3code) by extensions ['ignore', 'ignore_ament_install']
[0.811s] Level 1:colcon.colcon_core.package_identification:_identify(src/hw3code) by extension 'ignore'
[0.811s] Level 1:colcon.colcon_core.package_identification:_identify(src/hw3code) by extension 'ignore_ament_install'
[0.811s] Level 1:colcon.colcon_core.package_identification:_identify(src/hw3code) by extensions ['colcon_pkg']
[0.811s] Level 1:colcon.colcon_core.package_identification:_identify(src/hw3code) by extension 'colcon_pkg'
[0.811s] Level 1:colcon.colcon_core.package_identification:_identify(src/hw3code) by extensions ['colcon_meta']
[0.811s] Level 1:colcon.colcon_core.package_identification:_identify(src/hw3code) by extension 'colcon_meta'
[0.811s] Level 1:colcon.colcon_core.package_identification:_identify(src/hw3code) by extensions ['ros']
[0.811s] Level 1:colcon.colcon_core.package_identification:_identify(src/hw3code) by extension 'ros'
[0.812s] DEBUG:colcon.colcon_core.package_identification:Package 'src/hw3code' with type 'ros.ament_python' and name 'hw3code'
[0.813s] Level 1:colcon.colcon_core.package_identification:_identify(src/hw4code) by extensions ['ignore', 'ignore_ament_install']
[0.813s] Level 1:colcon.colcon_core.package_identification:_identify(src/hw4code) by extension 'ignore'
[0.813s] Level 1:colcon.colcon_core.package_identification:_identify(src/hw4code) by extension 'ignore_ament_install'
[0.813s] Level 1:colcon.colcon_core.package_identification:_identify(src/hw4code) by extensions ['colcon_pkg']
[0.813s] Level 1:colcon.colcon_core.package_identification:_identify(src/hw4code) by extension 'colcon_pkg'
[0.813s] Level 1:colcon.colcon_core.package_identification:_identify(src/hw4code) by extensions ['colcon_meta']
[0.813s] Level 1:colcon.colcon_core.package_identification:_identify(src/hw4code) by extension 'colcon_meta'
[0.813s] Level 1:colcon.colcon_core.package_identification:_identify(src/hw4code) by extensions ['ros']
[0.813s] Level 1:colcon.colcon_core.package_identification:_identify(src/hw4code) by extension 'ros'
[0.814s] DEBUG:colcon.colcon_core.package_identification:Package 'src/hw4code' with type 'ros.ament_python' and name 'hw4code'
[0.814s] Level 1:colcon.colcon_core.package_identification:_identify(src/hw5code) by extensions ['ignore', 'ignore_ament_install']
[0.814s] Level 1:colcon.colcon_core.package_identification:_identify(src/hw5code) by extension 'ignore'
[0.814s] Level 1:colcon.colcon_core.package_identification:_identify(src/hw5code) by extension 'ignore_ament_install'
[0.814s] Level 1:colcon.colcon_core.package_identification:_identify(src/hw5code) by extensions ['colcon_pkg']
[0.814s] Level 1:colcon.colcon_core.package_identification:_identify(src/hw5code) by extension 'colcon_pkg'
[0.814s] Level 1:colcon.colcon_core.package_identification:_identify(src/hw5code) by extensions ['colcon_meta']
[0.814s] Level 1:colcon.colcon_core.package_identification:_identify(src/hw5code) by extension 'colcon_meta'
[0.814s] Level 1:colcon.colcon_core.package_identification:_identify(src/hw5code) by extensions ['ros']
[0.814s] Level 1:colcon.colcon_core.package_identification:_identify(src/hw5code) by extension 'ros'
[0.814s] Level 1:colcon.colcon_core.package_identification:_identify(src/hw5code) by extensions ['cmake', 'python']
[0.814s] Level 1:colcon.colcon_core.package_identification:_identify(src/hw5code) by extension 'cmake'
[0.814s] Level 1:colcon.colcon_core.package_identification:_identify(src/hw5code) by extension 'python'
[0.815s] Level 1:colcon.colcon_core.package_identification:_identify(src/hw5code) by extensions ['python_setup_py']
[0.815s] Level 1:colcon.colcon_core.package_identification:_identify(src/hw5code) by extension 'python_setup_py'
[0.815s] Level 1:colcon.colcon_core.package_identification:_identify(src/hw5code/__MACOSX) by extensions ['ignore', 'ignore_ament_install']
[0.815s] Level 1:colcon.colcon_core.package_identification:_identify(src/hw5code/__MACOSX) by extension 'ignore'
[0.815s] Level 1:colcon.colcon_core.package_identification:_identify(src/hw5code/__MACOSX) by extension 'ignore_ament_install'
[0.815s] Level 1:colcon.colcon_core.package_identification:_identify(src/hw5code/__MACOSX) by extensions ['colcon_pkg']
[0.815s] Level 1:colcon.colcon_core.package_identification:_identify(src/hw5code/__MACOSX) by extension 'colcon_pkg'
[0.815s] Level 1:colcon.colcon_core.package_identification:_identify(src/hw5code/__MACOSX) by extensions ['colcon_meta']
[0.815s] Level 1:colcon.colcon_core.package_identification:_identify(src/hw5code/__MACOSX) by extension 'colcon_meta'
[0.815s] Level 1:colcon.colcon_core.package_identification:_identify(src/hw5code/__MACOSX) by extensions ['ros']
[0.815s] Level 1:colcon.colcon_core.package_identification:_identify(src/hw5code/__MACOSX) by extension 'ros'
[0.815s] Level 1:colcon.colcon_core.package_identification:_identify(src/hw5code/__MACOSX) by extensions ['cmake', 'python']
[0.815s] Level 1:colcon.colcon_core.package_identification:_identify(src/hw5code/__MACOSX) by extension 'cmake'
[0.815s] Level 1:colcon.colcon_core.package_identification:_identify(src/hw5code/__MACOSX) by extension 'python'
[0.815s] Level 1:colcon.colcon_core.package_identification:_identify(src/hw5code/__MACOSX) by extensions ['python_setup_py']
[0.815s] Level 1:colcon.colcon_core.package_identification:_identify(src/hw5code/__MACOSX) by extension 'python_setup_py'
[0.816s] Level 1:colcon.colcon_core.package_identification:_identify(src/hw5code/__MACOSX/hw5code) by extensions ['ignore', 'ignore_ament_install']
[0.816s] Level 1:colcon.colcon_core.package_identification:_identify(src/hw5code/__MACOSX/hw5code) by extension 'ignore'
[0.816s] Level 1:colcon.colcon_core.package_identification:_identify(src/hw5code/__MACOSX/hw5code) by extension 'ignore_ament_install'
[0.816s] Level 1:colcon.colcon_core.package_identification:_identify(src/hw5code/__MACOSX/hw5code) by extensions ['colcon_pkg']
[0.816s] Level 1:colcon.colcon_core.package_identification:_identify(src/hw5code/__MACOSX/hw5code) by extension 'colcon_pkg'
[0.816s] Level 1:colcon.colcon_core.package_identification:_identify(src/hw5code/__MACOSX/hw5code) by extensions ['colcon_meta']
[0.816s] Level 1:colcon.colcon_core.package_identification:_identify(src/hw5code/__MACOSX/hw5code) by extension 'colcon_meta'
[0.816s] Level 1:colcon.colcon_core.package_identification:_identify(src/hw5code/__MACOSX/hw5code) by extensions ['ros']
[0.816s] Level 1:colcon.colcon_core.package_identification:_identify(src/hw5code/__MACOSX/hw5code) by extension 'ros'
[0.816s] Level 1:colcon.colcon_core.package_identification:_identify(src/hw5code/__MACOSX/hw5code) by extensions ['cmake', 'python']
[0.816s] Level 1:colcon.colcon_core.package_identification:_identify(src/hw5code/__MACOSX/hw5code) by extension 'cmake'
[0.816s] Level 1:colcon.colcon_core.package_identification:_identify(src/hw5code/__MACOSX/hw5code) by extension 'python'
[0.816s] Level 1:colcon.colcon_core.package_identification:_identify(src/hw5code/__MACOSX/hw5code) by extensions ['python_setup_py']
[0.816s] Level 1:colcon.colcon_core.package_identification:_identify(src/hw5code/__MACOSX/hw5code) by extension 'python_setup_py'
[0.817s] Level 1:colcon.colcon_core.package_identification:_identify(src/hw5code/__MACOSX/hw5code/meshes) by extensions ['ignore', 'ignore_ament_install']
[0.817s] Level 1:colcon.colcon_core.package_identification:_identify(src/hw5code/__MACOSX/hw5code/meshes) by extension 'ignore'
[0.817s] Level 1:colcon.colcon_core.package_identification:_identify(src/hw5code/__MACOSX/hw5code/meshes) by extension 'ignore_ament_install'
[0.817s] Level 1:colcon.colcon_core.package_identification:_identify(src/hw5code/__MACOSX/hw5code/meshes) by extensions ['colcon_pkg']
[0.817s] Level 1:colcon.colcon_core.package_identification:_identify(src/hw5code/__MACOSX/hw5code/meshes) by extension 'colcon_pkg'
[0.817s] Level 1:colcon.colcon_core.package_identification:_identify(src/hw5code/__MACOSX/hw5code/meshes) by extensions ['colcon_meta']
[0.817s] Level 1:colcon.colcon_core.package_identification:_identify(src/hw5code/__MACOSX/hw5code/meshes) by extension 'colcon_meta'
[0.817s] Level 1:colcon.colcon_core.package_identification:_identify(src/hw5code/__MACOSX/hw5code/meshes) by extensions ['ros']
[0.817s] Level 1:colcon.colcon_core.package_identification:_identify(src/hw5code/__MACOSX/hw5code/meshes) by extension 'ros'
[0.817s] Level 1:colcon.colcon_core.package_identification:_identify(src/hw5code/__MACOSX/hw5code/meshes) by extensions ['cmake', 'python']
[0.817s] Level 1:colcon.colcon_core.package_identification:_identify(src/hw5code/__MACOSX/hw5code/meshes) by extension 'cmake'
[0.817s] Level 1:colcon.colcon_core.package_identification:_identify(src/hw5code/__MACOSX/hw5code/meshes) by extension 'python'
[0.817s] Level 1:colcon.colcon_core.package_identification:_identify(src/hw5code/__MACOSX/hw5code/meshes) by extensions ['python_setup_py']
[0.817s] Level 1:colcon.colcon_core.package_identification:_identify(src/hw5code/__MACOSX/hw5code/meshes) by extension 'python_setup_py'
[0.818s] Level 1:colcon.colcon_core.package_identification:_identify(src/hw5code/hw5code) by extensions ['ignore', 'ignore_ament_install']
[0.818s] Level 1:colcon.colcon_core.package_identification:_identify(src/hw5code/hw5code) by extension 'ignore'
[0.818s] Level 1:colcon.colcon_core.package_identification:_identify(src/hw5code/hw5code) by extension 'ignore_ament_install'
[0.818s] Level 1:colcon.colcon_core.package_identification:_identify(src/hw5code/hw5code) by extensions ['colcon_pkg']
[0.818s] Level 1:colcon.colcon_core.package_identification:_identify(src/hw5code/hw5code) by extension 'colcon_pkg'
[0.818s] Level 1:colcon.colcon_core.package_identification:_identify(src/hw5code/hw5code) by extensions ['colcon_meta']
[0.818s] Level 1:colcon.colcon_core.package_identification:_identify(src/hw5code/hw5code) by extension 'colcon_meta'
[0.818s] Level 1:colcon.colcon_core.package_identification:_identify(src/hw5code/hw5code) by extensions ['ros']
[0.818s] Level 1:colcon.colcon_core.package_identification:_identify(src/hw5code/hw5code) by extension 'ros'
[0.819s] DEBUG:colcon.colcon_core.package_identification:Package 'src/hw5code/hw5code' with type 'ros.ament_python' and name 'hw5code'
[0.819s] Level 1:colcon.colcon_core.package_identification:_identify(src/hw6code) by extensions ['ignore', 'ignore_ament_install']
[0.819s] Level 1:colcon.colcon_core.package_identification:_identify(src/hw6code) by extension 'ignore'
[0.819s] Level 1:colcon.colcon_core.package_identification:_identify(src/hw6code) by extension 'ignore_ament_install'
[0.820s] Level 1:colcon.colcon_core.package_identification:_identify(src/hw6code) by extensions ['colcon_pkg']
[0.820s] Level 1:colcon.colcon_core.package_identification:_identify(src/hw6code) by extension 'colcon_pkg'
[0.820s] Level 1:colcon.colcon_core.package_identification:_identify(src/hw6code) by extensions ['colcon_meta']
[0.820s] Level 1:colcon.colcon_core.package_identification:_identify(src/hw6code) by extension 'colcon_meta'
[0.820s] Level 1:colcon.colcon_core.package_identification:_identify(src/hw6code) by extensions ['ros']
[0.820s] Level 1:colcon.colcon_core.package_identification:_identify(src/hw6code) by extension 'ros'
[0.820s] DEBUG:colcon.colcon_core.package_identification:Package 'src/hw6code' with type 'ros.ament_python' and name 'hw6code'
[0.820s] Level 1:colcon.colcon_core.package_discovery:discover_packages(recursive) using defaults
[0.820s] Level 1:colcon.colcon_core.package_discovery:discover_packages(ignore) discover
[0.820s] Level 1:colcon.colcon_core.package_discovery:discover_packages(ignore) using defaults
[0.820s] Level 1:colcon.colcon_core.package_discovery:discover_packages(path) discover
[0.820s] Level 1:colcon.colcon_core.package_discovery:discover_packages(path) using defaults
[0.878s] Level 1:colcon.colcon_core.package_discovery:discover_packages(prefix_path) check parameters
[0.878s] Level 1:colcon.colcon_core.package_discovery:discover_packages(prefix_path) discover
[0.885s] DEBUG:colcon.colcon_installed_package_information.package_discovery:Found 4 installed packages in /home/kcpham/133ws/install
[0.886s] DEBUG:colcon.colcon_installed_package_information.package_discovery:Found 379 installed packages in /opt/ros/humble
[0.888s] Level 1:colcon.colcon_core.package_discovery:discover_packages(prefix_path) using defaults
[0.953s] Level 5:colcon.colcon_core.verb:set package 'atlas_description' build argument 'cmake_args' from command line to 'None'
[0.953s] Level 5:colcon.colcon_core.verb:set package 'atlas_description' build argument 'cmake_target' from command line to 'None'
[0.953s] Level 5:colcon.colcon_core.verb:set package 'atlas_description' build argument 'cmake_target_skip_unavailable' from command line to 'False'
[0.953s] Level 5:colcon.colcon_core.verb:set package 'atlas_description' build argument 'cmake_clean_cache' from command line to 'False'
[0.953s] Level 5:colcon.colcon_core.verb:set package 'atlas_description' build argument 'cmake_clean_first' from command line to 'False'
[0.953s] Level 5:colcon.colcon_core.verb:set package 'atlas_description' build argument 'cmake_force_configure' from command line to 'False'
[0.953s] Level 5:colcon.colcon_core.verb:set package 'atlas_description' build argument 'ament_cmake_args' from command line to 'None'
[0.953s] Level 5:colcon.colcon_core.verb:set package 'atlas_description' build argument 'catkin_cmake_args' from command line to 'None'
[0.954s] Level 5:colcon.colcon_core.verb:set package 'atlas_description' build argument 'catkin_skip_building_tests' from command line to 'False'
[0.954s] DEBUG:colcon.colcon_core.verb:Building package 'atlas_description' with the following arguments: {'ament_cmake_args': None, 'build_base': '/home/kcpham/133ws/build/atlas_description', 'catkin_cmake_args': None, 'catkin_skip_building_tests': False, 'cmake_args': None, 'cmake_clean_cache': False, 'cmake_clean_first': False, 'cmake_force_configure': False, 'cmake_target': None, 'cmake_target_skip_unavailable': False, 'install_base': '/home/kcpham/133ws/install/atlas_description', 'merge_install': False, 'path': '/home/kcpham/133ws/src/atlas_description', 'symlink_install': True, 'test_result_base': None}
[0.954s] Level 5:colcon.colcon_core.verb:set package 'hw3code' build argument 'cmake_args' from command line to 'None'
[0.954s] Level 5:colcon.colcon_core.verb:set package 'hw3code' build argument 'cmake_target' from command line to 'None'
[0.954s] Level 5:colcon.colcon_core.verb:set package 'hw3code' build argument 'cmake_target_skip_unavailable' from command line to 'False'
[0.954s] Level 5:colcon.colcon_core.verb:set package 'hw3code' build argument 'cmake_clean_cache' from command line to 'False'
[0.954s] Level 5:colcon.colcon_core.verb:set package 'hw3code' build argument 'cmake_clean_first' from command line to 'False'
[0.954s] Level 5:colcon.colcon_core.verb:set package 'hw3code' build argument 'cmake_force_configure' from command line to 'False'
[0.954s] Level 5:colcon.colcon_core.verb:set package 'hw3code' build argument 'ament_cmake_args' from command line to 'None'
[0.954s] Level 5:colcon.colcon_core.verb:set package 'hw3code' build argument 'catkin_cmake_args' from command line to 'None'
[0.954s] Level 5:colcon.colcon_core.verb:set package 'hw3code' build argument 'catkin_skip_building_tests' from command line to 'False'
[0.954s] DEBUG:colcon.colcon_core.verb:Building package 'hw3code' with the following arguments: {'ament_cmake_args': None, 'build_base': '/home/kcpham/133ws/build/hw3code', 'catkin_cmake_args': None, 'catkin_skip_building_tests': False, 'cmake_args': None, 'cmake_clean_cache': False, 'cmake_clean_first': False, 'cmake_force_configure': False, 'cmake_target': None, 'cmake_target_skip_unavailable': False, 'install_base': '/home/kcpham/133ws/install/hw3code', 'merge_install': False, 'path': '/home/kcpham/133ws/src/hw3code', 'symlink_install': True, 'test_result_base': None}
[0.955s] Level 5:colcon.colcon_core.verb:set package 'hw4code' build argument 'cmake_args' from command line to 'None'
[0.955s] Level 5:colcon.colcon_core.verb:set package 'hw4code' build argument 'cmake_target' from command line to 'None'
[0.955s] Level 5:colcon.colcon_core.verb:set package 'hw4code' build argument 'cmake_target_skip_unavailable' from command line to 'False'
[0.955s] Level 5:colcon.colcon_core.verb:set package 'hw4code' build argument 'cmake_clean_cache' from command line to 'False'
[0.955s] Level 5:colcon.colcon_core.verb:set package 'hw4code' build argument 'cmake_clean_first' from command line to 'False'
[0.955s] Level 5:colcon.colcon_core.verb:set package 'hw4code' build argument 'cmake_force_configure' from command line to 'False'
[0.955s] Level 5:colcon.colcon_core.verb:set package 'hw4code' build argument 'ament_cmake_args' from command line to 'None'
[0.955s] Level 5:colcon.colcon_core.verb:set package 'hw4code' build argument 'catkin_cmake_args' from command line to 'None'
[0.955s] Level 5:colcon.colcon_core.verb:set package 'hw4code' build argument 'catkin_skip_building_tests' from command line to 'False'
[0.955s] DEBUG:colcon.colcon_core.verb:Building package 'hw4code' with the following arguments: {'ament_cmake_args': None, 'build_base': '/home/kcpham/133ws/build/hw4code', 'catkin_cmake_args': None, 'catkin_skip_building_tests': False, 'cmake_args': None, 'cmake_clean_cache': False, 'cmake_clean_first': False, 'cmake_force_configure': False, 'cmake_target': None, 'cmake_target_skip_unavailable': False, 'install_base': '/home/kcpham/133ws/install/hw4code', 'merge_install': False, 'path': '/home/kcpham/133ws/src/hw4code', 'symlink_install': True, 'test_result_base': None}
[0.956s] Level 5:colcon.colcon_core.verb:set package 'hw5code' build argument 'cmake_args' from command line to 'None'
[0.956s] Level 5:colcon.colcon_core.verb:set package 'hw5code' build argument 'cmake_target' from command line to 'None'
[0.956s] Level 5:colcon.colcon_core.verb:set package 'hw5code' build argument 'cmake_target_skip_unavailable' from command line to 'False'
[0.956s] Level 5:colcon.colcon_core.verb:set package 'hw5code' build argument 'cmake_clean_cache' from command line to 'False'
[0.956s] Level 5:colcon.colcon_core.verb:set package 'hw5code' build argument 'cmake_clean_first' from command line to 'False'
[0.956s] Level 5:colcon.colcon_core.verb:set package 'hw5code' build argument 'cmake_force_configure' from command line to 'False'
[0.956s] Level 5:colcon.colcon_core.verb:set package 'hw5code' build argument 'ament_cmake_args' from command line to 'None'
[0.956s] Level 5:colcon.colcon_core.verb:set package 'hw5code' build argument 'catkin_cmake_args' from command line to 'None'
[0.956s] Level 5:colcon.colcon_core.verb:set package 'hw5code' build argument 'catkin_skip_building_tests' from command line to 'False'
[0.956s] DEBUG:colcon.colcon_core.verb:Building package 'hw5code' with the following arguments: {'ament_cmake_args': None, 'build_base': '/home/kcpham/133ws/build/hw5code', 'catkin_cmake_args': None, 'catkin_skip_building_tests': False, 'cmake_args': None, 'cmake_clean_cache': False, 'cmake_clean_first': False, 'cmake_force_configure': False, 'cmake_target': None, 'cmake_target_skip_unavailable': False, 'install_base': '/home/kcpham/133ws/install/hw5code', 'merge_install': False, 'path': '/home/kcpham/133ws/src/hw5code/hw5code', 'symlink_install': True, 'test_result_base': None}
[0.956s] Level 5:colcon.colcon_core.verb:set package 'hw6code' build argument 'cmake_args' from command line to 'None'
[0.957s] Level 5:colcon.colcon_core.verb:set package 'hw6code' build argument 'cmake_target' from command line to 'None'
[0.957s] Level 5:colcon.colcon_core.verb:set package 'hw6code' build argument 'cmake_target_skip_unavailable' from command line to 'False'
[0.957s] Level 5:colcon.colcon_core.verb:set package 'hw6code' build argument 'cmake_clean_cache' from command line to 'False'
[0.957s] Level 5:colcon.colcon_core.verb:set package 'hw6code' build argument 'cmake_clean_first' from command line to 'False'
[0.957s] Level 5:colcon.colcon_core.verb:set package 'hw6code' build argument 'cmake_force_configure' from command line to 'False'
[0.957s] Level 5:colcon.colcon_core.verb:set package 'hw6code' build argument 'ament_cmake_args' from command line to 'None'
[0.957s] Level 5:colcon.colcon_core.verb:set package 'hw6code' build argument 'catkin_cmake_args' from command line to 'None'
[0.957s] Level 5:colcon.colcon_core.verb:set package 'hw6code' build argument 'catkin_skip_building_tests' from command line to 'False'
[0.957s] DEBUG:colcon.colcon_core.verb:Building package 'hw6code' with the following arguments: {'ament_cmake_args': None, 'build_base': '/home/kcpham/133ws/build/hw6code', 'catkin_cmake_args': None, 'catkin_skip_building_tests': False, 'cmake_args': None, 'cmake_clean_cache': False, 'cmake_clean_first': False, 'cmake_force_configure': False, 'cmake_target': None, 'cmake_target_skip_unavailable': False, 'install_base': '/home/kcpham/133ws/install/hw6code', 'merge_install': False, 'path': '/home/kcpham/133ws/src/hw6code', 'symlink_install': True, 'test_result_base': None}
[0.957s] INFO:colcon.colcon_core.executor:Executing jobs using 'parallel' executor
[0.962s] DEBUG:colcon.colcon_parallel_executor.executor.parallel:run_until_complete
[0.964s] INFO:colcon.colcon_ros.task.ament_cmake.build:Building ROS package in '/home/kcpham/133ws/src/atlas_description' with build type 'ament_cmake'
[0.964s] INFO:colcon.colcon_cmake.task.cmake.build:Building CMake package in '/home/kcpham/133ws/src/atlas_description'
[0.991s] INFO:colcon.colcon_core.plugin_system:Skipping extension 'colcon_core.shell.bat': Not used on non-Windows systems
[0.991s] INFO:colcon.colcon_core.shell:Skip shell extension 'powershell' for command environment: Not usable outside of PowerShell
[0.991s] DEBUG:colcon.colcon_core.shell:Skip shell extension 'dsv' for command environment
[0.999s] INFO:colcon.colcon_ros.task.ament_python.build:Building ROS package in '/home/kcpham/133ws/src/hw3code' with build type 'ament_python'
[0.999s] Level 1:colcon.colcon_core.shell:create_environment_hook('hw3code', 'ament_prefix_path')
[1.000s] INFO:colcon.colcon_core.shell:Creating environment hook '/home/kcpham/133ws/install/hw3code/share/hw3code/hook/ament_prefix_path.ps1'
[1.004s] INFO:colcon.colcon_core.shell:Creating environment descriptor '/home/kcpham/133ws/install/hw3code/share/hw3code/hook/ament_prefix_path.dsv'
[1.006s] INFO:colcon.colcon_core.shell:Creating environment hook '/home/kcpham/133ws/install/hw3code/share/hw3code/hook/ament_prefix_path.sh'
[1.010s] INFO:colcon.colcon_core.shell:Skip shell extension 'powershell' for command environment: Not usable outside of PowerShell
[1.010s] DEBUG:colcon.colcon_core.shell:Skip shell extension 'dsv' for command environment
[1.014s] INFO:colcon.colcon_ros.task.ament_python.build:Building ROS package in '/home/kcpham/133ws/src/hw4code' with build type 'ament_python'
[1.015s] Level 1:colcon.colcon_core.shell:create_environment_hook('hw4code', 'ament_prefix_path')
[1.015s] INFO:colcon.colcon_core.shell:Creating environment hook '/home/kcpham/133ws/install/hw4code/share/hw4code/hook/ament_prefix_path.ps1'
[1.016s] INFO:colcon.colcon_core.shell:Creating environment descriptor '/home/kcpham/133ws/install/hw4code/share/hw4code/hook/ament_prefix_path.dsv'
[1.016s] INFO:colcon.colcon_core.shell:Creating environment hook '/home/kcpham/133ws/install/hw4code/share/hw4code/hook/ament_prefix_path.sh'
[1.018s] INFO:colcon.colcon_core.shell:Skip shell extension 'powershell' for command environment: Not usable outside of PowerShell
[1.018s] DEBUG:colcon.colcon_core.shell:Skip shell extension 'dsv' for command environment
[1.023s] INFO:colcon.colcon_ros.task.ament_python.build:Building ROS package in '/home/kcpham/133ws/src/hw5code/hw5code' with build type 'ament_python'
[1.023s] Level 1:colcon.colcon_core.shell:create_environment_hook('hw5code', 'ament_prefix_path')
[1.024s] INFO:colcon.colcon_core.shell:Creating environment hook '/home/kcpham/133ws/install/hw5code/share/hw5code/hook/ament_prefix_path.ps1'
[1.025s] INFO:colcon.colcon_core.shell:Creating environment descriptor '/home/kcpham/133ws/install/hw5code/share/hw5code/hook/ament_prefix_path.dsv'
[1.025s] INFO:colcon.colcon_core.shell:Creating environment hook '/home/kcpham/133ws/install/hw5code/share/hw5code/hook/ament_prefix_path.sh'
[1.027s] INFO:colcon.colcon_core.shell:Skip shell extension 'powershell' for command environment: Not usable outside of PowerShell
[1.027s] DEBUG:colcon.colcon_core.shell:Skip shell extension 'dsv' for command environment
[1.045s] DEBUG:colcon.colcon_core.event_handler.log_command:Invoking command in '/home/kcpham/133ws/build/atlas_description': CMAKE_PREFIX_PATH=${CMAKE_PREFIX_PATH}:/home/kcpham/133ws/install/hw5code:/home/kcpham/133ws/install/hw4code:/home/kcpham/133ws/install/hw3code:/opt/ros/humble /usr/bin/cmake --build /home/kcpham/133ws/build/atlas_description -- -j4 -l4
[1.276s] INFO:colcon.colcon_core.task.python.build:Building Python package in '/home/kcpham/133ws/src/hw3code'
[1.277s] INFO:colcon.colcon_core.shell:Skip shell extension 'powershell' for command environment: Not usable outside of PowerShell
[1.277s] DEBUG:colcon.colcon_core.shell:Skip shell extension 'dsv' for command environment
[1.492s] INFO:colcon.colcon_core.task.python.build:Building Python package in '/home/kcpham/133ws/src/hw4code'
[1.493s] INFO:colcon.colcon_core.shell:Skip shell extension 'powershell' for command environment: Not usable outside of PowerShell
[1.493s] DEBUG:colcon.colcon_core.shell:Skip shell extension 'dsv' for command environment
[1.693s] INFO:colcon.colcon_core.task.python.build:Building Python package in '/home/kcpham/133ws/src/hw5code/hw5code'
[1.695s] INFO:colcon.colcon_core.shell:Skip shell extension 'powershell' for command environment: Not usable outside of PowerShell
[1.695s] DEBUG:colcon.colcon_core.shell:Skip shell extension 'dsv' for command environment
[1.703s] DEBUG:colcon.colcon_core.event_handler.log_command:Invoked command in '/home/kcpham/133ws/build/atlas_description' returned '0': CMAKE_PREFIX_PATH=${CMAKE_PREFIX_PATH}:/home/kcpham/133ws/install/hw5code:/home/kcpham/133ws/install/hw4code:/home/kcpham/133ws/install/hw3code:/opt/ros/humble /usr/bin/cmake --build /home/kcpham/133ws/build/atlas_description -- -j4 -l4
[1.756s] DEBUG:colcon.colcon_core.event_handler.log_command:Invoking command in '/home/kcpham/133ws/build/atlas_description': CMAKE_PREFIX_PATH=${CMAKE_PREFIX_PATH}:/home/kcpham/133ws/install/hw5code:/home/kcpham/133ws/install/hw4code:/home/kcpham/133ws/install/hw3code:/opt/ros/humble /usr/bin/cmake --install /home/kcpham/133ws/build/atlas_description
[1.863s] Level 1:colcon.colcon_core.environment:create_environment_scripts_only(atlas_description)
[1.864s] DEBUG:colcon.colcon_core.event_handler.log_command:Invoked command in '/home/kcpham/133ws/build/atlas_description' returned '0': CMAKE_PREFIX_PATH=${CMAKE_PREFIX_PATH}:/home/kcpham/133ws/install/hw5code:/home/kcpham/133ws/install/hw4code:/home/kcpham/133ws/install/hw3code:/opt/ros/humble /usr/bin/cmake --install /home/kcpham/133ws/build/atlas_description
[1.882s] Level 1:colcon.colcon_core.environment:checking '/home/kcpham/133ws/install/atlas_description' for CMake module files
[1.882s] Level 1:colcon.colcon_core.environment:checking '/home/kcpham/133ws/install/atlas_description' for CMake config files
[1.883s] Level 1:colcon.colcon_core.shell:create_environment_hook('atlas_description', 'cmake_prefix_path')
[1.884s] INFO:colcon.colcon_core.shell:Creating environment hook '/home/kcpham/133ws/install/atlas_description/share/atlas_description/hook/cmake_prefix_path.ps1'
[1.884s] INFO:colcon.colcon_core.shell:Creating environment descriptor '/home/kcpham/133ws/install/atlas_description/share/atlas_description/hook/cmake_prefix_path.dsv'
[1.885s] INFO:colcon.colcon_core.shell:Creating environment hook '/home/kcpham/133ws/install/atlas_description/share/atlas_description/hook/cmake_prefix_path.sh'
[1.885s] Level 1:colcon.colcon_core.environment:checking '/home/kcpham/133ws/install/atlas_description/bin'
[1.886s] Level 1:colcon.colcon_core.environment:checking '/home/kcpham/133ws/install/atlas_description/lib/pkgconfig/atlas_description.pc'
[1.886s] Level 1:colcon.colcon_core.environment:checking '/home/kcpham/133ws/install/atlas_description/lib/python3.10/site-packages'
[1.886s] Level 1:colcon.colcon_core.environment:checking '/home/kcpham/133ws/install/atlas_description/bin'
[1.887s] INFO:colcon.colcon_core.shell:Creating package script '/home/kcpham/133ws/install/atlas_description/share/atlas_description/package.ps1'
[1.889s] INFO:colcon.colcon_core.shell:Creating package descriptor '/home/kcpham/133ws/install/atlas_description/share/atlas_description/package.dsv'
[1.890s] INFO:colcon.colcon_core.shell:Creating package script '/home/kcpham/133ws/install/atlas_description/share/atlas_description/package.sh'
[1.891s] INFO:colcon.colcon_core.shell:Creating package script '/home/kcpham/133ws/install/atlas_description/share/atlas_description/package.bash'
[1.894s] INFO:colcon.colcon_core.shell:Creating package script '/home/kcpham/133ws/install/atlas_description/share/atlas_description/package.zsh'
[1.896s] Level 1:colcon.colcon_core.environment:create_file_with_runtime_dependencies(/home/kcpham/133ws/install/atlas_description/share/colcon-core/packages/atlas_description)
[1.955s] Level 1:colcon.colcon_core.environment:create_environment_scripts_only(atlas_description)
[1.956s] Level 1:colcon.colcon_core.environment:checking '/home/kcpham/133ws/install/atlas_description' for CMake module files
[1.956s] Level 1:colcon.colcon_core.environment:checking '/home/kcpham/133ws/install/atlas_description' for CMake config files
[1.956s] Level 1:colcon.colcon_core.shell:create_environment_hook('atlas_description', 'cmake_prefix_path')
[1.957s] INFO:colcon.colcon_core.shell:Creating environment hook '/home/kcpham/133ws/install/atlas_description/share/atlas_description/hook/cmake_prefix_path.ps1'
[1.958s] INFO:colcon.colcon_core.shell:Creating environment descriptor '/home/kcpham/133ws/install/atlas_description/share/atlas_description/hook/cmake_prefix_path.dsv'
[1.958s] INFO:colcon.colcon_core.shell:Creating environment hook '/home/kcpham/133ws/install/atlas_description/share/atlas_description/hook/cmake_prefix_path.sh'
[1.959s] Level 1:colcon.colcon_core.environment:checking '/home/kcpham/133ws/install/atlas_description/bin'
[1.959s] Level 1:colcon.colcon_core.environment:checking '/home/kcpham/133ws/install/atlas_description/lib/pkgconfig/atlas_description.pc'
[1.959s] Level 1:colcon.colcon_core.environment:checking '/home/kcpham/133ws/install/atlas_description/lib/python3.10/site-packages'
[1.959s] Level 1:colcon.colcon_core.environment:checking '/home/kcpham/133ws/install/atlas_description/bin'
[1.960s] INFO:colcon.colcon_core.shell:Creating package script '/home/kcpham/133ws/install/atlas_description/share/atlas_description/package.ps1'
[1.961s] INFO:colcon.colcon_core.shell:Creating package descriptor '/home/kcpham/133ws/install/atlas_description/share/atlas_description/package.dsv'
[1.961s] INFO:colcon.colcon_core.shell:Creating package script '/home/kcpham/133ws/install/atlas_description/share/atlas_description/package.sh'
[1.962s] INFO:colcon.colcon_core.shell:Creating package script '/home/kcpham/133ws/install/atlas_description/share/atlas_description/package.bash'
[1.962s] INFO:colcon.colcon_core.shell:Creating package script '/home/kcpham/133ws/install/atlas_description/share/atlas_description/package.zsh'
[1.962s] Level 1:colcon.colcon_core.environment:create_file_with_runtime_dependencies(/home/kcpham/133ws/install/atlas_description/share/colcon-core/packages/atlas_description)
[1.964s] INFO:colcon.colcon_ros.task.ament_python.build:Building ROS package in '/home/kcpham/133ws/src/hw6code' with build type 'ament_python'
[1.964s] Level 1:colcon.colcon_core.shell:create_environment_hook('hw6code', 'ament_prefix_path')
[1.965s] INFO:colcon.colcon_core.shell:Creating environment hook '/home/kcpham/133ws/install/hw6code/share/hw6code/hook/ament_prefix_path.ps1'
[1.965s] INFO:colcon.colcon_core.shell:Creating environment descriptor '/home/kcpham/133ws/install/hw6code/share/hw6code/hook/ament_prefix_path.dsv'
[1.966s] INFO:colcon.colcon_core.shell:Creating environment hook '/home/kcpham/133ws/install/hw6code/share/hw6code/hook/ament_prefix_path.sh'
[1.967s] INFO:colcon.colcon_core.shell:Skip shell extension 'powershell' for command environment: Not usable outside of PowerShell
[1.967s] DEBUG:colcon.colcon_core.shell:Skip shell extension 'dsv' for command environment
[2.304s] INFO:colcon.colcon_core.task.python.build:Building Python package in '/home/kcpham/133ws/src/hw6code'
[2.305s] INFO:colcon.colcon_core.shell:Skip shell extension 'powershell' for command environment: Not usable outside of PowerShell
[2.305s] DEBUG:colcon.colcon_core.shell:Skip shell extension 'dsv' for command environment
[2.317s] DEBUG:colcon.colcon_core.event_handler.log_command:Invoking command in '/home/kcpham/133ws/build/hw3code': PYTHONPATH=/home/kcpham/133ws/install/hw3code/lib/python3.10/site-packages:${PYTHONPATH} /usr/bin/python3 setup.py develop --prefix /home/kcpham/133ws/install/hw3code --editable --build-directory /home/kcpham/133ws/build/hw3code/build --no-deps install_data --install-dir /home/kcpham/133ws/install/hw3code
[2.325s] DEBUG:colcon.colcon_core.event_handler.log_command:Invoking command in '/home/kcpham/133ws/build/hw5code': PYTHONPATH=/home/kcpham/133ws/install/hw5code/lib/python3.10/site-packages:${PYTHONPATH} /usr/bin/python3 setup.py develop --prefix /home/kcpham/133ws/install/hw5code --editable --build-directory /home/kcpham/133ws/build/hw5code/build --no-deps install_data --install-dir /home/kcpham/133ws/install/hw5code
[2.335s] DEBUG:colcon.colcon_core.event_handler.log_command:Invoking command in '/home/kcpham/133ws/build/hw4code': PYTHONPATH=/home/kcpham/133ws/install/hw4code/lib/python3.10/site-packages:${PYTHONPATH} /usr/bin/python3 setup.py develop --prefix /home/kcpham/133ws/install/hw4code --editable --build-directory /home/kcpham/133ws/build/hw4code/build --no-deps install_data --install-dir /home/kcpham/133ws/install/hw4code
[2.729s] DEBUG:colcon.colcon_core.event_handler.log_command:Invoking command in '/home/kcpham/133ws/build/hw6code': PYTHONPATH=/home/kcpham/133ws/install/hw6code/lib/python3.10/site-packages:${PYTHONPATH} /usr/bin/python3 setup.py develop --prefix /home/kcpham/133ws/install/hw6code --editable --build-directory /home/kcpham/133ws/build/hw6code/build --no-deps install_data --install-dir /home/kcpham/133ws/install/hw6code
[2.798s] Level 1:colcon.colcon_core.shell:create_environment_hook('hw4code', 'pythonpath_develop')
[2.801s] INFO:colcon.colcon_core.shell:Creating environment hook '/home/kcpham/133ws/build/hw4code/share/hw4code/hook/pythonpath_develop.ps1'
[2.804s] DEBUG:colcon.colcon_core.event_handler.log_command:Invoked command in '/home/kcpham/133ws/build/hw4code' returned '0': PYTHONPATH=/home/kcpham/133ws/install/hw4code/lib/python3.10/site-packages:${PYTHONPATH} /usr/bin/python3 setup.py develop --prefix /home/kcpham/133ws/install/hw4code --editable --build-directory /home/kcpham/133ws/build/hw4code/build --no-deps install_data --install-dir /home/kcpham/133ws/install/hw4code
[2.804s] INFO:colcon.colcon_core.shell:Creating environment descriptor '/home/kcpham/133ws/build/hw4code/share/hw4code/hook/pythonpath_develop.dsv'
[2.806s] INFO:colcon.colcon_core.shell:Creating environment hook '/home/kcpham/133ws/build/hw4code/share/hw4code/hook/pythonpath_develop.sh'
[2.810s] Level 1:colcon.colcon_core.environment:checking '/home/kcpham/133ws/install/hw4code' for CMake module files
[2.811s] Level 1:colcon.colcon_core.environment:checking '/home/kcpham/133ws/install/hw4code' for CMake config files
[2.812s] Level 1:colcon.colcon_core.environment:checking '/home/kcpham/133ws/install/hw4code/lib'
[2.812s] Level 1:colcon.colcon_core.environment:checking '/home/kcpham/133ws/install/hw4code/bin'
[2.812s] Level 1:colcon.colcon_core.environment:checking '/home/kcpham/133ws/install/hw4code/lib/pkgconfig/hw4code.pc'
[2.812s] Level 1:colcon.colcon_core.environment:checking '/home/kcpham/133ws/install/hw4code/lib/python3.10/site-packages'
[2.812s] Level 1:colcon.colcon_core.shell:create_environment_hook('hw4code', 'pythonpath')
[2.813s] INFO:colcon.colcon_core.shell:Creating environment hook '/home/kcpham/133ws/install/hw4code/share/hw4code/hook/pythonpath.ps1'
[2.814s] INFO:colcon.colcon_core.shell:Creating environment descriptor '/home/kcpham/133ws/install/hw4code/share/hw4code/hook/pythonpath.dsv'
[2.814s] INFO:colcon.colcon_core.shell:Creating environment hook '/home/kcpham/133ws/install/hw4code/share/hw4code/hook/pythonpath.sh'
[2.815s] Level 1:colcon.colcon_core.environment:checking '/home/kcpham/133ws/install/hw4code/bin'
[2.815s] Level 1:colcon.colcon_core.environment:create_environment_scripts_only(hw4code)
[2.816s] INFO:colcon.colcon_core.shell:Creating package script '/home/kcpham/133ws/install/hw4code/share/hw4code/package.ps1'
[2.817s] INFO:colcon.colcon_core.shell:Creating package descriptor '/home/kcpham/133ws/install/hw4code/share/hw4code/package.dsv'
[2.818s] INFO:colcon.colcon_core.shell:Creating package script '/home/kcpham/133ws/install/hw4code/share/hw4code/package.sh'
[2.818s] INFO:colcon.colcon_core.shell:Creating package script '/home/kcpham/133ws/install/hw4code/share/hw4code/package.bash'
[2.819s] INFO:colcon.colcon_core.shell:Creating package script '/home/kcpham/133ws/install/hw4code/share/hw4code/package.zsh'
[2.819s] Level 1:colcon.colcon_core.environment:create_file_with_runtime_dependencies(/home/kcpham/133ws/install/hw4code/share/colcon-core/packages/hw4code)
[2.868s] Level 1:colcon.colcon_core.shell:create_environment_hook('hw5code', 'pythonpath_develop')
[2.870s] INFO:colcon.colcon_core.shell:Creating environment hook '/home/kcpham/133ws/build/hw5code/share/hw5code/hook/pythonpath_develop.ps1'
[2.871s] DEBUG:colcon.colcon_core.event_handler.log_command:Invoked command in '/home/kcpham/133ws/build/hw5code' returned '0': PYTHONPATH=/home/kcpham/133ws/install/hw5code/lib/python3.10/site-packages:${PYTHONPATH} /usr/bin/python3 setup.py develop --prefix /home/kcpham/133ws/install/hw5code --editable --build-directory /home/kcpham/133ws/build/hw5code/build --no-deps install_data --install-dir /home/kcpham/133ws/install/hw5code
[2.871s] INFO:colcon.colcon_core.shell:Creating environment descriptor '/home/kcpham/133ws/build/hw5code/share/hw5code/hook/pythonpath_develop.dsv'
[2.872s] INFO:colcon.colcon_core.shell:Creating environment hook '/home/kcpham/133ws/build/hw5code/share/hw5code/hook/pythonpath_develop.sh'
[2.874s] Level 1:colcon.colcon_core.environment:checking '/home/kcpham/133ws/install/hw5code' for CMake module files
[2.874s] Level 1:colcon.colcon_core.environment:checking '/home/kcpham/133ws/install/hw5code' for CMake config files
[2.875s] Level 1:colcon.colcon_core.environment:checking '/home/kcpham/133ws/install/hw5code/lib'
[2.875s] Level 1:colcon.colcon_core.environment:checking '/home/kcpham/133ws/install/hw5code/bin'
[2.875s] Level 1:colcon.colcon_core.environment:checking '/home/kcpham/133ws/install/hw5code/lib/pkgconfig/hw5code.pc'
[2.875s] Level 1:colcon.colcon_core.environment:checking '/home/kcpham/133ws/install/hw5code/lib/python3.10/site-packages'
[2.875s] Level 1:colcon.colcon_core.shell:create_environment_hook('hw5code', 'pythonpath')
[2.876s] INFO:colcon.colcon_core.shell:Creating environment hook '/home/kcpham/133ws/install/hw5code/share/hw5code/hook/pythonpath.ps1'
[2.877s] INFO:colcon.colcon_core.shell:Creating environment descriptor '/home/kcpham/133ws/install/hw5code/share/hw5code/hook/pythonpath.dsv'
[2.877s] INFO:colcon.colcon_core.shell:Creating environment hook '/home/kcpham/133ws/install/hw5code/share/hw5code/hook/pythonpath.sh'
[2.878s] Level 1:colcon.colcon_core.environment:checking '/home/kcpham/133ws/install/hw5code/bin'
[2.878s] Level 1:colcon.colcon_core.environment:create_environment_scripts_only(hw5code)
[2.879s] INFO:colcon.colcon_core.shell:Creating package script '/home/kcpham/133ws/install/hw5code/share/hw5code/package.ps1'
[2.880s] INFO:colcon.colcon_core.shell:Creating package descriptor '/home/kcpham/133ws/install/hw5code/share/hw5code/package.dsv'
[2.880s] INFO:colcon.colcon_core.shell:Creating package script '/home/kcpham/133ws/install/hw5code/share/hw5code/package.sh'
[2.881s] INFO:colcon.colcon_core.shell:Creating package script '/home/kcpham/133ws/install/hw5code/share/hw5code/package.bash'
[2.881s] INFO:colcon.colcon_core.shell:Creating package script '/home/kcpham/133ws/install/hw5code/share/hw5code/package.zsh'
[2.882s] Level 1:colcon.colcon_core.environment:create_file_with_runtime_dependencies(/home/kcpham/133ws/install/hw5code/share/colcon-core/packages/hw5code)
[2.896s] Level 1:colcon.colcon_core.shell:create_environment_hook('hw3code', 'pythonpath_develop')
[2.898s] INFO:colcon.colcon_core.shell:Creating environment hook '/home/kcpham/133ws/build/hw3code/share/hw3code/hook/pythonpath_develop.ps1'
[2.899s] DEBUG:colcon.colcon_core.event_handler.log_command:Invoked command in '/home/kcpham/133ws/build/hw3code' returned '0': PYTHONPATH=/home/kcpham/133ws/install/hw3code/lib/python3.10/site-packages:${PYTHONPATH} /usr/bin/python3 setup.py develop --prefix /home/kcpham/133ws/install/hw3code --editable --build-directory /home/kcpham/133ws/build/hw3code/build --no-deps install_data --install-dir /home/kcpham/133ws/install/hw3code
[2.901s] INFO:colcon.colcon_core.shell:Creating environment descriptor '/home/kcpham/133ws/build/hw3code/share/hw3code/hook/pythonpath_develop.dsv'
[2.902s] INFO:colcon.colcon_core.shell:Creating environment hook '/home/kcpham/133ws/build/hw3code/share/hw3code/hook/pythonpath_develop.sh'
[2.904s] Level 1:colcon.colcon_core.environment:checking '/home/kcpham/133ws/install/hw3code' for CMake module files
[2.904s] Level 1:colcon.colcon_core.environment:checking '/home/kcpham/133ws/install/hw3code' for CMake config files
[2.904s] Level 1:colcon.colcon_core.environment:checking '/home/kcpham/133ws/install/hw3code/lib'
[2.905s] Level 1:colcon.colcon_core.environment:checking '/home/kcpham/133ws/install/hw3code/bin'
[2.905s] Level 1:colcon.colcon_core.environment:checking '/home/kcpham/133ws/install/hw3code/lib/pkgconfig/hw3code.pc'
[2.905s] Level 1:colcon.colcon_core.environment:checking '/home/kcpham/133ws/install/hw3code/lib/python3.10/site-packages'
[2.905s] Level 1:colcon.colcon_core.shell:create_environment_hook('hw3code', 'pythonpath')
[2.906s] INFO:colcon.colcon_core.shell:Creating environment hook '/home/kcpham/133ws/install/hw3code/share/hw3code/hook/pythonpath.ps1'
[2.906s] INFO:colcon.colcon_core.shell:Creating environment descriptor '/home/kcpham/133ws/install/hw3code/share/hw3code/hook/pythonpath.dsv'
[2.907s] INFO:colcon.colcon_core.shell:Creating environment hook '/home/kcpham/133ws/install/hw3code/share/hw3code/hook/pythonpath.sh'
[2.907s] Level 1:colcon.colcon_core.environment:checking '/home/kcpham/133ws/install/hw3code/bin'
[2.907s] Level 1:colcon.colcon_core.environment:create_environment_scripts_only(hw3code)
[2.909s] INFO:colcon.colcon_core.shell:Creating package script '/home/kcpham/133ws/install/hw3code/share/hw3code/package.ps1'
[2.909s] INFO:colcon.colcon_core.shell:Creating package descriptor '/home/kcpham/133ws/install/hw3code/share/hw3code/package.dsv'
[2.910s] INFO:colcon.colcon_core.shell:Creating package script '/home/kcpham/133ws/install/hw3code/share/hw3code/package.sh'
[2.910s] INFO:colcon.colcon_core.shell:Creating package script '/home/kcpham/133ws/install/hw3code/share/hw3code/package.bash'
[2.911s] INFO:colcon.colcon_core.shell:Creating package script '/home/kcpham/133ws/install/hw3code/share/hw3code/package.zsh'
[2.911s] Level 1:colcon.colcon_core.environment:create_file_with_runtime_dependencies(/home/kcpham/133ws/install/hw3code/share/colcon-core/packages/hw3code)
[3.166s] Level 1:colcon.colcon_core.shell:create_environment_hook('hw6code', 'pythonpath_develop')
[3.168s] INFO:colcon.colcon_core.shell:Creating environment hook '/home/kcpham/133ws/build/hw6code/share/hw6code/hook/pythonpath_develop.ps1'
[3.168s] DEBUG:colcon.colcon_core.event_handler.log_command:Invoked command in '/home/kcpham/133ws/build/hw6code' returned '0': PYTHONPATH=/home/kcpham/133ws/install/hw6code/lib/python3.10/site-packages:${PYTHONPATH} /usr/bin/python3 setup.py develop --prefix /home/kcpham/133ws/install/hw6code --editable --build-directory /home/kcpham/133ws/build/hw6code/build --no-deps install_data --install-dir /home/kcpham/133ws/install/hw6code
[3.169s] INFO:colcon.colcon_core.shell:Creating environment descriptor '/home/kcpham/133ws/build/hw6code/share/hw6code/hook/pythonpath_develop.dsv'
[3.169s] INFO:colcon.colcon_core.shell:Creating environment hook '/home/kcpham/133ws/build/hw6code/share/hw6code/hook/pythonpath_develop.sh'
[3.170s] Level 1:colcon.colcon_core.environment:checking '/home/kcpham/133ws/install/hw6code' for CMake module files
[3.170s] Level 1:colcon.colcon_core.environment:checking '/home/kcpham/133ws/install/hw6code' for CMake config files
[3.171s] Level 1:colcon.colcon_core.environment:checking '/home/kcpham/133ws/install/hw6code/lib'
[3.171s] Level 1:colcon.colcon_core.environment:checking '/home/kcpham/133ws/install/hw6code/bin'
[3.171s] Level 1:colcon.colcon_core.environment:checking '/home/kcpham/133ws/install/hw6code/lib/pkgconfig/hw6code.pc'
[3.171s] Level 1:colcon.colcon_core.environment:checking '/home/kcpham/133ws/install/hw6code/lib/python3.10/site-packages'
[3.171s] Level 1:colcon.colcon_core.shell:create_environment_hook('hw6code', 'pythonpath')
[3.172s] INFO:colcon.colcon_core.shell:Creating environment hook '/home/kcpham/133ws/install/hw6code/share/hw6code/hook/pythonpath.ps1'
[3.172s] INFO:colcon.colcon_core.shell:Creating environment descriptor '/home/kcpham/133ws/install/hw6code/share/hw6code/hook/pythonpath.dsv'
[3.172s] INFO:colcon.colcon_core.shell:Creating environment hook '/home/kcpham/133ws/install/hw6code/share/hw6code/hook/pythonpath.sh'
[3.173s] Level 1:colcon.colcon_core.environment:checking '/home/kcpham/133ws/install/hw6code/bin'
[3.173s] Level 1:colcon.colcon_core.environment:create_environment_scripts_only(hw6code)
[3.174s] INFO:colcon.colcon_core.shell:Creating package script '/home/kcpham/133ws/install/hw6code/share/hw6code/package.ps1'
[3.174s] INFO:colcon.colcon_core.shell:Creating package descriptor '/home/kcpham/133ws/install/hw6code/share/hw6code/package.dsv'
[3.174s] INFO:colcon.colcon_core.shell:Creating package script '/home/kcpham/133ws/install/hw6code/share/hw6code/package.sh'
[3.174s] INFO:colcon.colcon_core.shell:Creating package script '/home/kcpham/133ws/install/hw6code/share/hw6code/package.bash'
[3.175s] INFO:colcon.colcon_core.shell:Creating package script '/home/kcpham/133ws/install/hw6code/share/hw6code/package.zsh'
[3.175s] Level 1:colcon.colcon_core.environment:create_file_with_runtime_dependencies(/home/kcpham/133ws/install/hw6code/share/colcon-core/packages/hw6code)
[3.175s] DEBUG:colcon.colcon_parallel_executor.executor.parallel:closing loop
[3.175s] DEBUG:colcon.colcon_parallel_executor.executor.parallel:loop closed
[3.175s] DEBUG:colcon.colcon_parallel_executor.executor.parallel:run_until_complete finished with '0'
[3.175s] DEBUG:colcon.colcon_core.event_reactor:joining thread
[3.200s] INFO:colcon.colcon_core.plugin_system:Skipping extension 'colcon_notification.desktop_notification.terminal_notifier': Not used on non-Darwin systems
[3.201s] INFO:colcon.colcon_core.plugin_system:Skipping extension 'colcon_notification.desktop_notification.win32': Not used on non-Windows systems
[3.201s] INFO:colcon.colcon_notification.desktop_notification:Sending desktop notification using 'notify2'
[3.224s] DEBUG:colcon.colcon_core.event_reactor:joined thread
[3.226s] INFO:colcon.colcon_core.shell:Creating prefix script '/home/kcpham/133ws/install/local_setup.ps1'
[3.227s] INFO:colcon.colcon_core.shell:Creating prefix util module '/home/kcpham/133ws/install/_local_setup_util_ps1.py'
[3.229s] INFO:colcon.colcon_core.shell:Creating prefix chain script '/home/kcpham/133ws/install/setup.ps1'
[3.231s] INFO:colcon.colcon_core.shell:Creating prefix script '/home/kcpham/133ws/install/local_setup.sh'
[3.232s] INFO:colcon.colcon_core.shell:Creating prefix util module '/home/kcpham/133ws/install/_local_setup_util_sh.py'
[3.233s] INFO:colcon.colcon_core.shell:Creating prefix chain script '/home/kcpham/133ws/install/setup.sh'
[3.235s] INFO:colcon.colcon_core.shell:Creating prefix script '/home/kcpham/133ws/install/local_setup.bash'
[3.236s] INFO:colcon.colcon_core.shell:Creating prefix chain script '/home/kcpham/133ws/install/setup.bash'
[3.238s] INFO:colcon.colcon_core.shell:Creating prefix script '/home/kcpham/133ws/install/local_setup.zsh'
[3.239s] INFO:colcon.colcon_core.shell:Creating prefix chain script '/home/kcpham/133ws/install/setup.zsh'
