[0.008s] Invoking command in '/home/kcpham/133ws/build/atlas_description': /usr/bin/cmake /home/kcpham/133ws/src/atlas_description -DCMAKE_INSTALL_PREFIX=/home/kcpham/133ws/install/atlas_description
[0.258s] -- The C compiler identification is GNU 11.2.0
[0.434s] -- The CXX compiler identification is GNU 11.2.0
[0.466s] -- Detecting C compiler ABI info
[0.565s] -- Detecting C compiler ABI info - done
[0.570s] -- Check for working C compiler: /usr/bin/cc - skipped
[0.571s] -- Detecting C compile features
[0.574s] -- Detecting C compile features - done
[0.580s] -- Detecting CXX compiler ABI info
[0.675s] -- Detecting CXX compiler ABI info - done
[0.680s] -- Check for working CXX compiler: /usr/bin/c++ - skipped
[0.680s] -- Detecting CXX compile features
[0.681s] -- Detecting CXX compile features - done
[0.691s] [31mCMake Error at CMakeLists.txt:9 (find_package):
[0.691s]   By not providing "Findament_cmake.cmake" in CMAKE_MODULE_PATH this project
[0.691s]   has asked CMake to find a package configuration file provided by
[0.691s]   "ament_cmake", but CMake did not find one.
[0.692s] 
[0.692s]   Could not find a package configuration file provided by "ament_cmake" with
[0.692s]   any of the following names:
[0.692s] 
[0.692s]     ament_cmakeConfig.cmake
[0.692s]     ament_cmake-config.cmake
[0.692s] 
[0.692s]   Add the installation prefix of "ament_cmake" to CMAKE_PREFIX_PATH or set
[0.692s]   "ament_cmake_DIR" to a directory containing one of the above files.  If
[0.692s]   "ament_cmake" provides a separate development package or SDK, be sure it
[0.692s]   has been installed.
[0.692s] 
[0.692s] [0m
[0.692s] -- Configuring incomplete, errors occurred!
[0.692s] See also "/home/kcpham/133ws/build/atlas_description/CMakeFiles/CMakeOutput.log".
[0.696s] Invoked command in '/home/kcpham/133ws/build/atlas_description' returned '1': /usr/bin/cmake /home/kcpham/133ws/src/atlas_description -DCMAKE_INSTALL_PREFIX=/home/kcpham/133ws/install/atlas_description
