[1.572s] Invoking command in '/home/kcpham/133ws/build/hw4code': PYTHONPATH=/home/kcpham/133ws/install/hw4code/lib/python3.10/site-packages:${PYTHONPATH} /usr/bin/python3 setup.py develop --prefix /home/kcpham/133ws/install/hw4code --editable --build-directory /home/kcpham/133ws/build/hw4code/build --no-deps install_data --install-dir /home/kcpham/133ws/install/hw4code
[2.212s] running develop
[2.213s] /usr/lib/python3/dist-packages/setuptools/command/easy_install.py:158: EasyInstallDeprecationWarning: easy_install command is deprecated. Use build and pip and other standards-based tools.
[2.213s]   warnings.warn(
[2.213s] /usr/lib/python3/dist-packages/setuptools/command/install.py:34: SetuptoolsDeprecationWarning: setup.py install is deprecated. Use build and pip and other standards-based tools.
[2.213s]   warnings.warn(
[2.309s] /usr/lib/python3/dist-packages/pkg_resources/__init__.py:116: PkgResourcesDeprecationWarning: 1.1build1 is an invalid version and will not be supported in a future release
[2.309s]   warnings.warn(
[2.309s] /usr/lib/python3/dist-packages/pkg_resources/__init__.py:116: PkgResourcesDeprecationWarning: 0.1.43ubuntu1 is an invalid version and will not be supported in a future release
[2.309s]   warnings.warn(
[2.492s] running egg_info
[2.493s] writing hw4code.egg-info/PKG-INFO
[2.494s] writing dependency_links to hw4code.egg-info/dependency_links.txt
[2.495s] writing entry points to hw4code.egg-info/entry_points.txt
[2.496s] writing requirements to hw4code.egg-info/requires.txt
[2.498s] writing top-level names to hw4code.egg-info/top_level.txt
[2.504s] reading manifest file 'hw4code.egg-info/SOURCES.txt'
[2.506s] writing manifest file 'hw4code.egg-info/SOURCES.txt'
[2.509s] running build_ext
[2.510s] Creating /home/kcpham/133ws/install/hw4code/lib/python3.10/site-packages/hw4code.egg-link (link to .)
[2.512s] Installing hw3p3sol script to /home/kcpham/133ws/install/hw4code/lib/hw4code
[2.513s] Installing hw3p4sol script to /home/kcpham/133ws/install/hw4code/lib/hw4code
[2.513s] Installing hw3p5sol script to /home/kcpham/133ws/install/hw4code/lib/hw4code
[2.514s] Installing hw4p3 script to /home/kcpham/133ws/install/hw4code/lib/hw4code
[2.514s] Installing hw4p4 script to /home/kcpham/133ws/install/hw4code/lib/hw4code
[2.514s] 
[2.514s] Installed /home/kcpham/133ws/build/hw4code
[2.514s] running install_data
[2.582s] Invoked command in '/home/kcpham/133ws/build/hw4code' returned '0': PYTHONPATH=/home/kcpham/133ws/install/hw4code/lib/python3.10/site-packages:${PYTHONPATH} /usr/bin/python3 setup.py develop --prefix /home/kcpham/133ws/install/hw4code --editable --build-directory /home/kcpham/133ws/build/hw4code/build --no-deps install_data --install-dir /home/kcpham/133ws/install/hw4code
