running develop
running egg_info
writing hw5code.egg-info/PKG-INFO
writing dependency_links to hw5code.egg-info/dependency_links.txt
writing entry points to hw5code.egg-info/entry_points.txt
writing requirements to hw5code.egg-info/requires.txt
writing top-level names to hw5code.egg-info/top_level.txt
reading manifest file 'hw5code.egg-info/SOURCES.txt'
writing manifest file 'hw5code.egg-info/SOURCES.txt'
running build_ext
Creating /home/kcpham/133ws/install/hw5code/lib/python3.10/site-packages/hw5code.egg-link (link to .)
Installing KinematicChain script to /home/kcpham/133ws/install/hw5code/lib/hw5code
Installing hw4p3sol script to /home/kcpham/133ws/install/hw5code/lib/hw5code
Installing hw4p4sol script to /home/kcpham/133ws/install/hw5code/lib/hw5code
Installing hw5p1 script to /home/kcpham/133ws/install/hw5code/lib/hw5code
Installing hw5p2 script to /home/kcpham/133ws/install/hw5code/lib/hw5code
Installing hw5p2a script to /home/kcpham/133ws/install/hw5code/lib/hw5code
Installing hw5p2b script to /home/kcpham/133ws/install/hw5code/lib/hw5code
Installing hw5p3 script to /home/kcpham/133ws/install/hw5code/lib/hw5code
Installing hw5p4 script to /home/kcpham/133ws/install/hw5code/lib/hw5code

Installed /home/kcpham/133ws/build/hw5code
running install_data
