[1.681s] Invoking command in '/home/kcpham/133ws/build/hw5code': PYTHONPATH=/home/kcpham/133ws/install/hw5code/lib/python3.10/site-packages:${PYTHONPATH} /usr/bin/python3 setup.py develop --prefix /home/kcpham/133ws/install/hw5code --editable --build-directory /home/kcpham/133ws/build/hw5code/build --no-deps install_data --install-dir /home/kcpham/133ws/install/hw5code
[1.971s] running develop
[1.972s] /usr/lib/python3/dist-packages/setuptools/command/easy_install.py:158: EasyInstallDeprecationWarning: easy_install command is deprecated. Use build and pip and other standards-based tools.
[1.972s]   warnings.warn(
[1.978s] /usr/lib/python3/dist-packages/setuptools/command/install.py:34: SetuptoolsDeprecationWarning: setup.py install is deprecated. Use build and pip and other standards-based tools.
[1.978s]   warnings.warn(
[2.045s] /usr/lib/python3/dist-packages/pkg_resources/__init__.py:116: PkgResourcesDeprecationWarning: 1.1build1 is an invalid version and will not be supported in a future release
[2.045s]   warnings.warn(
[2.046s] /usr/lib/python3/dist-packages/pkg_resources/__init__.py:116: PkgResourcesDeprecationWarning: 0.1.43ubuntu1 is an invalid version and will not be supported in a future release
[2.046s]   warnings.warn(
[2.187s] running egg_info
[2.190s] writing hw5code.egg-info/PKG-INFO
[2.190s] writing dependency_links to hw5code.egg-info/dependency_links.txt
[2.190s] writing entry points to hw5code.egg-info/entry_points.txt
[2.190s] writing requirements to hw5code.egg-info/requires.txt
[2.190s] writing top-level names to hw5code.egg-info/top_level.txt
[2.195s] reading manifest file 'hw5code.egg-info/SOURCES.txt'
[2.219s] writing manifest file 'hw5code.egg-info/SOURCES.txt'
[2.219s] running build_ext
[2.219s] Creating /home/kcpham/133ws/install/hw5code/lib/python3.10/site-packages/hw5code.egg-link (link to .)
[2.219s] Installing KinematicChain script to /home/kcpham/133ws/install/hw5code/lib/hw5code
[2.219s] Installing hw4p3sol script to /home/kcpham/133ws/install/hw5code/lib/hw5code
[2.220s] Installing hw4p4sol script to /home/kcpham/133ws/install/hw5code/lib/hw5code
[2.220s] Installing hw5p1 script to /home/kcpham/133ws/install/hw5code/lib/hw5code
[2.221s] Installing hw5p2 script to /home/kcpham/133ws/install/hw5code/lib/hw5code
[2.221s] Installing hw5p2a script to /home/kcpham/133ws/install/hw5code/lib/hw5code
[2.221s] Installing hw5p2b script to /home/kcpham/133ws/install/hw5code/lib/hw5code
[2.221s] Installing hw5p3 script to /home/kcpham/133ws/install/hw5code/lib/hw5code
[2.221s] Installing hw5p4 script to /home/kcpham/133ws/install/hw5code/lib/hw5code
[2.221s] 
[2.221s] Installed /home/kcpham/133ws/build/hw5code
[2.221s] running install_data
[2.262s] Invoked command in '/home/kcpham/133ws/build/hw5code' returned '0': PYTHONPATH=/home/kcpham/133ws/install/hw5code/lib/python3.10/site-packages:${PYTHONPATH} /usr/bin/python3 setup.py develop --prefix /home/kcpham/133ws/install/hw5code --editable --build-directory /home/kcpham/133ws/build/hw5code/build --no-deps install_data --install-dir /home/kcpham/133ws/install/hw5code
