running develop
running egg_info
creating hw4code.egg-info
writing hw4code.egg-info/PKG-INFO
writing dependency_links to hw4code.egg-info/dependency_links.txt
writing entry points to hw4code.egg-info/entry_points.txt
writing requirements to hw4code.egg-info/requires.txt
writing top-level names to hw4code.egg-info/top_level.txt
writing manifest file 'hw4code.egg-info/SOURCES.txt'
reading manifest file 'hw4code.egg-info/SOURCES.txt'
writing manifest file 'hw4code.egg-info/SOURCES.txt'
running build_ext
Creating /home/kcpham/133ws/install/hw4code/lib/python3.10/site-packages/hw4code.egg-link (link to .)
Installing hw3p3sol script to /home/kcpham/133ws/install/hw4code/lib/hw4code
Installing hw3p4sol script to /home/kcpham/133ws/install/hw4code/lib/hw4code
Installing hw3p5sol script to /home/kcpham/133ws/install/hw4code/lib/hw4code
Installing hw4p3 script to /home/kcpham/133ws/install/hw4code/lib/hw4code
Installing hw4p4 script to /home/kcpham/133ws/install/hw4code/lib/hw4code

Installed /home/kcpham/133ws/build/hw4code
running install_data
creating /home/kcpham/133ws/install/hw4code/share/ament_index
creating /home/kcpham/133ws/install/hw4code/share/ament_index/resource_index
creating /home/kcpham/133ws/install/hw4code/share/ament_index/resource_index/packages
copying resource/hw4code -> /home/kcpham/133ws/install/hw4code/share/ament_index/resource_index/packages
copying package.xml -> /home/kcpham/133ws/install/hw4code/share/hw4code
