[0.935s] Invoking command in '/home/kcpham/133ws/build/hw4code': PYTHONPATH=/home/kcpham/133ws/install/hw4code/lib/python3.10/site-packages:${PYTHONPATH} /usr/bin/python3 setup.py develop --prefix /home/kcpham/133ws/install/hw4code --editable --build-directory /home/kcpham/133ws/build/hw4code/build --no-deps install_data --install-dir /home/kcpham/133ws/install/hw4code
[1.130s] running develop
[1.142s] /usr/lib/python3/dist-packages/setuptools/command/easy_install.py:158: EasyInstallDeprecationWarning: easy_install command is deprecated. Use build and pip and other standards-based tools.
[1.142s]   warnings.warn(
[1.142s] /usr/lib/python3/dist-packages/setuptools/command/install.py:34: SetuptoolsDeprecationWarning: setup.py install is deprecated. Use build and pip and other standards-based tools.
[1.143s]   warnings.warn(
[1.197s] /usr/lib/python3/dist-packages/pkg_resources/__init__.py:116: PkgResourcesDeprecationWarning: 1.1build1 is an invalid version and will not be supported in a future release
[1.197s]   warnings.warn(
[1.198s] /usr/lib/python3/dist-packages/pkg_resources/__init__.py:116: PkgResourcesDeprecationWarning: 0.1.43ubuntu1 is an invalid version and will not be supported in a future release
[1.198s]   warnings.warn(
[1.286s] running egg_info
[1.286s] creating hw4code.egg-info
[1.286s] writing hw4code.egg-info/PKG-INFO
[1.289s] writing dependency_links to hw4code.egg-info/dependency_links.txt
[1.289s] writing entry points to hw4code.egg-info/entry_points.txt
[1.289s] writing requirements to hw4code.egg-info/requires.txt
[1.289s] writing top-level names to hw4code.egg-info/top_level.txt
[1.289s] writing manifest file 'hw4code.egg-info/SOURCES.txt'
[1.292s] reading manifest file 'hw4code.egg-info/SOURCES.txt'
[1.293s] writing manifest file 'hw4code.egg-info/SOURCES.txt'
[1.294s] running build_ext
[1.294s] Creating /home/kcpham/133ws/install/hw4code/lib/python3.10/site-packages/hw4code.egg-link (link to .)
[1.295s] Installing hw3p3sol script to /home/kcpham/133ws/install/hw4code/lib/hw4code
[1.295s] Installing hw3p4sol script to /home/kcpham/133ws/install/hw4code/lib/hw4code
[1.295s] Installing hw3p5sol script to /home/kcpham/133ws/install/hw4code/lib/hw4code
[1.296s] Installing hw4p3 script to /home/kcpham/133ws/install/hw4code/lib/hw4code
[1.296s] Installing hw4p4 script to /home/kcpham/133ws/install/hw4code/lib/hw4code
[1.296s] 
[1.296s] Installed /home/kcpham/133ws/build/hw4code
[1.296s] running install_data
[1.296s] creating /home/kcpham/133ws/install/hw4code/share/ament_index
[1.296s] creating /home/kcpham/133ws/install/hw4code/share/ament_index/resource_index
[1.296s] creating /home/kcpham/133ws/install/hw4code/share/ament_index/resource_index/packages
[1.296s] copying resource/hw4code -> /home/kcpham/133ws/install/hw4code/share/ament_index/resource_index/packages
[1.296s] copying package.xml -> /home/kcpham/133ws/install/hw4code/share/hw4code
[1.333s] Invoked command in '/home/kcpham/133ws/build/hw4code' returned '0': PYTHONPATH=/home/kcpham/133ws/install/hw4code/lib/python3.10/site-packages:${PYTHONPATH} /usr/bin/python3 setup.py develop --prefix /home/kcpham/133ws/install/hw4code --editable --build-directory /home/kcpham/133ws/build/hw4code/build --no-deps install_data --install-dir /home/kcpham/133ws/install/hw4code
