running develop
/usr/lib/python3/dist-packages/setuptools/command/easy_install.py:158: EasyInstallDeprecationWarning: easy_install command is deprecated. Use build and pip and other standards-based tools.
  warnings.warn(
/usr/lib/python3/dist-packages/setuptools/command/install.py:34: SetuptoolsDeprecationWarning: setup.py install is deprecated. Use build and pip and other standards-based tools.
  warnings.warn(
/usr/lib/python3/dist-packages/pkg_resources/__init__.py:116: PkgResourcesDeprecationWarning: 1.1build1 is an invalid version and will not be supported in a future release
  warnings.warn(
/usr/lib/python3/dist-packages/pkg_resources/__init__.py:116: PkgResourcesDeprecationWarning: 0.1.43ubuntu1 is an invalid version and will not be supported in a future release
  warnings.warn(
running egg_info
creating hw3code.egg-info
writing hw3code.egg-info/PKG-INFO
writing dependency_links to hw3code.egg-info/dependency_links.txt
writing entry points to hw3code.egg-info/entry_points.txt
writing requirements to hw3code.egg-info/requires.txt
writing top-level names to hw3code.egg-info/top_level.txt
writing manifest file 'hw3code.egg-info/SOURCES.txt'
reading manifest file 'hw3code.egg-info/SOURCES.txt'
writing manifest file 'hw3code.egg-info/SOURCES.txt'
running build_ext
Creating /home/kcpham/133ws/install/hw3code/lib/python3.10/site-packages/hw3code.egg-link (link to .)
Installing hw3p3 script to /home/kcpham/133ws/install/hw3code/lib/hw3code
Installing hw3p4 script to /home/kcpham/133ws/install/hw3code/lib/hw3code
Installing hw3p5 script to /home/kcpham/133ws/install/hw3code/lib/hw3code

Installed /home/kcpham/133ws/build/hw3code
running install_data
creating /home/kcpham/133ws/install/hw3code/share/ament_index
creating /home/kcpham/133ws/install/hw3code/share/ament_index/resource_index
creating /home/kcpham/133ws/install/hw3code/share/ament_index/resource_index/packages
copying resource/hw3code -> /home/kcpham/133ws/install/hw3code/share/ament_index/resource_index/packages
copying package.xml -> /home/kcpham/133ws/install/hw3code/share/hw3code
