[0.688s] Invoking command in '/home/kcpham/133ws/build/hw3code': PYTHONPATH=/home/kcpham/133ws/install/hw3code/lib/python3.10/site-packages:${PYTHONPATH} /usr/bin/python3 setup.py develop --prefix /home/kcpham/133ws/install/hw3code --editable --build-directory /home/kcpham/133ws/build/hw3code/build --no-deps install_data --install-dir /home/kcpham/133ws/install/hw3code
[0.888s] running develop
[0.891s] /usr/lib/python3/dist-packages/setuptools/command/easy_install.py:158: EasyInstallDeprecationWarning: easy_install command is deprecated. Use build and pip and other standards-based tools.
[0.891s]   warnings.warn(
[0.892s] /usr/lib/python3/dist-packages/setuptools/command/install.py:34: SetuptoolsDeprecationWarning: setup.py install is deprecated. Use build and pip and other standards-based tools.
[0.892s]   warnings.warn(
[0.941s] /usr/lib/python3/dist-packages/pkg_resources/__init__.py:116: PkgResourcesDeprecationWarning: 1.1build1 is an invalid version and will not be supported in a future release
[0.942s]   warnings.warn(
[0.942s] /usr/lib/python3/dist-packages/pkg_resources/__init__.py:116: PkgResourcesDeprecationWarning: 0.1.43ubuntu1 is an invalid version and will not be supported in a future release
[0.942s]   warnings.warn(
[1.017s] running egg_info
[1.017s] creating hw3code.egg-info
[1.017s] writing hw3code.egg-info/PKG-INFO
[1.017s] writing dependency_links to hw3code.egg-info/dependency_links.txt
[1.017s] writing entry points to hw3code.egg-info/entry_points.txt
[1.018s] writing requirements to hw3code.egg-info/requires.txt
[1.018s] writing top-level names to hw3code.egg-info/top_level.txt
[1.018s] writing manifest file 'hw3code.egg-info/SOURCES.txt'
[1.018s] reading manifest file 'hw3code.egg-info/SOURCES.txt'
[1.018s] writing manifest file 'hw3code.egg-info/SOURCES.txt'
[1.019s] running build_ext
[1.019s] Creating /home/kcpham/133ws/install/hw3code/lib/python3.10/site-packages/hw3code.egg-link (link to .)
[1.020s] Installing hw3p3 script to /home/kcpham/133ws/install/hw3code/lib/hw3code
[1.021s] Installing hw3p4 script to /home/kcpham/133ws/install/hw3code/lib/hw3code
[1.021s] Installing hw3p5 script to /home/kcpham/133ws/install/hw3code/lib/hw3code
[1.021s] 
[1.021s] Installed /home/kcpham/133ws/build/hw3code
[1.021s] running install_data
[1.021s] creating /home/kcpham/133ws/install/hw3code/share/ament_index
[1.021s] creating /home/kcpham/133ws/install/hw3code/share/ament_index/resource_index
[1.021s] creating /home/kcpham/133ws/install/hw3code/share/ament_index/resource_index/packages
[1.021s] copying resource/hw3code -> /home/kcpham/133ws/install/hw3code/share/ament_index/resource_index/packages
[1.021s] copying package.xml -> /home/kcpham/133ws/install/hw3code/share/hw3code
[1.050s] Invoked command in '/home/kcpham/133ws/build/hw3code' returned '0': PYTHONPATH=/home/kcpham/133ws/install/hw3code/lib/python3.10/site-packages:${PYTHONPATH} /usr/bin/python3 setup.py develop --prefix /home/kcpham/133ws/install/hw3code --editable --build-directory /home/kcpham/133ws/build/hw3code/build --no-deps install_data --install-dir /home/kcpham/133ws/install/hw3code
