running develop
/usr/lib/python3/dist-packages/setuptools/command/easy_install.py:158: EasyInstallDeprecationWarning: easy_install command is deprecated. Use build and pip and other standards-based tools.
  warnings.warn(
/usr/lib/python3/dist-packages/setuptools/command/install.py:34: SetuptoolsDeprecationWarning: setup.py install is deprecated. Use build and pip and other standards-based tools.
  warnings.warn(
/usr/lib/python3/dist-packages/pkg_resources/__init__.py:116: PkgResourcesDeprecationWarning: 1.1build1 is an invalid version and will not be supported in a future release
  warnings.warn(
/usr/lib/python3/dist-packages/pkg_resources/__init__.py:116: PkgResourcesDeprecationWarning: 0.1.43ubuntu1 is an invalid version and will not be supported in a future release
  warnings.warn(
running egg_info
writing hw4code.egg-info/PKG-INFO
writing dependency_links to hw4code.egg-info/dependency_links.txt
writing entry points to hw4code.egg-info/entry_points.txt
writing requirements to hw4code.egg-info/requires.txt
writing top-level names to hw4code.egg-info/top_level.txt
reading manifest file 'hw4code.egg-info/SOURCES.txt'
writing manifest file 'hw4code.egg-info/SOURCES.txt'
running build_ext
Creating /home/kcpham/133ws/install/hw4code/lib/python3.10/site-packages/hw4code.egg-link (link to .)
Installing hw3p3sol script to /home/kcpham/133ws/install/hw4code/lib/hw4code
Installing hw3p4sol script to /home/kcpham/133ws/install/hw4code/lib/hw4code
Installing hw3p5sol script to /home/kcpham/133ws/install/hw4code/lib/hw4code
Installing hw4p3 script to /home/kcpham/133ws/install/hw4code/lib/hw4code
Installing hw4p4 script to /home/kcpham/133ws/install/hw4code/lib/hw4code

Installed /home/kcpham/133ws/build/hw4code
running install_data
