[1.321s] Invoking command in '/home/kcpham/133ws/build/hw4code': PYTHONPATH=/home/kcpham/133ws/install/hw4code/lib/python3.10/site-packages:${PYTHONPATH} /usr/bin/python3 setup.py develop --prefix /home/kcpham/133ws/install/hw4code --editable --build-directory /home/kcpham/133ws/build/hw4code/build --no-deps install_data --install-dir /home/kcpham/133ws/install/hw4code
[1.567s] running develop
[1.567s] /usr/lib/python3/dist-packages/setuptools/command/easy_install.py:158: EasyInstallDeprecationWarning: easy_install command is deprecated. Use build and pip and other standards-based tools.
[1.567s]   warnings.warn(
[1.569s] /usr/lib/python3/dist-packages/setuptools/command/install.py:34: SetuptoolsDeprecationWarning: setup.py install is deprecated. Use build and pip and other standards-based tools.
[1.569s]   warnings.warn(
[1.632s] /usr/lib/python3/dist-packages/pkg_resources/__init__.py:116: PkgResourcesDeprecationWarning: 1.1build1 is an invalid version and will not be supported in a future release
[1.632s]   warnings.warn(
[1.633s] /usr/lib/python3/dist-packages/pkg_resources/__init__.py:116: PkgResourcesDeprecationWarning: 0.1.43ubuntu1 is an invalid version and will not be supported in a future release
[1.633s]   warnings.warn(
[1.736s] running egg_info
[1.737s] writing hw4code.egg-info/PKG-INFO
[1.739s] writing dependency_links to hw4code.egg-info/dependency_links.txt
[1.743s] writing entry points to hw4code.egg-info/entry_points.txt
[1.744s] writing requirements to hw4code.egg-info/requires.txt
[1.745s] writing top-level names to hw4code.egg-info/top_level.txt
[1.749s] reading manifest file 'hw4code.egg-info/SOURCES.txt'
[1.751s] writing manifest file 'hw4code.egg-info/SOURCES.txt'
[1.753s] running build_ext
[1.754s] Creating /home/kcpham/133ws/install/hw4code/lib/python3.10/site-packages/hw4code.egg-link (link to .)
[1.755s] Installing hw3p3sol script to /home/kcpham/133ws/install/hw4code/lib/hw4code
[1.755s] Installing hw3p4sol script to /home/kcpham/133ws/install/hw4code/lib/hw4code
[1.755s] Installing hw3p5sol script to /home/kcpham/133ws/install/hw4code/lib/hw4code
[1.757s] Installing hw4p3 script to /home/kcpham/133ws/install/hw4code/lib/hw4code
[1.757s] Installing hw4p4 script to /home/kcpham/133ws/install/hw4code/lib/hw4code
[1.757s] 
[1.757s] Installed /home/kcpham/133ws/build/hw4code
[1.757s] running install_data
[1.789s] Invoked command in '/home/kcpham/133ws/build/hw4code' returned '0': PYTHONPATH=/home/kcpham/133ws/install/hw4code/lib/python3.10/site-packages:${PYTHONPATH} /usr/bin/python3 setup.py develop --prefix /home/kcpham/133ws/install/hw4code --editable --build-directory /home/kcpham/133ws/build/hw4code/build --no-deps install_data --install-dir /home/kcpham/133ws/install/hw4code
