[0.013s] Invoking command in '/home/kcpham/133ws/build/atlas_description': /usr/bin/cmake /home/kcpham/133ws/src/atlas_description -DCMAKE_INSTALL_PREFIX=/home/kcpham/133ws/install/atlas_description
[0.031s] [31mCMake Error at CMakeLists.txt:9 (find_package):
[0.031s]   By not providing "Findament_cmake.cmake" in CMAKE_MODULE_PATH this project
[0.031s]   has asked CMake to find a package configuration file provided by
[0.031s]   "ament_cmake", but CMake did not find one.
[0.031s] 
[0.031s]   Could not find a package configuration file provided by "ament_cmake" with
[0.031s]   any of the following names:
[0.031s] 
[0.032s]     ament_cmakeConfig.cmake
[0.032s]     ament_cmake-config.cmake
[0.042s] 
[0.047s]   Add the installation prefix of "ament_cmake" to CMAKE_PREFIX_PATH or set
[0.047s]   "ament_cmake_DIR" to a directory containing one of the above files.  If
[0.047s]   "ament_cmake" provides a separate development package or SDK, be sure it
[0.047s]   has been installed.
[0.047s] 
[0.048s] [0m
[0.049s] -- Configuring incomplete, errors occurred!
[0.049s] See also "/home/kcpham/133ws/build/atlas_description/CMakeFiles/CMakeOutput.log".
[0.049s] Invoked command in '/home/kcpham/133ws/build/atlas_description' returned '1': /usr/bin/cmake /home/kcpham/133ws/src/atlas_description -DCMAKE_INSTALL_PREFIX=/home/kcpham/133ws/install/atlas_description
